CRITICAL - 2021-12-18 02:53:56 --> Undefined array key "cbt_admin_session"
#0 D:\xampp\htdocs\cbt_app_server\admin\app\Views\includes\top_bar.php(25): CodeIgniter\Debug\Exceptions->errorHandler(2, 'Undefined array...', 'D:\\xampp\\htdocs...', 25)
#1 D:\xampp\htdocs\cbt_app_server\admin\system\View\View.php(214): include('D:\\xampp\\htdocs...')
#2 D:\xampp\htdocs\cbt_app_server\admin\system\View\View.php(217): CodeIgniter\View\View->CodeIgniter\View\{closure}()
#3 D:\xampp\htdocs\cbt_app_server\admin\system\View\View.php(432): CodeIgniter\View\View->render('includes/top_ba...', NULL, true)
#4 D:\xampp\htdocs\cbt_app_server\admin\app\Views\dashboard.php(34): CodeIgniter\View\View->include('includes/top_ba...')
#5 D:\xampp\htdocs\cbt_app_server\admin\system\View\View.php(214): include('D:\\xampp\\htdocs...')
#6 D:\xampp\htdocs\cbt_app_server\admin\system\View\View.php(217): CodeIgniter\View\View->CodeIgniter\View\{closure}()
#7 D:\xampp\htdocs\cbt_app_server\admin\system\Common.php(1097): CodeIgniter\View\View->render('dashboard', Array, true)
#8 D:\xampp\htdocs\cbt_app_server\admin\app\Controllers\Dashboard.php(32): view('dashboard', Array)
#9 D:\xampp\htdocs\cbt_app_server\admin\system\CodeIgniter.php(824): App\Controllers\Dashboard->index()
#10 D:\xampp\htdocs\cbt_app_server\admin\system\CodeIgniter.php(410): CodeIgniter\CodeIgniter->runController(Object(App\Controllers\Dashboard))
#11 D:\xampp\htdocs\cbt_app_server\admin\system\CodeIgniter.php(318): CodeIgniter\CodeIgniter->handleRequest(NULL, Object(Config\Cache), false)
#12 D:\xampp\htdocs\cbt_app_server\admin\index.php(37): CodeIgniter\CodeIgniter->run()
#13 {main}
CRITICAL - 2021-12-18 11:50:29 --> Undefined array key "cbt_admin_session"
#0 D:\xampp\htdocs\cbt_app_server\admin\app\Views\includes\top_bar.php(25): CodeIgniter\Debug\Exceptions->errorHandler(2, 'Undefined array...', 'D:\\xampp\\htdocs...', 25)
#1 D:\xampp\htdocs\cbt_app_server\admin\system\View\View.php(214): include('D:\\xampp\\htdocs...')
#2 D:\xampp\htdocs\cbt_app_server\admin\system\View\View.php(217): CodeIgniter\View\View->CodeIgniter\View\{closure}()
#3 D:\xampp\htdocs\cbt_app_server\admin\system\View\View.php(432): CodeIgniter\View\View->render('includes/top_ba...', NULL, true)
#4 D:\xampp\htdocs\cbt_app_server\admin\app\Views\dashboard.php(34): CodeIgniter\View\View->include('includes/top_ba...')
#5 D:\xampp\htdocs\cbt_app_server\admin\system\View\View.php(214): include('D:\\xampp\\htdocs...')
#6 D:\xampp\htdocs\cbt_app_server\admin\system\View\View.php(217): CodeIgniter\View\View->CodeIgniter\View\{closure}()
#7 D:\xampp\htdocs\cbt_app_server\admin\system\Common.php(1097): CodeIgniter\View\View->render('dashboard', Array, true)
#8 D:\xampp\htdocs\cbt_app_server\admin\app\Controllers\Dashboard.php(32): view('dashboard', Array)
#9 D:\xampp\htdocs\cbt_app_server\admin\system\CodeIgniter.php(824): App\Controllers\Dashboard->index()
#10 D:\xampp\htdocs\cbt_app_server\admin\system\CodeIgniter.php(410): CodeIgniter\CodeIgniter->runController(Object(App\Controllers\Dashboard))
#11 D:\xampp\htdocs\cbt_app_server\admin\system\CodeIgniter.php(318): CodeIgniter\CodeIgniter->handleRequest(NULL, Object(Config\Cache), false)
#12 D:\xampp\htdocs\cbt_app_server\admin\index.php(37): CodeIgniter\CodeIgniter->run()
#13 {main}
CRITICAL - 2021-12-18 12:56:05 --> syntax error, unexpected token ";", expecting "]"
#0 D:\xampp\htdocs\cbt_app_server\admin\system\Router\Router.php(176): CodeIgniter\Router\Router->autoRoute('users/profile/U...')
#1 D:\xampp\htdocs\cbt_app_server\admin\system\CodeIgniter.php(718): CodeIgniter\Router\Router->handle('users/profile/U...')
#2 D:\xampp\htdocs\cbt_app_server\admin\system\CodeIgniter.php(359): CodeIgniter\CodeIgniter->tryToRouteIt(Object(CodeIgniter\Router\RouteCollection))
#3 D:\xampp\htdocs\cbt_app_server\admin\system\CodeIgniter.php(318): CodeIgniter\CodeIgniter->handleRequest(NULL, Object(Config\Cache), false)
#4 D:\xampp\htdocs\cbt_app_server\admin\index.php(37): CodeIgniter\CodeIgniter->run()
#5 {main}
CRITICAL - 2021-12-18 12:58:38 --> Undefined property: App\Controllers\Users::$input
#0 D:\xampp\htdocs\cbt_app_server\admin\app\Controllers\Users.php(217): CodeIgniter\Debug\Exceptions->errorHandler(2, 'Undefined prope...', 'D:\\xampp\\htdocs...', 217)
#1 D:\xampp\htdocs\cbt_app_server\admin\system\CodeIgniter.php(824): App\Controllers\Users->change_password()
#2 D:\xampp\htdocs\cbt_app_server\admin\system\CodeIgniter.php(410): CodeIgniter\CodeIgniter->runController(Object(App\Controllers\Users))
#3 D:\xampp\htdocs\cbt_app_server\admin\system\CodeIgniter.php(318): CodeIgniter\CodeIgniter->handleRequest(NULL, Object(Config\Cache), false)
#4 D:\xampp\htdocs\cbt_app_server\admin\index.php(37): CodeIgniter\CodeIgniter->run()
#5 {main}
