CRITICAL - 2021-12-01 01:04:40 --> Undefined index: cbt_admin_session
#0 D:\WampServer\www\cbt_app\app\Views\includes\top_bar.php(25): CodeIgniter\Debug\Exceptions->errorHandler(8, 'Undefined index...', 'D:\\WampServer\\w...', 25, Array)
#1 D:\WampServer\www\cbt_app\system\View\View.php(214): include('D:\\WampServer\\w...')
#2 D:\WampServer\www\cbt_app\system\View\View.php(217): CodeIgniter\View\View->CodeIgniter\View\{closure}()
#3 D:\WampServer\www\cbt_app\system\View\View.php(432): CodeIgniter\View\View->render('includes/top_ba...', NULL, true)
#4 D:\WampServer\www\cbt_app\app\Views\classes\list_of_classes.php(36): CodeIgniter\View\View->include('includes/top_ba...')
#5 D:\WampServer\www\cbt_app\system\View\View.php(214): include('D:\\WampServer\\w...')
#6 D:\WampServer\www\cbt_app\system\View\View.php(217): CodeIgniter\View\View->CodeIgniter\View\{closure}()
#7 D:\WampServer\www\cbt_app\system\Common.php(1097): CodeIgniter\View\View->render('classes/list_of...', Array, true)
#8 D:\WampServer\www\cbt_app\app\Controllers\Classes.php(9): view('classes/list_of...')
#9 D:\WampServer\www\cbt_app\system\CodeIgniter.php(824): App\Controllers\Classes->index()
#10 D:\WampServer\www\cbt_app\system\CodeIgniter.php(410): CodeIgniter\CodeIgniter->runController(Object(App\Controllers\Classes))
#11 D:\WampServer\www\cbt_app\system\CodeIgniter.php(318): CodeIgniter\CodeIgniter->handleRequest(NULL, Object(Config\Cache), false)
#12 D:\WampServer\www\cbt_app\index.php(37): CodeIgniter\CodeIgniter->run()
#13 {main}
CRITICAL - 2021-12-01 02:12:58 --> Class 'App\Controllers\Examination_model' not found
#0 D:\WampServer\www\cbt_app\system\CodeIgniter.php(824): App\Controllers\Examinations->add_examination()
#1 D:\WampServer\www\cbt_app\system\CodeIgniter.php(410): CodeIgniter\CodeIgniter->runController(Object(App\Controllers\Examinations))
#2 D:\WampServer\www\cbt_app\system\CodeIgniter.php(318): CodeIgniter\CodeIgniter->handleRequest(NULL, Object(Config\Cache), false)
#3 D:\WampServer\www\cbt_app\index.php(37): CodeIgniter\CodeIgniter->run()
#4 {main}
CRITICAL - 2021-12-01 02:13:21 --> Trying to get property 'connID' of non-object
#0 D:\WampServer\www\cbt_app\app\Controllers\Examinations.php(31): CodeIgniter\Debug\Exceptions->errorHandler(8, 'Trying to get p...', 'D:\\WampServer\\w...', 31, Array)
#1 D:\WampServer\www\cbt_app\system\CodeIgniter.php(824): App\Controllers\Examinations->add_examination()
#2 D:\WampServer\www\cbt_app\system\CodeIgniter.php(410): CodeIgniter\CodeIgniter->runController(Object(App\Controllers\Examinations))
#3 D:\WampServer\www\cbt_app\system\CodeIgniter.php(318): CodeIgniter\CodeIgniter->handleRequest(NULL, Object(Config\Cache), false)
#4 D:\WampServer\www\cbt_app\index.php(37): CodeIgniter\CodeIgniter->run()
#5 {main}
CRITICAL - 2021-12-01 02:15:13 --> Trying to get property 'connID' of non-object
#0 D:\WampServer\www\cbt_app\app\Controllers\Examinations.php(31): CodeIgniter\Debug\Exceptions->errorHandler(8, 'Trying to get p...', 'D:\\WampServer\\w...', 31, Array)
#1 D:\WampServer\www\cbt_app\system\CodeIgniter.php(824): App\Controllers\Examinations->add_examination()
#2 D:\WampServer\www\cbt_app\system\CodeIgniter.php(410): CodeIgniter\CodeIgniter->runController(Object(App\Controllers\Examinations))
#3 D:\WampServer\www\cbt_app\system\CodeIgniter.php(318): CodeIgniter\CodeIgniter->handleRequest(NULL, Object(Config\Cache), false)
#4 D:\WampServer\www\cbt_app\index.php(37): CodeIgniter\CodeIgniter->run()
#5 {main}
CRITICAL - 2021-12-01 02:37:47 --> A non well formed numeric value encountered
#0 [internal function]: CodeIgniter\Debug\Exceptions->errorHandler(8, 'A non well form...', 'D:\\WampServer\\w...', 96, Array)
#1 D:\WampServer\www\cbt_app\app\Views\examinations\list_of_exams.php(96): date('jS M, Y', '2021-12-01 09:3...')
#2 D:\WampServer\www\cbt_app\system\View\View.php(214): include('D:\\WampServer\\w...')
#3 D:\WampServer\www\cbt_app\system\View\View.php(217): CodeIgniter\View\View->CodeIgniter\View\{closure}()
#4 D:\WampServer\www\cbt_app\system\Common.php(1097): CodeIgniter\View\View->render('examinations/li...', Array, true)
#5 D:\WampServer\www\cbt_app\app\Controllers\Examinations.php(14): view('examinations/li...', Array)
#6 D:\WampServer\www\cbt_app\system\CodeIgniter.php(824): App\Controllers\Examinations->index()
#7 D:\WampServer\www\cbt_app\system\CodeIgniter.php(410): CodeIgniter\CodeIgniter->runController(Object(App\Controllers\Examinations))
#8 D:\WampServer\www\cbt_app\system\CodeIgniter.php(318): CodeIgniter\CodeIgniter->handleRequest(NULL, Object(Config\Cache), false)
#9 D:\WampServer\www\cbt_app\index.php(37): CodeIgniter\CodeIgniter->run()
#10 {main}
CRITICAL - 2021-12-01 02:39:49 --> Cannot use object of type CodeIgniter\Database\MySQLi\Result as array
#0 D:\WampServer\www\cbt_app\system\View\View.php(214): include()
#1 D:\WampServer\www\cbt_app\system\View\View.php(217): CodeIgniter\View\View->CodeIgniter\View\{closure}()
#2 D:\WampServer\www\cbt_app\system\Common.php(1097): CodeIgniter\View\View->render('examinations/vi...', Array, true)
#3 D:\WampServer\www\cbt_app\app\Controllers\Examinations.php(70): view('examinations/vi...', Array)
#4 D:\WampServer\www\cbt_app\system\CodeIgniter.php(824): App\Controllers\Examinations->view_examination('LVYAH6GWYH')
#5 D:\WampServer\www\cbt_app\system\CodeIgniter.php(410): CodeIgniter\CodeIgniter->runController(Object(App\Controllers\Examinations))
#6 D:\WampServer\www\cbt_app\system\CodeIgniter.php(318): CodeIgniter\CodeIgniter->handleRequest(NULL, Object(Config\Cache), false)
#7 D:\WampServer\www\cbt_app\index.php(37): CodeIgniter\CodeIgniter->run()
#8 {main}
CRITICAL - 2021-12-01 05:12:59 --> syntax error, unexpected '=', expecting ';'
#0 D:\WampServer\www\cbt_app\system\View\View.php(217): CodeIgniter\View\View->CodeIgniter\View\{closure}()
#1 D:\WampServer\www\cbt_app\system\Common.php(1097): CodeIgniter\View\View->render('examinations/vi...', Array, true)
#2 D:\WampServer\www\cbt_app\app\Controllers\Examinations.php(70): view('examinations/vi...', Array)
#3 D:\WampServer\www\cbt_app\system\CodeIgniter.php(824): App\Controllers\Examinations->view_examination('LVYAH6GWYH')
#4 D:\WampServer\www\cbt_app\system\CodeIgniter.php(410): CodeIgniter\CodeIgniter->runController(Object(App\Controllers\Examinations))
#5 D:\WampServer\www\cbt_app\system\CodeIgniter.php(318): CodeIgniter\CodeIgniter->handleRequest(NULL, Object(Config\Cache), false)
#6 D:\WampServer\www\cbt_app\index.php(37): CodeIgniter\CodeIgniter->run()
#7 {main}
CRITICAL - 2021-12-01 05:13:09 --> syntax error, unexpected '++' (T_INC), expecting ')'
#0 D:\WampServer\www\cbt_app\system\View\View.php(217): CodeIgniter\View\View->CodeIgniter\View\{closure}()
#1 D:\WampServer\www\cbt_app\system\Common.php(1097): CodeIgniter\View\View->render('examinations/vi...', Array, true)
#2 D:\WampServer\www\cbt_app\app\Controllers\Examinations.php(70): view('examinations/vi...', Array)
#3 D:\WampServer\www\cbt_app\system\CodeIgniter.php(824): App\Controllers\Examinations->view_examination('LVYAH6GWYH')
#4 D:\WampServer\www\cbt_app\system\CodeIgniter.php(410): CodeIgniter\CodeIgniter->runController(Object(App\Controllers\Examinations))
#5 D:\WampServer\www\cbt_app\system\CodeIgniter.php(318): CodeIgniter\CodeIgniter->handleRequest(NULL, Object(Config\Cache), false)
#6 D:\WampServer\www\cbt_app\index.php(37): CodeIgniter\CodeIgniter->run()
#7 {main}
CRITICAL - 2021-12-01 05:13:19 --> syntax error, unexpected '++' (T_INC), expecting ')'
#0 D:\WampServer\www\cbt_app\system\View\View.php(217): CodeIgniter\View\View->CodeIgniter\View\{closure}()
#1 D:\WampServer\www\cbt_app\system\Common.php(1097): CodeIgniter\View\View->render('examinations/vi...', Array, true)
#2 D:\WampServer\www\cbt_app\app\Controllers\Examinations.php(70): view('examinations/vi...', Array)
#3 D:\WampServer\www\cbt_app\system\CodeIgniter.php(824): App\Controllers\Examinations->view_examination('LVYAH6GWYH')
#4 D:\WampServer\www\cbt_app\system\CodeIgniter.php(410): CodeIgniter\CodeIgniter->runController(Object(App\Controllers\Examinations))
#5 D:\WampServer\www\cbt_app\system\CodeIgniter.php(318): CodeIgniter\CodeIgniter->handleRequest(NULL, Object(Config\Cache), false)
#6 D:\WampServer\www\cbt_app\index.php(37): CodeIgniter\CodeIgniter->run()
#7 {main}
CRITICAL - 2021-12-01 05:13:28 --> syntax error, unexpected 'endforeach' (T_ENDFOREACH)
#0 D:\WampServer\www\cbt_app\system\View\View.php(217): CodeIgniter\View\View->CodeIgniter\View\{closure}()
#1 D:\WampServer\www\cbt_app\system\Common.php(1097): CodeIgniter\View\View->render('examinations/vi...', Array, true)
#2 D:\WampServer\www\cbt_app\app\Controllers\Examinations.php(70): view('examinations/vi...', Array)
#3 D:\WampServer\www\cbt_app\system\CodeIgniter.php(824): App\Controllers\Examinations->view_examination('LVYAH6GWYH')
#4 D:\WampServer\www\cbt_app\system\CodeIgniter.php(410): CodeIgniter\CodeIgniter->runController(Object(App\Controllers\Examinations))
#5 D:\WampServer\www\cbt_app\system\CodeIgniter.php(318): CodeIgniter\CodeIgniter->handleRequest(NULL, Object(Config\Cache), false)
#6 D:\WampServer\www\cbt_app\index.php(37): CodeIgniter\CodeIgniter->run()
#7 {main}
CRITICAL - 2021-12-01 05:13:41 --> Use of undefined constant i - assumed 'i' (this will throw an Error in a future version of PHP)
#0 D:\WampServer\www\cbt_app\app\Views\examinations\view_examination.php(136): CodeIgniter\Debug\Exceptions->errorHandler(2, 'Use of undefine...', 'D:\\WampServer\\w...', 136, Array)
#1 D:\WampServer\www\cbt_app\system\View\View.php(214): include('D:\\WampServer\\w...')
#2 D:\WampServer\www\cbt_app\system\View\View.php(217): CodeIgniter\View\View->CodeIgniter\View\{closure}()
#3 D:\WampServer\www\cbt_app\system\Common.php(1097): CodeIgniter\View\View->render('examinations/vi...', Array, true)
#4 D:\WampServer\www\cbt_app\app\Controllers\Examinations.php(70): view('examinations/vi...', Array)
#5 D:\WampServer\www\cbt_app\system\CodeIgniter.php(824): App\Controllers\Examinations->view_examination('LVYAH6GWYH')
#6 D:\WampServer\www\cbt_app\system\CodeIgniter.php(410): CodeIgniter\CodeIgniter->runController(Object(App\Controllers\Examinations))
#7 D:\WampServer\www\cbt_app\system\CodeIgniter.php(318): CodeIgniter\CodeIgniter->handleRequest(NULL, Object(Config\Cache), false)
#8 D:\WampServer\www\cbt_app\index.php(37): CodeIgniter\CodeIgniter->run()
#9 {main}
CRITICAL - 2021-12-01 05:54:34 --> Too few arguments to function App\Controllers\Examinations::upload_file(), 0 passed in D:\WampServer\www\cbt_app\system\CodeIgniter.php on line 824 and exactly 1 expected
#0 D:\WampServer\www\cbt_app\system\CodeIgniter.php(824): App\Controllers\Examinations->upload_file()
#1 D:\WampServer\www\cbt_app\system\CodeIgniter.php(410): CodeIgniter\CodeIgniter->runController(Object(App\Controllers\Examinations))
#2 D:\WampServer\www\cbt_app\system\CodeIgniter.php(318): CodeIgniter\CodeIgniter->handleRequest(NULL, Object(Config\Cache), false)
#3 D:\WampServer\www\cbt_app\index.php(37): CodeIgniter\CodeIgniter->run()
#4 {main}
CRITICAL - 2021-12-01 06:01:54 --> Could not move file php8BC9.tmp to D:\WampServer\www\cbt_app\writable\uploads/questions/ ()
#0 D:\WampServer\www\cbt_app\system\HTTP\Files\UploadedFile.php(149): CodeIgniter\HTTP\Exceptions\HTTPException::forMoveFailed('php8BC9.tmp', 'D:\\WampServer\\w...', '')
#1 D:\WampServer\www\cbt_app\app\Controllers\Examinations.php(84): CodeIgniter\HTTP\Files\UploadedFile->move('D:\\WampServer\\w...', 'D:\\WampServer\\t...')
#2 D:\WampServer\www\cbt_app\system\CodeIgniter.php(824): App\Controllers\Examinations->upload_file()
#3 D:\WampServer\www\cbt_app\system\CodeIgniter.php(410): CodeIgniter\CodeIgniter->runController(Object(App\Controllers\Examinations))
#4 D:\WampServer\www\cbt_app\system\CodeIgniter.php(318): CodeIgniter\CodeIgniter->handleRequest(NULL, Object(Config\Cache), false)
#5 D:\WampServer\www\cbt_app\index.php(37): CodeIgniter\CodeIgniter->run()
#6 {main}
CRITICAL - 2021-12-01 06:02:25 --> Could not move file php32E.tmp to D:\WampServer\www\cbt_app\writable\uploads/questions/ ()
#0 D:\WampServer\www\cbt_app\system\HTTP\Files\UploadedFile.php(149): CodeIgniter\HTTP\Exceptions\HTTPException::forMoveFailed('php32E.tmp', 'D:\\WampServer\\w...', '')
#1 D:\WampServer\www\cbt_app\app\Controllers\Examinations.php(84): CodeIgniter\HTTP\Files\UploadedFile->move('D:\\WampServer\\w...', 'D:\\WampServer\\t...')
#2 D:\WampServer\www\cbt_app\system\CodeIgniter.php(824): App\Controllers\Examinations->upload_file()
#3 D:\WampServer\www\cbt_app\system\CodeIgniter.php(410): CodeIgniter\CodeIgniter->runController(Object(App\Controllers\Examinations))
#4 D:\WampServer\www\cbt_app\system\CodeIgniter.php(318): CodeIgniter\CodeIgniter->handleRequest(NULL, Object(Config\Cache), false)
#5 D:\WampServer\www\cbt_app\index.php(37): CodeIgniter\CodeIgniter->run()
#6 {main}
CRITICAL - 2021-12-01 09:22:57 --> Undefined variable: totalTime
#0 D:\WampServer\www\cbt_app\system\Debug\Toolbar\Views\toolbar.tpl.php(40): CodeIgniter\Debug\Exceptions->errorHandler(8, 'Undefined varia...', 'D:\\WampServer\\w...', 40, Array)
#1 D:\WampServer\www\cbt_app\system\Debug\Toolbar.php(497): include('D:\\WampServer\\w...')
#2 D:\WampServer\www\cbt_app\system\Debug\Toolbar.php(460): CodeIgniter\Debug\Toolbar->format(Array, 'html')
#3 D:\WampServer\www\cbt_app\app\Config\Events.php(48): CodeIgniter\Debug\Toolbar->respond()
#4 D:\WampServer\www\cbt_app\system\Events\Events.php(149): CodeIgniter\Events\Events::Config\{closure}()
#5 D:\WampServer\www\cbt_app\system\CodeIgniter.php(300): CodeIgniter\Events\Events::trigger('pre_system')
#6 D:\WampServer\www\cbt_app\index.php(37): CodeIgniter\CodeIgniter->run()
#7 {main}
CRITICAL - 2021-12-01 13:20:57 --> Undefined index: cbt_admin_session
#0 D:\WampServer\www\cbt_app\app\Views\includes\top_bar.php(25): CodeIgniter\Debug\Exceptions->errorHandler(8, 'Undefined index...', 'D:\\WampServer\\w...', 25, Array)
#1 D:\WampServer\www\cbt_app\system\View\View.php(214): include('D:\\WampServer\\w...')
#2 D:\WampServer\www\cbt_app\system\View\View.php(217): CodeIgniter\View\View->CodeIgniter\View\{closure}()
#3 D:\WampServer\www\cbt_app\system\View\View.php(432): CodeIgniter\View\View->render('includes/top_ba...', NULL, true)
#4 D:\WampServer\www\cbt_app\app\Views\examinations\view_examination.php(61): CodeIgniter\View\View->include('includes/top_ba...')
#5 D:\WampServer\www\cbt_app\system\View\View.php(214): include('D:\\WampServer\\w...')
#6 D:\WampServer\www\cbt_app\system\View\View.php(217): CodeIgniter\View\View->CodeIgniter\View\{closure}()
#7 D:\WampServer\www\cbt_app\system\Common.php(1097): CodeIgniter\View\View->render('examinations/vi...', Array, true)
#8 D:\WampServer\www\cbt_app\app\Controllers\Examinations.php(70): view('examinations/vi...', Array)
#9 D:\WampServer\www\cbt_app\system\CodeIgniter.php(824): App\Controllers\Examinations->view_examination('LVYAH6GWYH')
#10 D:\WampServer\www\cbt_app\system\CodeIgniter.php(410): CodeIgniter\CodeIgniter->runController(Object(App\Controllers\Examinations))
#11 D:\WampServer\www\cbt_app\system\CodeIgniter.php(318): CodeIgniter\CodeIgniter->handleRequest(NULL, Object(Config\Cache), false)
#12 D:\WampServer\www\cbt_app\index.php(37): CodeIgniter\CodeIgniter->run()
#13 {main}
CRITICAL - 2021-12-01 13:20:58 --> Undefined index: cbt_admin_session
#0 D:\WampServer\www\cbt_app\app\Views\includes\top_bar.php(25): CodeIgniter\Debug\Exceptions->errorHandler(8, 'Undefined index...', 'D:\\WampServer\\w...', 25, Array)
#1 D:\WampServer\www\cbt_app\system\View\View.php(214): include('D:\\WampServer\\w...')
#2 D:\WampServer\www\cbt_app\system\View\View.php(217): CodeIgniter\View\View->CodeIgniter\View\{closure}()
#3 D:\WampServer\www\cbt_app\system\View\View.php(432): CodeIgniter\View\View->render('includes/top_ba...', NULL, true)
#4 D:\WampServer\www\cbt_app\app\Views\examinations\view_examination.php(61): CodeIgniter\View\View->include('includes/top_ba...')
#5 D:\WampServer\www\cbt_app\system\View\View.php(214): include('D:\\WampServer\\w...')
#6 D:\WampServer\www\cbt_app\system\View\View.php(217): CodeIgniter\View\View->CodeIgniter\View\{closure}()
#7 D:\WampServer\www\cbt_app\system\Common.php(1097): CodeIgniter\View\View->render('examinations/vi...', Array, true)
#8 D:\WampServer\www\cbt_app\app\Controllers\Examinations.php(70): view('examinations/vi...', Array)
#9 D:\WampServer\www\cbt_app\system\CodeIgniter.php(824): App\Controllers\Examinations->view_examination('assets', 'images', 'logo.png')
#10 D:\WampServer\www\cbt_app\system\CodeIgniter.php(410): CodeIgniter\CodeIgniter->runController(Object(App\Controllers\Examinations))
#11 D:\WampServer\www\cbt_app\system\CodeIgniter.php(318): CodeIgniter\CodeIgniter->handleRequest(NULL, Object(Config\Cache), false)
#12 D:\WampServer\www\cbt_app\index.php(37): CodeIgniter\CodeIgniter->run()
#13 {main}
CRITICAL - 2021-12-01 14:41:09 --> Call to undefined function App\Controllers\add_questions()
#0 D:\WampServer\www\cbt_app\system\CodeIgniter.php(824): App\Controllers\Questions->push_question()
#1 D:\WampServer\www\cbt_app\system\CodeIgniter.php(410): CodeIgniter\CodeIgniter->runController(Object(App\Controllers\Questions))
#2 D:\WampServer\www\cbt_app\system\CodeIgniter.php(318): CodeIgniter\CodeIgniter->handleRequest(NULL, Object(Config\Cache), false)
#3 D:\WampServer\www\cbt_app\index.php(37): CodeIgniter\CodeIgniter->run()
#4 {main}
CRITICAL - 2021-12-01 14:41:22 --> Call to undefined function App\Controllers\add_questions()
#0 D:\WampServer\www\cbt_app\system\CodeIgniter.php(824): App\Controllers\Questions->push_question()
#1 D:\WampServer\www\cbt_app\system\CodeIgniter.php(410): CodeIgniter\CodeIgniter->runController(Object(App\Controllers\Questions))
#2 D:\WampServer\www\cbt_app\system\CodeIgniter.php(318): CodeIgniter\CodeIgniter->handleRequest(NULL, Object(Config\Cache), false)
#3 D:\WampServer\www\cbt_app\index.php(37): CodeIgniter\CodeIgniter->run()
#4 {main}
ERROR - 2021-12-01 14:42:25 --> Table 'cbt_app_db.quetions_tb' doesn't exist
CRITICAL - 2021-12-01 14:42:25 --> Table 'cbt_app_db.quetions_tb' doesn't exist
#0 D:\WampServer\www\cbt_app\system\Database\MySQLi\Connection.php(292): mysqli->query('INSERT INTO `qu...', 0)
#1 D:\WampServer\www\cbt_app\system\Database\BaseConnection.php(670): CodeIgniter\Database\MySQLi\Connection->execute('INSERT INTO `qu...')
#2 D:\WampServer\www\cbt_app\system\Database\BaseConnection.php(598): CodeIgniter\Database\BaseConnection->simpleQuery('INSERT INTO `qu...')
#3 D:\WampServer\www\cbt_app\system\Database\BaseBuilder.php(1759): CodeIgniter\Database\BaseConnection->query('INSERT INTO `qu...', Array, false)
#4 D:\WampServer\www\cbt_app\app\Models\Question_model.php(23): CodeIgniter\Database\BaseBuilder->insert(Array)
#5 D:\WampServer\www\cbt_app\app\Controllers\Questions.php(34): App\Models\Question_model->add_question(Array)
#6 D:\WampServer\www\cbt_app\app\Controllers\Questions.php(18): App\Controllers\Questions->add_questions(Array, 'LVYAH6GWYH')
#7 D:\WampServer\www\cbt_app\system\CodeIgniter.php(824): App\Controllers\Questions->push_question()
#8 D:\WampServer\www\cbt_app\system\CodeIgniter.php(410): CodeIgniter\CodeIgniter->runController(Object(App\Controllers\Questions))
#9 D:\WampServer\www\cbt_app\system\CodeIgniter.php(318): CodeIgniter\CodeIgniter->handleRequest(NULL, Object(Config\Cache), false)
#10 D:\WampServer\www\cbt_app\index.php(37): CodeIgniter\CodeIgniter->run()
#11 {main}
CRITICAL - 2021-12-01 21:17:09 --> Undefined index: cbt_admin_session
#0 D:\WampServer\www\cbt_app\app\Views\includes\top_bar.php(25): CodeIgniter\Debug\Exceptions->errorHandler(8, 'Undefined index...', 'D:\\WampServer\\w...', 25, Array)
#1 D:\WampServer\www\cbt_app\system\View\View.php(214): include('D:\\WampServer\\w...')
#2 D:\WampServer\www\cbt_app\system\View\View.php(217): CodeIgniter\View\View->CodeIgniter\View\{closure}()
#3 D:\WampServer\www\cbt_app\system\View\View.php(432): CodeIgniter\View\View->render('includes/top_ba...', NULL, true)
#4 D:\WampServer\www\cbt_app\app\Views\examinations\view_examination.php(61): CodeIgniter\View\View->include('includes/top_ba...')
#5 D:\WampServer\www\cbt_app\system\View\View.php(214): include('D:\\WampServer\\w...')
#6 D:\WampServer\www\cbt_app\system\View\View.php(217): CodeIgniter\View\View->CodeIgniter\View\{closure}()
#7 D:\WampServer\www\cbt_app\system\Common.php(1097): CodeIgniter\View\View->render('examinations/vi...', Array, true)
#8 D:\WampServer\www\cbt_app\app\Controllers\Examinations.php(70): view('examinations/vi...', Array)
#9 D:\WampServer\www\cbt_app\system\CodeIgniter.php(824): App\Controllers\Examinations->view_examination('LVYAH6GWYH')
#10 D:\WampServer\www\cbt_app\system\CodeIgniter.php(410): CodeIgniter\CodeIgniter->runController(Object(App\Controllers\Examinations))
#11 D:\WampServer\www\cbt_app\system\CodeIgniter.php(318): CodeIgniter\CodeIgniter->handleRequest(NULL, Object(Config\Cache), false)
#12 D:\WampServer\www\cbt_app\index.php(37): CodeIgniter\CodeIgniter->run()
#13 {main}
CRITICAL - 2021-12-01 21:17:09 --> Undefined index: cbt_admin_session
#0 D:\WampServer\www\cbt_app\app\Views\includes\top_bar.php(25): CodeIgniter\Debug\Exceptions->errorHandler(8, 'Undefined index...', 'D:\\WampServer\\w...', 25, Array)
#1 D:\WampServer\www\cbt_app\system\View\View.php(214): include('D:\\WampServer\\w...')
#2 D:\WampServer\www\cbt_app\system\View\View.php(217): CodeIgniter\View\View->CodeIgniter\View\{closure}()
#3 D:\WampServer\www\cbt_app\system\View\View.php(432): CodeIgniter\View\View->render('includes/top_ba...', NULL, true)
#4 D:\WampServer\www\cbt_app\app\Views\examinations\view_examination.php(61): CodeIgniter\View\View->include('includes/top_ba...')
#5 D:\WampServer\www\cbt_app\system\View\View.php(214): include('D:\\WampServer\\w...')
#6 D:\WampServer\www\cbt_app\system\View\View.php(217): CodeIgniter\View\View->CodeIgniter\View\{closure}()
#7 D:\WampServer\www\cbt_app\system\Common.php(1097): CodeIgniter\View\View->render('examinations/vi...', Array, true)
#8 D:\WampServer\www\cbt_app\app\Controllers\Examinations.php(70): view('examinations/vi...', Array)
#9 D:\WampServer\www\cbt_app\system\CodeIgniter.php(824): App\Controllers\Examinations->view_examination('assets', 'images', 'logo.png')
#10 D:\WampServer\www\cbt_app\system\CodeIgniter.php(410): CodeIgniter\CodeIgniter->runController(Object(App\Controllers\Examinations))
#11 D:\WampServer\www\cbt_app\system\CodeIgniter.php(318): CodeIgniter\CodeIgniter->handleRequest(NULL, Object(Config\Cache), false)
#12 D:\WampServer\www\cbt_app\index.php(37): CodeIgniter\CodeIgniter->run()
#13 {main}
ERROR - 2021-12-01 22:17:12 --> Unknown column 'title' in 'field list'
CRITICAL - 2021-12-01 22:17:12 --> Unknown column 'title' in 'field list'
#0 D:\WampServer\www\cbt_app\system\Database\MySQLi\Connection.php(292): mysqli->query('INSERT INTO `qu...', 0)
#1 D:\WampServer\www\cbt_app\system\Database\BaseConnection.php(670): CodeIgniter\Database\MySQLi\Connection->execute('INSERT INTO `qu...')
#2 D:\WampServer\www\cbt_app\system\Database\BaseConnection.php(598): CodeIgniter\Database\BaseConnection->simpleQuery('INSERT INTO `qu...')
#3 D:\WampServer\www\cbt_app\system\Database\BaseBuilder.php(1759): CodeIgniter\Database\BaseConnection->query('INSERT INTO `qu...', Array, false)
#4 D:\WampServer\www\cbt_app\app\Models\Question_model.php(23): CodeIgniter\Database\BaseBuilder->insert(Array)
#5 D:\WampServer\www\cbt_app\app\Controllers\Questions.php(38): App\Models\Question_model->add_question(Array)
#6 D:\WampServer\www\cbt_app\app\Controllers\Questions.php(20): App\Controllers\Questions->add_questions(Object(stdClass), 'LVYAH6GWYH')
#7 D:\WampServer\www\cbt_app\system\CodeIgniter.php(824): App\Controllers\Questions->push_question()
#8 D:\WampServer\www\cbt_app\system\CodeIgniter.php(410): CodeIgniter\CodeIgniter->runController(Object(App\Controllers\Questions))
#9 D:\WampServer\www\cbt_app\system\CodeIgniter.php(318): CodeIgniter\CodeIgniter->handleRequest(NULL, Object(Config\Cache), false)
#10 D:\WampServer\www\cbt_app\index.php(37): CodeIgniter\CodeIgniter->run()
#11 {main}
CRITICAL - 2021-12-01 22:17:44 --> Too few arguments to function App\Models\Base_model::get_with_join_b(), 4 passed in D:\WampServer\www\cbt_app\app\Controllers\Examinations.php on line 72 and at least 6 expected
#0 D:\WampServer\www\cbt_app\app\Controllers\Examinations.php(72): App\Models\Base_model->get_with_join_b('questions_exami...', 'questions_tb', 'examinations_tb', Array)
#1 D:\WampServer\www\cbt_app\system\CodeIgniter.php(824): App\Controllers\Examinations->view_examination('LVYAH6GWYH')
#2 D:\WampServer\www\cbt_app\system\CodeIgniter.php(410): CodeIgniter\CodeIgniter->runController(Object(App\Controllers\Examinations))
#3 D:\WampServer\www\cbt_app\system\CodeIgniter.php(318): CodeIgniter\CodeIgniter->handleRequest(NULL, Object(Config\Cache), false)
#4 D:\WampServer\www\cbt_app\index.php(37): CodeIgniter\CodeIgniter->run()
#5 {main}
ERROR - 2021-12-01 22:19:29 --> Column 'exam_id' in where clause is ambiguous
CRITICAL - 2021-12-01 22:19:29 --> Column 'exam_id' in where clause is ambiguous
#0 D:\WampServer\www\cbt_app\system\Database\MySQLi\Connection.php(292): mysqli->query('SELECT *\nFROM `...', 0)
#1 D:\WampServer\www\cbt_app\system\Database\BaseConnection.php(670): CodeIgniter\Database\MySQLi\Connection->execute('SELECT *\nFROM `...')
#2 D:\WampServer\www\cbt_app\system\Database\BaseConnection.php(598): CodeIgniter\Database\BaseConnection->simpleQuery('SELECT *\nFROM `...')
#3 D:\WampServer\www\cbt_app\system\Database\BaseBuilder.php(1443): CodeIgniter\Database\BaseConnection->query('SELECT *\nFROM `...', Array, false)
#4 D:\WampServer\www\cbt_app\app\Models\Base_model.php(26): CodeIgniter\Database\BaseBuilder->get()
#5 D:\WampServer\www\cbt_app\app\Controllers\Examinations.php(74): App\Models\Base_model->get_with_join_b('questions_exami...', 'questions_tb', 'examinations_tb', Array, 'questions_tb.qu...', 'questions_exami...')
#6 D:\WampServer\www\cbt_app\system\CodeIgniter.php(824): App\Controllers\Examinations->view_examination('LVYAH6GWYH')
#7 D:\WampServer\www\cbt_app\system\CodeIgniter.php(410): CodeIgniter\CodeIgniter->runController(Object(App\Controllers\Examinations))
#8 D:\WampServer\www\cbt_app\system\CodeIgniter.php(318): CodeIgniter\CodeIgniter->handleRequest(NULL, Object(Config\Cache), false)
#9 D:\WampServer\www\cbt_app\index.php(37): CodeIgniter\CodeIgniter->run()
#10 {main}
CRITICAL - 2021-12-01 22:19:53 --> Undefined index: title
#0 D:\WampServer\www\cbt_app\app\Views\examinations\view_examination.php(94): CodeIgniter\Debug\Exceptions->errorHandler(8, 'Undefined index...', 'D:\\WampServer\\w...', 94, Array)
#1 D:\WampServer\www\cbt_app\system\View\View.php(214): include('D:\\WampServer\\w...')
#2 D:\WampServer\www\cbt_app\system\View\View.php(217): CodeIgniter\View\View->CodeIgniter\View\{closure}()
#3 D:\WampServer\www\cbt_app\system\Common.php(1097): CodeIgniter\View\View->render('examinations/vi...', Array, true)
#4 D:\WampServer\www\cbt_app\app\Controllers\Examinations.php(80): view('examinations/vi...', Array)
#5 D:\WampServer\www\cbt_app\system\CodeIgniter.php(824): App\Controllers\Examinations->view_examination('LVYAH6GWYH')
#6 D:\WampServer\www\cbt_app\system\CodeIgniter.php(410): CodeIgniter\CodeIgniter->runController(Object(App\Controllers\Examinations))
#7 D:\WampServer\www\cbt_app\system\CodeIgniter.php(318): CodeIgniter\CodeIgniter->handleRequest(NULL, Object(Config\Cache), false)
#8 D:\WampServer\www\cbt_app\index.php(37): CodeIgniter\CodeIgniter->run()
#9 {main}
CRITICAL - 2021-12-01 22:20:24 --> Class 'App\Controllers\Examination_model' not found
#0 D:\WampServer\www\cbt_app\app\Controllers\Questions.php(20): App\Controllers\Questions->add_questions(Object(stdClass), 'LVYAH6GWYH')
#1 D:\WampServer\www\cbt_app\system\CodeIgniter.php(824): App\Controllers\Questions->push_question()
#2 D:\WampServer\www\cbt_app\system\CodeIgniter.php(410): CodeIgniter\CodeIgniter->runController(Object(App\Controllers\Questions))
#3 D:\WampServer\www\cbt_app\system\CodeIgniter.php(318): CodeIgniter\CodeIgniter->handleRequest(NULL, Object(Config\Cache), false)
#4 D:\WampServer\www\cbt_app\index.php(37): CodeIgniter\CodeIgniter->run()
#5 {main}
ERROR - 2021-12-01 22:21:03 --> Duplicate entry 'Option A' for key 'option_a'
CRITICAL - 2021-12-01 22:21:03 --> Duplicate entry 'Option A' for key 'option_a'
#0 D:\WampServer\www\cbt_app\system\Database\MySQLi\Connection.php(292): mysqli->query('INSERT INTO `qu...', 0)
#1 D:\WampServer\www\cbt_app\system\Database\BaseConnection.php(670): CodeIgniter\Database\MySQLi\Connection->execute('INSERT INTO `qu...')
#2 D:\WampServer\www\cbt_app\system\Database\BaseConnection.php(598): CodeIgniter\Database\BaseConnection->simpleQuery('INSERT INTO `qu...')
#3 D:\WampServer\www\cbt_app\system\Database\BaseBuilder.php(1759): CodeIgniter\Database\BaseConnection->query('INSERT INTO `qu...', Array, false)
#4 D:\WampServer\www\cbt_app\app\Models\Question_model.php(23): CodeIgniter\Database\BaseBuilder->insert(Array)
#5 D:\WampServer\www\cbt_app\app\Controllers\Questions.php(39): App\Models\Question_model->add_question(Array)
#6 D:\WampServer\www\cbt_app\app\Controllers\Questions.php(21): App\Controllers\Questions->add_questions(Object(stdClass), 'LVYAH6GWYH')
#7 D:\WampServer\www\cbt_app\system\CodeIgniter.php(824): App\Controllers\Questions->push_question()
#8 D:\WampServer\www\cbt_app\system\CodeIgniter.php(410): CodeIgniter\CodeIgniter->runController(Object(App\Controllers\Questions))
#9 D:\WampServer\www\cbt_app\system\CodeIgniter.php(318): CodeIgniter\CodeIgniter->handleRequest(NULL, Object(Config\Cache), false)
#10 D:\WampServer\www\cbt_app\index.php(37): CodeIgniter\CodeIgniter->run()
#11 {main}
CRITICAL - 2021-12-01 22:31:53 --> Call to undefined method CodeIgniter\Database\MySQLi\Connection::ignore()
#0 D:\WampServer\www\cbt_app\app\Controllers\Questions.php(39): App\Models\Question_model->add_question(Array)
#1 D:\WampServer\www\cbt_app\app\Controllers\Questions.php(21): App\Controllers\Questions->add_questions(Object(stdClass), 'LVYAH6GWYH')
#2 D:\WampServer\www\cbt_app\system\CodeIgniter.php(824): App\Controllers\Questions->push_question()
#3 D:\WampServer\www\cbt_app\system\CodeIgniter.php(410): CodeIgniter\CodeIgniter->runController(Object(App\Controllers\Questions))
#4 D:\WampServer\www\cbt_app\system\CodeIgniter.php(318): CodeIgniter\CodeIgniter->handleRequest(NULL, Object(Config\Cache), false)
#5 D:\WampServer\www\cbt_app\index.php(37): CodeIgniter\CodeIgniter->run()
#6 {main}
CRITICAL - 2021-12-01 22:32:28 --> Object of class stdClass could not be converted to string
#0 [internal function]: CodeIgniter\Debug\Exceptions->errorHandler(4096, 'Object of class...', 'D:\\WampServer\\w...', 330, Array)
#1 D:\WampServer\www\cbt_app\system\Database\Query.php(330): strtr('INSERT INTO `qu...', Array)
#2 D:\WampServer\www\cbt_app\system\Database\Query.php(304): CodeIgniter\Database\Query->matchNamedBinds('INSERT INTO `qu...', Array)
#3 D:\WampServer\www\cbt_app\system\Database\Query.php(150): CodeIgniter\Database\Query->compileBinds()
#4 D:\WampServer\www\cbt_app\system\Database\BaseConnection.php(598): CodeIgniter\Database\Query->getQuery()
#5 D:\WampServer\www\cbt_app\system\Database\BaseBuilder.php(1759): CodeIgniter\Database\BaseConnection->query('INSERT INTO `qu...', Array, false)
#6 D:\WampServer\www\cbt_app\app\Models\Examination_model.php(59): CodeIgniter\Database\BaseBuilder->insert(Array)
#7 D:\WampServer\www\cbt_app\app\Controllers\Questions.php(50): App\Models\Examination_model->add_item(Array)
#8 D:\WampServer\www\cbt_app\app\Controllers\Questions.php(21): App\Controllers\Questions->add_questions(Object(stdClass), 'LVYAH6GWYH')
#9 D:\WampServer\www\cbt_app\system\CodeIgniter.php(824): App\Controllers\Questions->push_question()
#10 D:\WampServer\www\cbt_app\system\CodeIgniter.php(410): CodeIgniter\CodeIgniter->runController(Object(App\Controllers\Questions))
#11 D:\WampServer\www\cbt_app\system\CodeIgniter.php(318): CodeIgniter\CodeIgniter->handleRequest(NULL, Object(Config\Cache), false)
#12 D:\WampServer\www\cbt_app\index.php(37): CodeIgniter\CodeIgniter->run()
#13 {main}
CRITICAL - 2021-12-01 22:36:34 --> Object of class stdClass could not be converted to string
#0 [internal function]: CodeIgniter\Debug\Exceptions->errorHandler(4096, 'Object of class...', 'D:\\WampServer\\w...', 330, Array)
#1 D:\WampServer\www\cbt_app\system\Database\Query.php(330): strtr('INSERT INTO `qu...', Array)
#2 D:\WampServer\www\cbt_app\system\Database\Query.php(304): CodeIgniter\Database\Query->matchNamedBinds('INSERT INTO `qu...', Array)
#3 D:\WampServer\www\cbt_app\system\Database\Query.php(150): CodeIgniter\Database\Query->compileBinds()
#4 D:\WampServer\www\cbt_app\system\Database\BaseConnection.php(598): CodeIgniter\Database\Query->getQuery()
#5 D:\WampServer\www\cbt_app\system\Database\BaseBuilder.php(1759): CodeIgniter\Database\BaseConnection->query('INSERT INTO `qu...', Array, false)
#6 D:\WampServer\www\cbt_app\app\Models\Examination_model.php(59): CodeIgniter\Database\BaseBuilder->insert(Array)
#7 D:\WampServer\www\cbt_app\app\Controllers\Questions.php(50): App\Models\Examination_model->add_item(Array)
#8 D:\WampServer\www\cbt_app\app\Controllers\Questions.php(21): App\Controllers\Questions->add_questions(Object(stdClass), 'LVYAH6GWYH')
#9 D:\WampServer\www\cbt_app\system\CodeIgniter.php(824): App\Controllers\Questions->push_question()
#10 D:\WampServer\www\cbt_app\system\CodeIgniter.php(410): CodeIgniter\CodeIgniter->runController(Object(App\Controllers\Questions))
#11 D:\WampServer\www\cbt_app\system\CodeIgniter.php(318): CodeIgniter\CodeIgniter->handleRequest(NULL, Object(Config\Cache), false)
#12 D:\WampServer\www\cbt_app\index.php(37): CodeIgniter\CodeIgniter->run()
#13 {main}
CRITICAL - 2021-12-01 22:37:14 --> Object of class stdClass could not be converted to string
#0 [internal function]: CodeIgniter\Debug\Exceptions->errorHandler(4096, 'Object of class...', 'D:\\WampServer\\w...', 330, Array)
#1 D:\WampServer\www\cbt_app\system\Database\Query.php(330): strtr('INSERT INTO `qu...', Array)
#2 D:\WampServer\www\cbt_app\system\Database\Query.php(304): CodeIgniter\Database\Query->matchNamedBinds('INSERT INTO `qu...', Array)
#3 D:\WampServer\www\cbt_app\system\Database\Query.php(150): CodeIgniter\Database\Query->compileBinds()
#4 D:\WampServer\www\cbt_app\system\Database\BaseConnection.php(598): CodeIgniter\Database\Query->getQuery()
#5 D:\WampServer\www\cbt_app\system\Database\BaseBuilder.php(1759): CodeIgniter\Database\BaseConnection->query('INSERT INTO `qu...', Array, false)
#6 D:\WampServer\www\cbt_app\app\Models\Examination_model.php(59): CodeIgniter\Database\BaseBuilder->insert(Array)
#7 D:\WampServer\www\cbt_app\app\Controllers\Questions.php(50): App\Models\Examination_model->add_item(Array)
#8 D:\WampServer\www\cbt_app\app\Controllers\Questions.php(21): App\Controllers\Questions->add_questions(Object(stdClass), 'LVYAH6GWYH')
#9 D:\WampServer\www\cbt_app\system\CodeIgniter.php(824): App\Controllers\Questions->push_question()
#10 D:\WampServer\www\cbt_app\system\CodeIgniter.php(410): CodeIgniter\CodeIgniter->runController(Object(App\Controllers\Questions))
#11 D:\WampServer\www\cbt_app\system\CodeIgniter.php(318): CodeIgniter\CodeIgniter->handleRequest(NULL, Object(Config\Cache), false)
#12 D:\WampServer\www\cbt_app\index.php(37): CodeIgniter\CodeIgniter->run()
#13 {main}
CRITICAL - 2021-12-01 22:41:46 --> Undefined variable: dsata
#0 D:\WampServer\www\cbt_app\app\Controllers\Questions.php(44): CodeIgniter\Debug\Exceptions->errorHandler(8, 'Undefined varia...', 'D:\\WampServer\\w...', 44, Array)
#1 D:\WampServer\www\cbt_app\app\Controllers\Questions.php(21): App\Controllers\Questions->add_questions(Object(stdClass), 'LVYAH6GWYH')
#2 D:\WampServer\www\cbt_app\system\CodeIgniter.php(824): App\Controllers\Questions->push_question()
#3 D:\WampServer\www\cbt_app\system\CodeIgniter.php(410): CodeIgniter\CodeIgniter->runController(Object(App\Controllers\Questions))
#4 D:\WampServer\www\cbt_app\system\CodeIgniter.php(318): CodeIgniter\CodeIgniter->handleRequest(NULL, Object(Config\Cache), false)
#5 D:\WampServer\www\cbt_app\index.php(37): CodeIgniter\CodeIgniter->run()
#6 {main}
CRITICAL - 2021-12-01 22:42:04 --> count(): Parameter must be an array or an object that implements Countable
#0 [internal function]: CodeIgniter\Debug\Exceptions->errorHandler(2, 'count(): Parame...', 'D:\\WampServer\\w...', 46, Array)
#1 D:\WampServer\www\cbt_app\app\Controllers\Questions.php(46): count(NULL)
#2 D:\WampServer\www\cbt_app\app\Controllers\Questions.php(21): App\Controllers\Questions->add_questions(Object(stdClass), 'LVYAH6GWYH')
#3 D:\WampServer\www\cbt_app\system\CodeIgniter.php(824): App\Controllers\Questions->push_question()
#4 D:\WampServer\www\cbt_app\system\CodeIgniter.php(410): CodeIgniter\CodeIgniter->runController(Object(App\Controllers\Questions))
#5 D:\WampServer\www\cbt_app\system\CodeIgniter.php(318): CodeIgniter\CodeIgniter->handleRequest(NULL, Object(Config\Cache), false)
#6 D:\WampServer\www\cbt_app\index.php(37): CodeIgniter\CodeIgniter->run()
#7 {main}
CRITICAL - 2021-12-01 22:49:12 --> syntax error, unexpected 'as' (T_AS), expecting ';'
#0 D:\WampServer\www\cbt_app\system\View\View.php(217): CodeIgniter\View\View->CodeIgniter\View\{closure}()
#1 D:\WampServer\www\cbt_app\system\Common.php(1097): CodeIgniter\View\View->render('examinations/vi...', Array, true)
#2 D:\WampServer\www\cbt_app\app\Controllers\Examinations.php(82): view('examinations/vi...', Array)
#3 D:\WampServer\www\cbt_app\system\CodeIgniter.php(824): App\Controllers\Examinations->view_examination('LVYAH6GWYH')
#4 D:\WampServer\www\cbt_app\system\CodeIgniter.php(410): CodeIgniter\CodeIgniter->runController(Object(App\Controllers\Examinations))
#5 D:\WampServer\www\cbt_app\system\CodeIgniter.php(318): CodeIgniter\CodeIgniter->handleRequest(NULL, Object(Config\Cache), false)
#6 D:\WampServer\www\cbt_app\index.php(37): CodeIgniter\CodeIgniter->run()
#7 {main}
CRITICAL - 2021-12-01 23:23:39 --> syntax error, unexpected 'foreach' (T_FOREACH)
#0 D:\WampServer\www\cbt_app\system\Router\Router.php(176): CodeIgniter\Router\Router->autoRoute('questions/push_...')
#1 D:\WampServer\www\cbt_app\system\CodeIgniter.php(718): CodeIgniter\Router\Router->handle('questions/push_...')
#2 D:\WampServer\www\cbt_app\system\CodeIgniter.php(359): CodeIgniter\CodeIgniter->tryToRouteIt(Object(CodeIgniter\Router\RouteCollection))
#3 D:\WampServer\www\cbt_app\system\CodeIgniter.php(318): CodeIgniter\CodeIgniter->handleRequest(NULL, Object(Config\Cache), false)
#4 D:\WampServer\www\cbt_app\index.php(37): CodeIgniter\CodeIgniter->run()
#5 {main}
