CRITICAL - 2023-04-27 11:13:26 --> Undefined array key "cbt_admin_session"
#0 /home/qodevnmr/questaonline.xyz/admin/app/Controllers/Dashboard.php(18): CodeIgniter\Debug\Exceptions->errorHandler()
#1 /home/qodevnmr/questaonline.xyz/admin/system/CodeIgniter.php(824): App\Controllers\Dashboard->index()
#2 /home/qodevnmr/questaonline.xyz/admin/system/CodeIgniter.php(410): CodeIgniter\CodeIgniter->runController()
#3 /home/qodevnmr/questaonline.xyz/admin/system/CodeIgniter.php(318): CodeIgniter\CodeIgniter->handleRequest()
#4 /home/qodevnmr/questaonline.xyz/admin/index.php(37): CodeIgniter\CodeIgniter->run()
#5 {main}
CRITICAL - 2023-04-27 13:09:14 --> Undefined array key "cbt_admin_session"
#0 /home/qodevnmr/questaonline.xyz/admin/app/Controllers/Examinations.php(267): CodeIgniter\Debug\Exceptions->errorHandler()
#1 /home/qodevnmr/questaonline.xyz/admin/system/CodeIgniter.php(824): App\Controllers\Examinations->view_examination()
#2 /home/qodevnmr/questaonline.xyz/admin/system/CodeIgniter.php(410): CodeIgniter\CodeIgniter->runController()
#3 /home/qodevnmr/questaonline.xyz/admin/system/CodeIgniter.php(318): CodeIgniter\CodeIgniter->handleRequest()
#4 /home/qodevnmr/questaonline.xyz/admin/index.php(37): CodeIgniter\CodeIgniter->run()
#5 {main}
ERROR - 2023-04-27 14:17:27 --> Operand should contain 1 column(s)
CRITICAL - 2023-04-27 14:17:27 --> Operand should contain 1 column(s)
#0 /home/qodevnmr/questaonline.xyz/admin/system/Database/MySQLi/Connection.php(292): mysqli->query()
#1 /home/qodevnmr/questaonline.xyz/admin/system/Database/BaseConnection.php(670): CodeIgniter\Database\MySQLi\Connection->execute()
#2 /home/qodevnmr/questaonline.xyz/admin/system/Database/BaseConnection.php(598): CodeIgniter\Database\BaseConnection->simpleQuery()
#3 /home/qodevnmr/questaonline.xyz/admin/system/Database/BaseBuilder.php(1901): CodeIgniter\Database\BaseConnection->query()
#4 /home/qodevnmr/questaonline.xyz/admin/app/Models/Examination_model.php(34): CodeIgniter\Database\BaseBuilder->update()
#5 /home/qodevnmr/questaonline.xyz/admin/app/Controllers/Questions.php(31): App\Models\Examination_model->update_exam()
#6 /home/qodevnmr/questaonline.xyz/admin/system/CodeIgniter.php(824): App\Controllers\Questions->push_question()
#7 /home/qodevnmr/questaonline.xyz/admin/system/CodeIgniter.php(410): CodeIgniter\CodeIgniter->runController()
#8 /home/qodevnmr/questaonline.xyz/admin/system/CodeIgniter.php(318): CodeIgniter\CodeIgniter->handleRequest()
#9 /home/qodevnmr/questaonline.xyz/admin/index.php(37): CodeIgniter\CodeIgniter->run()
#10 {main}
ERROR - 2023-04-27 14:17:48 --> Operand should contain 1 column(s)
CRITICAL - 2023-04-27 14:17:48 --> Operand should contain 1 column(s)
#0 /home/qodevnmr/questaonline.xyz/admin/system/Database/MySQLi/Connection.php(292): mysqli->query()
#1 /home/qodevnmr/questaonline.xyz/admin/system/Database/BaseConnection.php(670): CodeIgniter\Database\MySQLi\Connection->execute()
#2 /home/qodevnmr/questaonline.xyz/admin/system/Database/BaseConnection.php(598): CodeIgniter\Database\BaseConnection->simpleQuery()
#3 /home/qodevnmr/questaonline.xyz/admin/system/Database/BaseBuilder.php(1901): CodeIgniter\Database\BaseConnection->query()
#4 /home/qodevnmr/questaonline.xyz/admin/app/Models/Examination_model.php(34): CodeIgniter\Database\BaseBuilder->update()
#5 /home/qodevnmr/questaonline.xyz/admin/app/Controllers/Questions.php(31): App\Models\Examination_model->update_exam()
#6 /home/qodevnmr/questaonline.xyz/admin/system/CodeIgniter.php(824): App\Controllers\Questions->push_question()
#7 /home/qodevnmr/questaonline.xyz/admin/system/CodeIgniter.php(410): CodeIgniter\CodeIgniter->runController()
#8 /home/qodevnmr/questaonline.xyz/admin/system/CodeIgniter.php(318): CodeIgniter\CodeIgniter->handleRequest()
#9 /home/qodevnmr/questaonline.xyz/admin/index.php(37): CodeIgniter\CodeIgniter->run()
#10 {main}
ERROR - 2023-04-27 14:18:09 --> Operand should contain 1 column(s)
CRITICAL - 2023-04-27 14:18:09 --> Operand should contain 1 column(s)
#0 /home/qodevnmr/questaonline.xyz/admin/system/Database/MySQLi/Connection.php(292): mysqli->query()
#1 /home/qodevnmr/questaonline.xyz/admin/system/Database/BaseConnection.php(670): CodeIgniter\Database\MySQLi\Connection->execute()
#2 /home/qodevnmr/questaonline.xyz/admin/system/Database/BaseConnection.php(598): CodeIgniter\Database\BaseConnection->simpleQuery()
#3 /home/qodevnmr/questaonline.xyz/admin/system/Database/BaseBuilder.php(1901): CodeIgniter\Database\BaseConnection->query()
#4 /home/qodevnmr/questaonline.xyz/admin/app/Models/Examination_model.php(34): CodeIgniter\Database\BaseBuilder->update()
#5 /home/qodevnmr/questaonline.xyz/admin/app/Controllers/Questions.php(31): App\Models\Examination_model->update_exam()
#6 /home/qodevnmr/questaonline.xyz/admin/system/CodeIgniter.php(824): App\Controllers\Questions->push_question()
#7 /home/qodevnmr/questaonline.xyz/admin/system/CodeIgniter.php(410): CodeIgniter\CodeIgniter->runController()
#8 /home/qodevnmr/questaonline.xyz/admin/system/CodeIgniter.php(318): CodeIgniter\CodeIgniter->handleRequest()
#9 /home/qodevnmr/questaonline.xyz/admin/index.php(37): CodeIgniter\CodeIgniter->run()
#10 {main}
ERROR - 2023-04-27 14:19:26 --> Operand should contain 1 column(s)
CRITICAL - 2023-04-27 14:19:26 --> Operand should contain 1 column(s)
#0 /home/qodevnmr/questaonline.xyz/admin/system/Database/MySQLi/Connection.php(292): mysqli->query()
#1 /home/qodevnmr/questaonline.xyz/admin/system/Database/BaseConnection.php(670): CodeIgniter\Database\MySQLi\Connection->execute()
#2 /home/qodevnmr/questaonline.xyz/admin/system/Database/BaseConnection.php(598): CodeIgniter\Database\BaseConnection->simpleQuery()
#3 /home/qodevnmr/questaonline.xyz/admin/system/Database/BaseBuilder.php(1901): CodeIgniter\Database\BaseConnection->query()
#4 /home/qodevnmr/questaonline.xyz/admin/app/Models/Examination_model.php(34): CodeIgniter\Database\BaseBuilder->update()
#5 /home/qodevnmr/questaonline.xyz/admin/app/Controllers/Questions.php(26): App\Models\Examination_model->update_exam()
#6 /home/qodevnmr/questaonline.xyz/admin/system/CodeIgniter.php(824): App\Controllers\Questions->push_question()
#7 /home/qodevnmr/questaonline.xyz/admin/system/CodeIgniter.php(410): CodeIgniter\CodeIgniter->runController()
#8 /home/qodevnmr/questaonline.xyz/admin/system/CodeIgniter.php(318): CodeIgniter\CodeIgniter->handleRequest()
#9 /home/qodevnmr/questaonline.xyz/admin/index.php(37): CodeIgniter\CodeIgniter->run()
#10 {main}
CRITICAL - 2023-04-27 16:52:16 --> array_search(): Argument #2 ($haystack) must be of type array, null given
#0 /home/qodevnmr/questaonline.xyz/admin/app/Views/examinations/view_examination_multichoice.php(405): array_search()
#1 /home/qodevnmr/questaonline.xyz/admin/system/View/View.php(214): include('/home/qodevnmr/...')
#2 /home/qodevnmr/questaonline.xyz/admin/system/View/View.php(217): CodeIgniter\View\View->CodeIgniter\View\{closure}()
#3 /home/qodevnmr/questaonline.xyz/admin/system/Common.php(1097): CodeIgniter\View\View->render()
#4 /home/qodevnmr/questaonline.xyz/admin/app/Controllers/Examinations.php(356): view()
#5 /home/qodevnmr/questaonline.xyz/admin/system/CodeIgniter.php(824): App\Controllers\Examinations->view_examination()
#6 /home/qodevnmr/questaonline.xyz/admin/system/CodeIgniter.php(410): CodeIgniter\CodeIgniter->runController()
#7 /home/qodevnmr/questaonline.xyz/admin/system/CodeIgniter.php(318): CodeIgniter\CodeIgniter->handleRequest()
#8 /home/qodevnmr/questaonline.xyz/admin/index.php(37): CodeIgniter\CodeIgniter->run()
#9 {main}
