CRITICAL - 2021-12-29 15:10:13 --> Undefined index: cbt_admin_session
#0 /home/pharffbh/public_html/cbt_app/admin/app/Views/includes/side_bar.php(69): CodeIgniter\Debug\Exceptions->errorHandler(8, 'Undefined index...', '/home/pharffbh/...', 69, Array)
#1 /home/pharffbh/public_html/cbt_app/admin/system/View/View.php(214): include('/home/pharffbh/...')
#2 /home/pharffbh/public_html/cbt_app/admin/system/View/View.php(217): CodeIgniter\View\View->CodeIgniter\View\{closure}()
#3 /home/pharffbh/public_html/cbt_app/admin/system/View/View.php(432): CodeIgniter\View\View->render('includes/side_b...', NULL, true)
#4 /home/pharffbh/public_html/cbt_app/admin/app/Views/dashboard.php(33): CodeIgniter\View\View->include('includes/side_b...')
#5 /home/pharffbh/public_html/cbt_app/admin/system/View/View.php(214): include('/home/pharffbh/...')
#6 /home/pharffbh/public_html/cbt_app/admin/system/View/View.php(217): CodeIgniter\View\View->CodeIgniter\View\{closure}()
#7 /home/pharffbh/public_html/cbt_app/admin/system/Common.php(1097): CodeIgniter\View\View->render('dashboard', Array, true)
#8 /home/pharffbh/public_html/cbt_app/admin/app/Controllers/Dashboard.php(32): view('dashboard', Array)
#9 /home/pharffbh/public_html/cbt_app/admin/system/CodeIgniter.php(824): App\Controllers\Dashboard->index()
#10 /home/pharffbh/public_html/cbt_app/admin/system/CodeIgniter.php(410): CodeIgniter\CodeIgniter->runController(Object(App\Controllers\Dashboard))
#11 /home/pharffbh/public_html/cbt_app/admin/system/CodeIgniter.php(318): CodeIgniter\CodeIgniter->handleRequest(NULL, Object(Config\Cache), false)
#12 /home/pharffbh/public_html/cbt_app/admin/index.php(37): CodeIgniter\CodeIgniter->run()
#13 {main}
CRITICAL - 2021-12-29 15:14:22 --> Undefined index: cbt_admin_session
#0 /home/pharffbh/public_html/cbt_app/admin/app/Views/includes/side_bar.php(69): CodeIgniter\Debug\Exceptions->errorHandler(8, 'Undefined index...', '/home/pharffbh/...', 69, Array)
#1 /home/pharffbh/public_html/cbt_app/admin/system/View/View.php(214): include('/home/pharffbh/...')
#2 /home/pharffbh/public_html/cbt_app/admin/system/View/View.php(217): CodeIgniter\View\View->CodeIgniter\View\{closure}()
#3 /home/pharffbh/public_html/cbt_app/admin/system/View/View.php(432): CodeIgniter\View\View->render('includes/side_b...', NULL, true)
#4 /home/pharffbh/public_html/cbt_app/admin/app/Views/examinations/exam_results.php(47): CodeIgniter\View\View->include('includes/side_b...')
#5 /home/pharffbh/public_html/cbt_app/admin/system/View/View.php(214): include('/home/pharffbh/...')
#6 /home/pharffbh/public_html/cbt_app/admin/system/View/View.php(217): CodeIgniter\View\View->CodeIgniter\View\{closure}()
#7 /home/pharffbh/public_html/cbt_app/admin/system/Common.php(1097): CodeIgniter\View\View->render('examinations/ex...', Array, true)
#8 /home/pharffbh/public_html/cbt_app/admin/app/Controllers/Examinations.php(317): view('examinations/ex...', Array)
#9 /home/pharffbh/public_html/cbt_app/admin/system/CodeIgniter.php(824): App\Controllers\Examinations->results('W01TYQI')
#10 /home/pharffbh/public_html/cbt_app/admin/system/CodeIgniter.php(410): CodeIgniter\CodeIgniter->runController(Object(App\Controllers\Examinations))
#11 /home/pharffbh/public_html/cbt_app/admin/system/CodeIgniter.php(318): CodeIgniter\CodeIgniter->handleRequest(NULL, Object(Config\Cache), false)
#12 /home/pharffbh/public_html/cbt_app/admin/index.php(37): CodeIgniter\CodeIgniter->run()
#13 {main}
