CRITICAL - 2021-12-11 01:07:42 --> Undefined array key "cbt_admin_session"
#0 D:\xampp\htdocs\cbt_app\admin\app\Views\includes\top_bar.php(25): CodeIgniter\Debug\Exceptions->errorHandler(2, 'Undefined array...', 'D:\\xampp\\htdocs...', 25)
#1 D:\xampp\htdocs\cbt_app\admin\system\View\View.php(214): include('D:\\xampp\\htdocs...')
#2 D:\xampp\htdocs\cbt_app\admin\system\View\View.php(217): CodeIgniter\View\View->CodeIgniter\View\{closure}()
#3 D:\xampp\htdocs\cbt_app\admin\system\View\View.php(432): CodeIgniter\View\View->render('includes/top_ba...', NULL, true)
#4 D:\xampp\htdocs\cbt_app\admin\app\Views\examinations\view_examination.php(70): CodeIgniter\View\View->include('includes/top_ba...')
#5 D:\xampp\htdocs\cbt_app\admin\system\View\View.php(214): include('D:\\xampp\\htdocs...')
#6 D:\xampp\htdocs\cbt_app\admin\system\View\View.php(217): CodeIgniter\View\View->CodeIgniter\View\{closure}()
#7 D:\xampp\htdocs\cbt_app\admin\system\Common.php(1097): CodeIgniter\View\View->render('examinations/vi...', Array, true)
#8 D:\xampp\htdocs\cbt_app\admin\app\Controllers\Examinations.php(165): view('examinations/vi...', Array)
#9 D:\xampp\htdocs\cbt_app\admin\system\CodeIgniter.php(824): App\Controllers\Examinations->view_examination('NOMGE0NRIF')
#10 D:\xampp\htdocs\cbt_app\admin\system\CodeIgniter.php(410): CodeIgniter\CodeIgniter->runController(Object(App\Controllers\Examinations))
#11 D:\xampp\htdocs\cbt_app\admin\system\CodeIgniter.php(318): CodeIgniter\CodeIgniter->handleRequest(NULL, Object(Config\Cache), false)
#12 D:\xampp\htdocs\cbt_app\admin\index.php(37): CodeIgniter\CodeIgniter->run()
#13 {main}
CRITICAL - 2021-12-11 01:08:03 --> Undefined array key "cbt_admin_session"
#0 D:\xampp\htdocs\cbt_app\admin\app\Views\includes\top_bar.php(25): CodeIgniter\Debug\Exceptions->errorHandler(2, 'Undefined array...', 'D:\\xampp\\htdocs...', 25)
#1 D:\xampp\htdocs\cbt_app\admin\system\View\View.php(214): include('D:\\xampp\\htdocs...')
#2 D:\xampp\htdocs\cbt_app\admin\system\View\View.php(217): CodeIgniter\View\View->CodeIgniter\View\{closure}()
#3 D:\xampp\htdocs\cbt_app\admin\system\View\View.php(432): CodeIgniter\View\View->render('includes/top_ba...', NULL, true)
#4 D:\xampp\htdocs\cbt_app\admin\app\Views\examinations\view_examination.php(70): CodeIgniter\View\View->include('includes/top_ba...')
#5 D:\xampp\htdocs\cbt_app\admin\system\View\View.php(214): include('D:\\xampp\\htdocs...')
#6 D:\xampp\htdocs\cbt_app\admin\system\View\View.php(217): CodeIgniter\View\View->CodeIgniter\View\{closure}()
#7 D:\xampp\htdocs\cbt_app\admin\system\Common.php(1097): CodeIgniter\View\View->render('examinations/vi...', Array, true)
#8 D:\xampp\htdocs\cbt_app\admin\app\Controllers\Examinations.php(165): view('examinations/vi...', Array)
#9 D:\xampp\htdocs\cbt_app\admin\system\CodeIgniter.php(824): App\Controllers\Examinations->view_examination('NOMGE0NRIF')
#10 D:\xampp\htdocs\cbt_app\admin\system\CodeIgniter.php(410): CodeIgniter\CodeIgniter->runController(Object(App\Controllers\Examinations))
#11 D:\xampp\htdocs\cbt_app\admin\system\CodeIgniter.php(318): CodeIgniter\CodeIgniter->handleRequest(NULL, Object(Config\Cache), false)
#12 D:\xampp\htdocs\cbt_app\admin\index.php(37): CodeIgniter\CodeIgniter->run()
#13 {main}
CRITICAL - 2021-12-11 01:12:40 --> Class "App\Controllers\Class_model" not found
#0 D:\xampp\htdocs\cbt_app\admin\system\CodeIgniter.php(824): App\Controllers\Candidates->index()
#1 D:\xampp\htdocs\cbt_app\admin\system\CodeIgniter.php(410): CodeIgniter\CodeIgniter->runController(Object(App\Controllers\Candidates))
#2 D:\xampp\htdocs\cbt_app\admin\system\CodeIgniter.php(318): CodeIgniter\CodeIgniter->handleRequest(NULL, Object(Config\Cache), false)
#3 D:\xampp\htdocs\cbt_app\admin\index.php(37): CodeIgniter\CodeIgniter->run()
#4 {main}
CRITICAL - 2021-12-11 01:14:58 --> Undefined variable $classes
#0 D:\xampp\htdocs\cbt_app\admin\app\Controllers\Candidates.php(90): CodeIgniter\Debug\Exceptions->errorHandler(2, 'Undefined varia...', 'D:\\xampp\\htdocs...', 90)
#1 D:\xampp\htdocs\cbt_app\admin\system\CodeIgniter.php(824): App\Controllers\Candidates->fetch_candidate()
#2 D:\xampp\htdocs\cbt_app\admin\system\CodeIgniter.php(410): CodeIgniter\CodeIgniter->runController(Object(App\Controllers\Candidates))
#3 D:\xampp\htdocs\cbt_app\admin\system\CodeIgniter.php(318): CodeIgniter\CodeIgniter->handleRequest(NULL, Object(Config\Cache), false)
#4 D:\xampp\htdocs\cbt_app\admin\index.php(37): CodeIgniter\CodeIgniter->run()
#5 {main}
CRITICAL - 2021-12-11 01:15:05 --> Undefined array key "cbt_admin_session"
#0 D:\xampp\htdocs\cbt_app\admin\app\Views\includes\top_bar.php(25): CodeIgniter\Debug\Exceptions->errorHandler(2, 'Undefined array...', 'D:\\xampp\\htdocs...', 25)
#1 D:\xampp\htdocs\cbt_app\admin\system\View\View.php(214): include('D:\\xampp\\htdocs...')
#2 D:\xampp\htdocs\cbt_app\admin\system\View\View.php(217): CodeIgniter\View\View->CodeIgniter\View\{closure}()
#3 D:\xampp\htdocs\cbt_app\admin\system\View\View.php(432): CodeIgniter\View\View->render('includes/top_ba...', NULL, true)
#4 D:\xampp\htdocs\cbt_app\admin\app\Views\candidates\list_of_candidates.php(35): CodeIgniter\View\View->include('includes/top_ba...')
#5 D:\xampp\htdocs\cbt_app\admin\system\View\View.php(214): include('D:\\xampp\\htdocs...')
#6 D:\xampp\htdocs\cbt_app\admin\system\View\View.php(217): CodeIgniter\View\View->CodeIgniter\View\{closure}()
#7 D:\xampp\htdocs\cbt_app\admin\system\Common.php(1097): CodeIgniter\View\View->render('candidates/list...', Array, true)
#8 D:\xampp\htdocs\cbt_app\admin\app\Controllers\Candidates.php(18): view('candidates/list...', Array)
#9 D:\xampp\htdocs\cbt_app\admin\system\CodeIgniter.php(824): App\Controllers\Candidates->index()
#10 D:\xampp\htdocs\cbt_app\admin\system\CodeIgniter.php(410): CodeIgniter\CodeIgniter->runController(Object(App\Controllers\Candidates))
#11 D:\xampp\htdocs\cbt_app\admin\system\CodeIgniter.php(318): CodeIgniter\CodeIgniter->handleRequest(NULL, Object(Config\Cache), false)
#12 D:\xampp\htdocs\cbt_app\admin\index.php(37): CodeIgniter\CodeIgniter->run()
#13 {main}
CRITICAL - 2021-12-11 02:27:21 --> Cannot use object of type mysqli as array
#0 D:\xampp\htdocs\cbt_app\admin\system\View\View.php(214): include()
#1 D:\xampp\htdocs\cbt_app\admin\system\View\View.php(217): CodeIgniter\View\View->CodeIgniter\View\{closure}()
#2 D:\xampp\htdocs\cbt_app\admin\system\Common.php(1097): CodeIgniter\View\View->render('examinations/vi...', Array, true)
#3 D:\xampp\htdocs\cbt_app\admin\app\Controllers\Examinations.php(168): view('examinations/vi...', Array)
#4 D:\xampp\htdocs\cbt_app\admin\system\CodeIgniter.php(824): App\Controllers\Examinations->view_examination('KSGGKY8TFY')
#5 D:\xampp\htdocs\cbt_app\admin\system\CodeIgniter.php(410): CodeIgniter\CodeIgniter->runController(Object(App\Controllers\Examinations))
#6 D:\xampp\htdocs\cbt_app\admin\system\CodeIgniter.php(318): CodeIgniter\CodeIgniter->handleRequest(NULL, Object(Config\Cache), false)
#7 D:\xampp\htdocs\cbt_app\admin\index.php(37): CodeIgniter\CodeIgniter->run()
#8 {main}
CRITICAL - 2021-12-11 02:27:35 --> Cannot access offset of type string on string
#0 D:\xampp\htdocs\cbt_app\admin\system\View\View.php(214): include()
#1 D:\xampp\htdocs\cbt_app\admin\system\View\View.php(217): CodeIgniter\View\View->CodeIgniter\View\{closure}()
#2 D:\xampp\htdocs\cbt_app\admin\system\Common.php(1097): CodeIgniter\View\View->render('examinations/vi...', Array, true)
#3 D:\xampp\htdocs\cbt_app\admin\app\Controllers\Examinations.php(168): view('examinations/vi...', Array)
#4 D:\xampp\htdocs\cbt_app\admin\system\CodeIgniter.php(824): App\Controllers\Examinations->view_examination('KSGGKY8TFY')
#5 D:\xampp\htdocs\cbt_app\admin\system\CodeIgniter.php(410): CodeIgniter\CodeIgniter->runController(Object(App\Controllers\Examinations))
#6 D:\xampp\htdocs\cbt_app\admin\system\CodeIgniter.php(318): CodeIgniter\CodeIgniter->handleRequest(NULL, Object(Config\Cache), false)
#7 D:\xampp\htdocs\cbt_app\admin\index.php(37): CodeIgniter\CodeIgniter->run()
#8 {main}
CRITICAL - 2021-12-11 02:28:52 --> Cannot access offset of type string on string
#0 D:\xampp\htdocs\cbt_app\admin\system\View\View.php(214): include()
#1 D:\xampp\htdocs\cbt_app\admin\system\View\View.php(217): CodeIgniter\View\View->CodeIgniter\View\{closure}()
#2 D:\xampp\htdocs\cbt_app\admin\system\Common.php(1097): CodeIgniter\View\View->render('examinations/vi...', Array, true)
#3 D:\xampp\htdocs\cbt_app\admin\app\Controllers\Examinations.php(168): view('examinations/vi...', Array)
#4 D:\xampp\htdocs\cbt_app\admin\system\CodeIgniter.php(824): App\Controllers\Examinations->view_examination('KSGGKY8TFY')
#5 D:\xampp\htdocs\cbt_app\admin\system\CodeIgniter.php(410): CodeIgniter\CodeIgniter->runController(Object(App\Controllers\Examinations))
#6 D:\xampp\htdocs\cbt_app\admin\system\CodeIgniter.php(318): CodeIgniter\CodeIgniter->handleRequest(NULL, Object(Config\Cache), false)
#7 D:\xampp\htdocs\cbt_app\admin\index.php(37): CodeIgniter\CodeIgniter->run()
#8 {main}
CRITICAL - 2021-12-11 02:29:16 --> Cannot access offset of type string on string
#0 D:\xampp\htdocs\cbt_app\admin\system\View\View.php(214): include()
#1 D:\xampp\htdocs\cbt_app\admin\system\View\View.php(217): CodeIgniter\View\View->CodeIgniter\View\{closure}()
#2 D:\xampp\htdocs\cbt_app\admin\system\Common.php(1097): CodeIgniter\View\View->render('examinations/vi...', Array, true)
#3 D:\xampp\htdocs\cbt_app\admin\app\Controllers\Examinations.php(168): view('examinations/vi...', Array)
#4 D:\xampp\htdocs\cbt_app\admin\system\CodeIgniter.php(824): App\Controllers\Examinations->view_examination('KSGGKY8TFY')
#5 D:\xampp\htdocs\cbt_app\admin\system\CodeIgniter.php(410): CodeIgniter\CodeIgniter->runController(Object(App\Controllers\Examinations))
#6 D:\xampp\htdocs\cbt_app\admin\system\CodeIgniter.php(318): CodeIgniter\CodeIgniter->handleRequest(NULL, Object(Config\Cache), false)
#7 D:\xampp\htdocs\cbt_app\admin\index.php(37): CodeIgniter\CodeIgniter->run()
#8 {main}
CRITICAL - 2021-12-11 02:30:28 --> Cannot access offset of type string on string
#0 D:\xampp\htdocs\cbt_app\admin\system\View\View.php(214): include()
#1 D:\xampp\htdocs\cbt_app\admin\system\View\View.php(217): CodeIgniter\View\View->CodeIgniter\View\{closure}()
#2 D:\xampp\htdocs\cbt_app\admin\system\Common.php(1097): CodeIgniter\View\View->render('examinations/vi...', Array, true)
#3 D:\xampp\htdocs\cbt_app\admin\app\Controllers\Examinations.php(168): view('examinations/vi...', Array)
#4 D:\xampp\htdocs\cbt_app\admin\system\CodeIgniter.php(824): App\Controllers\Examinations->view_examination('KSGGKY8TFY')
#5 D:\xampp\htdocs\cbt_app\admin\system\CodeIgniter.php(410): CodeIgniter\CodeIgniter->runController(Object(App\Controllers\Examinations))
#6 D:\xampp\htdocs\cbt_app\admin\system\CodeIgniter.php(318): CodeIgniter\CodeIgniter->handleRequest(NULL, Object(Config\Cache), false)
#7 D:\xampp\htdocs\cbt_app\admin\index.php(37): CodeIgniter\CodeIgniter->run()
#8 {main}
CRITICAL - 2021-12-11 02:30:56 --> Cannot access offset of type string on string
#0 D:\xampp\htdocs\cbt_app\admin\system\View\View.php(214): include()
#1 D:\xampp\htdocs\cbt_app\admin\system\View\View.php(217): CodeIgniter\View\View->CodeIgniter\View\{closure}()
#2 D:\xampp\htdocs\cbt_app\admin\system\Common.php(1097): CodeIgniter\View\View->render('examinations/vi...', Array, true)
#3 D:\xampp\htdocs\cbt_app\admin\app\Controllers\Examinations.php(168): view('examinations/vi...', Array)
#4 D:\xampp\htdocs\cbt_app\admin\system\CodeIgniter.php(824): App\Controllers\Examinations->view_examination('KSGGKY8TFY')
#5 D:\xampp\htdocs\cbt_app\admin\system\CodeIgniter.php(410): CodeIgniter\CodeIgniter->runController(Object(App\Controllers\Examinations))
#6 D:\xampp\htdocs\cbt_app\admin\system\CodeIgniter.php(318): CodeIgniter\CodeIgniter->handleRequest(NULL, Object(Config\Cache), false)
#7 D:\xampp\htdocs\cbt_app\admin\index.php(37): CodeIgniter\CodeIgniter->run()
#8 {main}
CRITICAL - 2021-12-11 03:08:51 --> Undefined array key "cbt_admin_session"
#0 D:\xampp\htdocs\cbt_app\admin\app\Views\includes\top_bar.php(25): CodeIgniter\Debug\Exceptions->errorHandler(2, 'Undefined array...', 'D:\\xampp\\htdocs...', 25)
#1 D:\xampp\htdocs\cbt_app\admin\system\View\View.php(214): include('D:\\xampp\\htdocs...')
#2 D:\xampp\htdocs\cbt_app\admin\system\View\View.php(217): CodeIgniter\View\View->CodeIgniter\View\{closure}()
#3 D:\xampp\htdocs\cbt_app\admin\system\View\View.php(432): CodeIgniter\View\View->render('includes/top_ba...', NULL, true)
#4 D:\xampp\htdocs\cbt_app\admin\app\Views\examinations\view_examination.php(70): CodeIgniter\View\View->include('includes/top_ba...')
#5 D:\xampp\htdocs\cbt_app\admin\system\View\View.php(214): include('D:\\xampp\\htdocs...')
#6 D:\xampp\htdocs\cbt_app\admin\system\View\View.php(217): CodeIgniter\View\View->CodeIgniter\View\{closure}()
#7 D:\xampp\htdocs\cbt_app\admin\system\Common.php(1097): CodeIgniter\View\View->render('examinations/vi...', Array, true)
#8 D:\xampp\htdocs\cbt_app\admin\app\Controllers\Examinations.php(168): view('examinations/vi...', Array)
#9 D:\xampp\htdocs\cbt_app\admin\system\CodeIgniter.php(824): App\Controllers\Examinations->view_examination('KSGGKY8TFY')
#10 D:\xampp\htdocs\cbt_app\admin\system\CodeIgniter.php(410): CodeIgniter\CodeIgniter->runController(Object(App\Controllers\Examinations))
#11 D:\xampp\htdocs\cbt_app\admin\system\CodeIgniter.php(318): CodeIgniter\CodeIgniter->handleRequest(NULL, Object(Config\Cache), false)
#12 D:\xampp\htdocs\cbt_app\admin\index.php(37): CodeIgniter\CodeIgniter->run()
#13 {main}
CRITICAL - 2021-12-11 03:11:06 --> Class "App\Controllers\Candidate_model" not found
#0 D:\xampp\htdocs\cbt_app\admin\system\CodeIgniter.php(824): App\Controllers\Classes->fetch_candidates()
#1 D:\xampp\htdocs\cbt_app\admin\system\CodeIgniter.php(410): CodeIgniter\CodeIgniter->runController(Object(App\Controllers\Classes))
#2 D:\xampp\htdocs\cbt_app\admin\system\CodeIgniter.php(318): CodeIgniter\CodeIgniter->handleRequest(NULL, Object(Config\Cache), false)
#3 D:\xampp\htdocs\cbt_app\admin\index.php(37): CodeIgniter\CodeIgniter->run()
#4 {main}
CRITICAL - 2021-12-11 03:29:59 --> Class "App\Controllers\Examination_model" not found
#0 D:\xampp\htdocs\cbt_app\admin\system\CodeIgniter.php(824): App\Controllers\Classes->fetch_candidates()
#1 D:\xampp\htdocs\cbt_app\admin\system\CodeIgniter.php(410): CodeIgniter\CodeIgniter->runController(Object(App\Controllers\Classes))
#2 D:\xampp\htdocs\cbt_app\admin\system\CodeIgniter.php(318): CodeIgniter\CodeIgniter->handleRequest(NULL, Object(Config\Cache), false)
#3 D:\xampp\htdocs\cbt_app\admin\index.php(37): CodeIgniter\CodeIgniter->run()
#4 {main}
CRITICAL - 2021-12-11 06:40:24 --> Undefined array key "cbt_admin_session"
#0 D:\xampp\htdocs\cbt_app\admin\app\Views\includes\top_bar.php(25): CodeIgniter\Debug\Exceptions->errorHandler(2, 'Undefined array...', 'D:\\xampp\\htdocs...', 25)
#1 D:\xampp\htdocs\cbt_app\admin\system\View\View.php(214): include('D:\\xampp\\htdocs...')
#2 D:\xampp\htdocs\cbt_app\admin\system\View\View.php(217): CodeIgniter\View\View->CodeIgniter\View\{closure}()
#3 D:\xampp\htdocs\cbt_app\admin\system\View\View.php(432): CodeIgniter\View\View->render('includes/top_ba...', NULL, true)
#4 D:\xampp\htdocs\cbt_app\admin\app\Views\examinations\view_examination.php(70): CodeIgniter\View\View->include('includes/top_ba...')
#5 D:\xampp\htdocs\cbt_app\admin\system\View\View.php(214): include('D:\\xampp\\htdocs...')
#6 D:\xampp\htdocs\cbt_app\admin\system\View\View.php(217): CodeIgniter\View\View->CodeIgniter\View\{closure}()
#7 D:\xampp\htdocs\cbt_app\admin\system\Common.php(1097): CodeIgniter\View\View->render('examinations/vi...', Array, true)
#8 D:\xampp\htdocs\cbt_app\admin\app\Controllers\Examinations.php(168): view('examinations/vi...', Array)
#9 D:\xampp\htdocs\cbt_app\admin\system\CodeIgniter.php(824): App\Controllers\Examinations->view_examination('UL2Y2EZQGC')
#10 D:\xampp\htdocs\cbt_app\admin\system\CodeIgniter.php(410): CodeIgniter\CodeIgniter->runController(Object(App\Controllers\Examinations))
#11 D:\xampp\htdocs\cbt_app\admin\system\CodeIgniter.php(318): CodeIgniter\CodeIgniter->handleRequest(NULL, Object(Config\Cache), false)
#12 D:\xampp\htdocs\cbt_app\admin\index.php(37): CodeIgniter\CodeIgniter->run()
#13 {main}
CRITICAL - 2021-12-11 07:36:19 --> Undefined array key "cbt_admin_session"
#0 D:\xampp\htdocs\cbt_app\admin\app\Views\includes\top_bar.php(25): CodeIgniter\Debug\Exceptions->errorHandler(2, 'Undefined array...', 'D:\\xampp\\htdocs...', 25)
#1 D:\xampp\htdocs\cbt_app\admin\system\View\View.php(214): include('D:\\xampp\\htdocs...')
#2 D:\xampp\htdocs\cbt_app\admin\system\View\View.php(217): CodeIgniter\View\View->CodeIgniter\View\{closure}()
#3 D:\xampp\htdocs\cbt_app\admin\system\View\View.php(432): CodeIgniter\View\View->render('includes/top_ba...', NULL, true)
#4 D:\xampp\htdocs\cbt_app\admin\app\Views\dashboard.php(34): CodeIgniter\View\View->include('includes/top_ba...')
#5 D:\xampp\htdocs\cbt_app\admin\system\View\View.php(214): include('D:\\xampp\\htdocs...')
#6 D:\xampp\htdocs\cbt_app\admin\system\View\View.php(217): CodeIgniter\View\View->CodeIgniter\View\{closure}()
#7 D:\xampp\htdocs\cbt_app\admin\system\Common.php(1097): CodeIgniter\View\View->render('dashboard', Array, true)
#8 D:\xampp\htdocs\cbt_app\admin\app\Controllers\Dashboard.php(9): view('dashboard')
#9 D:\xampp\htdocs\cbt_app\admin\system\CodeIgniter.php(824): App\Controllers\Dashboard->index()
#10 D:\xampp\htdocs\cbt_app\admin\system\CodeIgniter.php(410): CodeIgniter\CodeIgniter->runController(Object(App\Controllers\Dashboard))
#11 D:\xampp\htdocs\cbt_app\admin\system\CodeIgniter.php(318): CodeIgniter\CodeIgniter->handleRequest(NULL, Object(Config\Cache), false)
#12 D:\xampp\htdocs\cbt_app\admin\index.php(37): CodeIgniter\CodeIgniter->run()
#13 {main}
CRITICAL - 2021-12-11 07:43:46 --> Undefined array key "cbt_admin_session"
#0 D:\xampp\htdocs\cbt_app\admin\app\Views\includes\top_bar.php(25): CodeIgniter\Debug\Exceptions->errorHandler(2, 'Undefined array...', 'D:\\xampp\\htdocs...', 25)
#1 D:\xampp\htdocs\cbt_app\admin\system\View\View.php(214): include('D:\\xampp\\htdocs...')
#2 D:\xampp\htdocs\cbt_app\admin\system\View\View.php(217): CodeIgniter\View\View->CodeIgniter\View\{closure}()
#3 D:\xampp\htdocs\cbt_app\admin\system\View\View.php(432): CodeIgniter\View\View->render('includes/top_ba...', NULL, true)
#4 D:\xampp\htdocs\cbt_app\admin\app\Views\examinations\view_examination.php(70): CodeIgniter\View\View->include('includes/top_ba...')
#5 D:\xampp\htdocs\cbt_app\admin\system\View\View.php(214): include('D:\\xampp\\htdocs...')
#6 D:\xampp\htdocs\cbt_app\admin\system\View\View.php(217): CodeIgniter\View\View->CodeIgniter\View\{closure}()
#7 D:\xampp\htdocs\cbt_app\admin\system\Common.php(1097): CodeIgniter\View\View->render('examinations/vi...', Array, true)
#8 D:\xampp\htdocs\cbt_app\admin\app\Controllers\Examinations.php(168): view('examinations/vi...', Array)
#9 D:\xampp\htdocs\cbt_app\admin\system\CodeIgniter.php(824): App\Controllers\Examinations->view_examination('UL2Y2EZQGC')
#10 D:\xampp\htdocs\cbt_app\admin\system\CodeIgniter.php(410): CodeIgniter\CodeIgniter->runController(Object(App\Controllers\Examinations))
#11 D:\xampp\htdocs\cbt_app\admin\system\CodeIgniter.php(318): CodeIgniter\CodeIgniter->handleRequest(NULL, Object(Config\Cache), false)
#12 D:\xampp\htdocs\cbt_app\admin\index.php(37): CodeIgniter\CodeIgniter->run()
#13 {main}
CRITICAL - 2021-12-11 07:44:29 --> Undefined array key "cbt_admin_session"
#0 D:\xampp\htdocs\cbt_app\admin\app\Views\includes\top_bar.php(25): CodeIgniter\Debug\Exceptions->errorHandler(2, 'Undefined array...', 'D:\\xampp\\htdocs...', 25)
#1 D:\xampp\htdocs\cbt_app\admin\system\View\View.php(214): include('D:\\xampp\\htdocs...')
#2 D:\xampp\htdocs\cbt_app\admin\system\View\View.php(217): CodeIgniter\View\View->CodeIgniter\View\{closure}()
#3 D:\xampp\htdocs\cbt_app\admin\system\View\View.php(432): CodeIgniter\View\View->render('includes/top_ba...', NULL, true)
#4 D:\xampp\htdocs\cbt_app\admin\app\Views\examinations\view_examination.php(70): CodeIgniter\View\View->include('includes/top_ba...')
#5 D:\xampp\htdocs\cbt_app\admin\system\View\View.php(214): include('D:\\xampp\\htdocs...')
#6 D:\xampp\htdocs\cbt_app\admin\system\View\View.php(217): CodeIgniter\View\View->CodeIgniter\View\{closure}()
#7 D:\xampp\htdocs\cbt_app\admin\system\Common.php(1097): CodeIgniter\View\View->render('examinations/vi...', Array, true)
#8 D:\xampp\htdocs\cbt_app\admin\app\Controllers\Examinations.php(168): view('examinations/vi...', Array)
#9 D:\xampp\htdocs\cbt_app\admin\system\CodeIgniter.php(824): App\Controllers\Examinations->view_examination('UL2Y2EZQGC')
#10 D:\xampp\htdocs\cbt_app\admin\system\CodeIgniter.php(410): CodeIgniter\CodeIgniter->runController(Object(App\Controllers\Examinations))
#11 D:\xampp\htdocs\cbt_app\admin\system\CodeIgniter.php(318): CodeIgniter\CodeIgniter->handleRequest(NULL, Object(Config\Cache), false)
#12 D:\xampp\htdocs\cbt_app\admin\index.php(37): CodeIgniter\CodeIgniter->run()
#13 {main}
CRITICAL - 2021-12-11 07:59:49 --> Undefined array key "cbt_admin_session"
#0 D:\xampp\htdocs\cbt_app\admin\app\Views\includes\top_bar.php(25): CodeIgniter\Debug\Exceptions->errorHandler(2, 'Undefined array...', 'D:\\xampp\\htdocs...', 25)
#1 D:\xampp\htdocs\cbt_app\admin\system\View\View.php(214): include('D:\\xampp\\htdocs...')
#2 D:\xampp\htdocs\cbt_app\admin\system\View\View.php(217): CodeIgniter\View\View->CodeIgniter\View\{closure}()
#3 D:\xampp\htdocs\cbt_app\admin\system\View\View.php(432): CodeIgniter\View\View->render('includes/top_ba...', NULL, true)
#4 D:\xampp\htdocs\cbt_app\admin\app\Views\examinations\list_of_exams.php(36): CodeIgniter\View\View->include('includes/top_ba...')
#5 D:\xampp\htdocs\cbt_app\admin\system\View\View.php(214): include('D:\\xampp\\htdocs...')
#6 D:\xampp\htdocs\cbt_app\admin\system\View\View.php(217): CodeIgniter\View\View->CodeIgniter\View\{closure}()
#7 D:\xampp\htdocs\cbt_app\admin\system\Common.php(1097): CodeIgniter\View\View->render('examinations/li...', Array, true)
#8 D:\xampp\htdocs\cbt_app\admin\app\Controllers\Examinations.php(25): view('examinations/li...', Array)
#9 D:\xampp\htdocs\cbt_app\admin\system\CodeIgniter.php(824): App\Controllers\Examinations->index()
#10 D:\xampp\htdocs\cbt_app\admin\system\CodeIgniter.php(410): CodeIgniter\CodeIgniter->runController(Object(App\Controllers\Examinations))
#11 D:\xampp\htdocs\cbt_app\admin\system\CodeIgniter.php(318): CodeIgniter\CodeIgniter->handleRequest(NULL, Object(Config\Cache), false)
#12 D:\xampp\htdocs\cbt_app\admin\index.php(37): CodeIgniter\CodeIgniter->run()
#13 {main}
CRITICAL - 2021-12-11 08:05:47 --> Undefined array key "cbt_admin_session"
#0 D:\xampp\htdocs\cbt_app\admin\app\Views\includes\top_bar.php(25): CodeIgniter\Debug\Exceptions->errorHandler(2, 'Undefined array...', 'D:\\xampp\\htdocs...', 25)
#1 D:\xampp\htdocs\cbt_app\admin\system\View\View.php(214): include('D:\\xampp\\htdocs...')
#2 D:\xampp\htdocs\cbt_app\admin\system\View\View.php(217): CodeIgniter\View\View->CodeIgniter\View\{closure}()
#3 D:\xampp\htdocs\cbt_app\admin\system\View\View.php(432): CodeIgniter\View\View->render('includes/top_ba...', NULL, true)
#4 D:\xampp\htdocs\cbt_app\admin\app\Views\examinations\view_examination.php(70): CodeIgniter\View\View->include('includes/top_ba...')
#5 D:\xampp\htdocs\cbt_app\admin\system\View\View.php(214): include('D:\\xampp\\htdocs...')
#6 D:\xampp\htdocs\cbt_app\admin\system\View\View.php(217): CodeIgniter\View\View->CodeIgniter\View\{closure}()
#7 D:\xampp\htdocs\cbt_app\admin\system\Common.php(1097): CodeIgniter\View\View->render('examinations/vi...', Array, true)
#8 D:\xampp\htdocs\cbt_app\admin\app\Controllers\Examinations.php(168): view('examinations/vi...', Array)
#9 D:\xampp\htdocs\cbt_app\admin\system\CodeIgniter.php(824): App\Controllers\Examinations->view_examination('UL2Y2EZQGC')
#10 D:\xampp\htdocs\cbt_app\admin\system\CodeIgniter.php(410): CodeIgniter\CodeIgniter->runController(Object(App\Controllers\Examinations))
#11 D:\xampp\htdocs\cbt_app\admin\system\CodeIgniter.php(318): CodeIgniter\CodeIgniter->handleRequest(NULL, Object(Config\Cache), false)
#12 D:\xampp\htdocs\cbt_app\admin\index.php(37): CodeIgniter\CodeIgniter->run()
#13 {main}
CRITICAL - 2021-12-11 08:12:09 --> Undefined array key "cbt_admin_session"
#0 D:\xampp\htdocs\cbt_app\admin\app\Views\includes\top_bar.php(25): CodeIgniter\Debug\Exceptions->errorHandler(2, 'Undefined array...', 'D:\\xampp\\htdocs...', 25)
#1 D:\xampp\htdocs\cbt_app\admin\system\View\View.php(214): include('D:\\xampp\\htdocs...')
#2 D:\xampp\htdocs\cbt_app\admin\system\View\View.php(217): CodeIgniter\View\View->CodeIgniter\View\{closure}()
#3 D:\xampp\htdocs\cbt_app\admin\system\View\View.php(432): CodeIgniter\View\View->render('includes/top_ba...', NULL, true)
#4 D:\xampp\htdocs\cbt_app\admin\app\Views\examinations\view_examination.php(70): CodeIgniter\View\View->include('includes/top_ba...')
#5 D:\xampp\htdocs\cbt_app\admin\system\View\View.php(214): include('D:\\xampp\\htdocs...')
#6 D:\xampp\htdocs\cbt_app\admin\system\View\View.php(217): CodeIgniter\View\View->CodeIgniter\View\{closure}()
#7 D:\xampp\htdocs\cbt_app\admin\system\Common.php(1097): CodeIgniter\View\View->render('examinations/vi...', Array, true)
#8 D:\xampp\htdocs\cbt_app\admin\app\Controllers\Examinations.php(168): view('examinations/vi...', Array)
#9 D:\xampp\htdocs\cbt_app\admin\system\CodeIgniter.php(824): App\Controllers\Examinations->view_examination('UL2Y2EZQGC')
#10 D:\xampp\htdocs\cbt_app\admin\system\CodeIgniter.php(410): CodeIgniter\CodeIgniter->runController(Object(App\Controllers\Examinations))
#11 D:\xampp\htdocs\cbt_app\admin\system\CodeIgniter.php(318): CodeIgniter\CodeIgniter->handleRequest(NULL, Object(Config\Cache), false)
#12 D:\xampp\htdocs\cbt_app\admin\index.php(37): CodeIgniter\CodeIgniter->run()
#13 {main}
CRITICAL - 2021-12-11 08:30:44 --> Undefined array key "cbt_admin_session"
#0 D:\xampp\htdocs\cbt_app\admin\app\Views\includes\top_bar.php(25): CodeIgniter\Debug\Exceptions->errorHandler(2, 'Undefined array...', 'D:\\xampp\\htdocs...', 25)
#1 D:\xampp\htdocs\cbt_app\admin\system\View\View.php(214): include('D:\\xampp\\htdocs...')
#2 D:\xampp\htdocs\cbt_app\admin\system\View\View.php(217): CodeIgniter\View\View->CodeIgniter\View\{closure}()
#3 D:\xampp\htdocs\cbt_app\admin\system\View\View.php(432): CodeIgniter\View\View->render('includes/top_ba...', NULL, true)
#4 D:\xampp\htdocs\cbt_app\admin\app\Views\examinations\view_examination.php(70): CodeIgniter\View\View->include('includes/top_ba...')
#5 D:\xampp\htdocs\cbt_app\admin\system\View\View.php(214): include('D:\\xampp\\htdocs...')
#6 D:\xampp\htdocs\cbt_app\admin\system\View\View.php(217): CodeIgniter\View\View->CodeIgniter\View\{closure}()
#7 D:\xampp\htdocs\cbt_app\admin\system\Common.php(1097): CodeIgniter\View\View->render('examinations/vi...', Array, true)
#8 D:\xampp\htdocs\cbt_app\admin\app\Controllers\Examinations.php(168): view('examinations/vi...', Array)
#9 D:\xampp\htdocs\cbt_app\admin\system\CodeIgniter.php(824): App\Controllers\Examinations->view_examination('UL2Y2EZQGC')
#10 D:\xampp\htdocs\cbt_app\admin\system\CodeIgniter.php(410): CodeIgniter\CodeIgniter->runController(Object(App\Controllers\Examinations))
#11 D:\xampp\htdocs\cbt_app\admin\system\CodeIgniter.php(318): CodeIgniter\CodeIgniter->handleRequest(NULL, Object(Config\Cache), false)
#12 D:\xampp\htdocs\cbt_app\admin\index.php(37): CodeIgniter\CodeIgniter->run()
#13 {main}
CRITICAL - 2021-12-11 08:40:18 --> Undefined array key "cbt_admin_session"
#0 D:\xampp\htdocs\cbt_app\admin\app\Views\includes\top_bar.php(25): CodeIgniter\Debug\Exceptions->errorHandler(2, 'Undefined array...', 'D:\\xampp\\htdocs...', 25)
#1 D:\xampp\htdocs\cbt_app\admin\system\View\View.php(214): include('D:\\xampp\\htdocs...')
#2 D:\xampp\htdocs\cbt_app\admin\system\View\View.php(217): CodeIgniter\View\View->CodeIgniter\View\{closure}()
#3 D:\xampp\htdocs\cbt_app\admin\system\View\View.php(432): CodeIgniter\View\View->render('includes/top_ba...', NULL, true)
#4 D:\xampp\htdocs\cbt_app\admin\app\Views\examinations\view_examination.php(70): CodeIgniter\View\View->include('includes/top_ba...')
#5 D:\xampp\htdocs\cbt_app\admin\system\View\View.php(214): include('D:\\xampp\\htdocs...')
#6 D:\xampp\htdocs\cbt_app\admin\system\View\View.php(217): CodeIgniter\View\View->CodeIgniter\View\{closure}()
#7 D:\xampp\htdocs\cbt_app\admin\system\Common.php(1097): CodeIgniter\View\View->render('examinations/vi...', Array, true)
#8 D:\xampp\htdocs\cbt_app\admin\app\Controllers\Examinations.php(168): view('examinations/vi...', Array)
#9 D:\xampp\htdocs\cbt_app\admin\system\CodeIgniter.php(824): App\Controllers\Examinations->view_examination('UL2Y2EZQGC')
#10 D:\xampp\htdocs\cbt_app\admin\system\CodeIgniter.php(410): CodeIgniter\CodeIgniter->runController(Object(App\Controllers\Examinations))
#11 D:\xampp\htdocs\cbt_app\admin\system\CodeIgniter.php(318): CodeIgniter\CodeIgniter->handleRequest(NULL, Object(Config\Cache), false)
#12 D:\xampp\htdocs\cbt_app\admin\index.php(37): CodeIgniter\CodeIgniter->run()
#13 {main}
CRITICAL - 2021-12-11 08:42:49 --> Undefined array key "cbt_admin_session"
#0 D:\xampp\htdocs\cbt_app\admin\app\Views\includes\top_bar.php(25): CodeIgniter\Debug\Exceptions->errorHandler(2, 'Undefined array...', 'D:\\xampp\\htdocs...', 25)
#1 D:\xampp\htdocs\cbt_app\admin\system\View\View.php(214): include('D:\\xampp\\htdocs...')
#2 D:\xampp\htdocs\cbt_app\admin\system\View\View.php(217): CodeIgniter\View\View->CodeIgniter\View\{closure}()
#3 D:\xampp\htdocs\cbt_app\admin\system\View\View.php(432): CodeIgniter\View\View->render('includes/top_ba...', NULL, true)
#4 D:\xampp\htdocs\cbt_app\admin\app\Views\examinations\view_examination.php(70): CodeIgniter\View\View->include('includes/top_ba...')
#5 D:\xampp\htdocs\cbt_app\admin\system\View\View.php(214): include('D:\\xampp\\htdocs...')
#6 D:\xampp\htdocs\cbt_app\admin\system\View\View.php(217): CodeIgniter\View\View->CodeIgniter\View\{closure}()
#7 D:\xampp\htdocs\cbt_app\admin\system\Common.php(1097): CodeIgniter\View\View->render('examinations/vi...', Array, true)
#8 D:\xampp\htdocs\cbt_app\admin\app\Controllers\Examinations.php(168): view('examinations/vi...', Array)
#9 D:\xampp\htdocs\cbt_app\admin\system\CodeIgniter.php(824): App\Controllers\Examinations->view_examination('UL2Y2EZQGC')
#10 D:\xampp\htdocs\cbt_app\admin\system\CodeIgniter.php(410): CodeIgniter\CodeIgniter->runController(Object(App\Controllers\Examinations))
#11 D:\xampp\htdocs\cbt_app\admin\system\CodeIgniter.php(318): CodeIgniter\CodeIgniter->handleRequest(NULL, Object(Config\Cache), false)
#12 D:\xampp\htdocs\cbt_app\admin\index.php(37): CodeIgniter\CodeIgniter->run()
#13 {main}
CRITICAL - 2021-12-11 10:09:02 --> Undefined array key "cbt_admin_session"
#0 D:\xampp\htdocs\cbt_app\admin\app\Views\includes\top_bar.php(25): CodeIgniter\Debug\Exceptions->errorHandler(2, 'Undefined array...', 'D:\\xampp\\htdocs...', 25)
#1 D:\xampp\htdocs\cbt_app\admin\system\View\View.php(214): include('D:\\xampp\\htdocs...')
#2 D:\xampp\htdocs\cbt_app\admin\system\View\View.php(217): CodeIgniter\View\View->CodeIgniter\View\{closure}()
#3 D:\xampp\htdocs\cbt_app\admin\system\View\View.php(432): CodeIgniter\View\View->render('includes/top_ba...', NULL, true)
#4 D:\xampp\htdocs\cbt_app\admin\app\Views\examinations\view_examination.php(72): CodeIgniter\View\View->include('includes/top_ba...')
#5 D:\xampp\htdocs\cbt_app\admin\system\View\View.php(214): include('D:\\xampp\\htdocs...')
#6 D:\xampp\htdocs\cbt_app\admin\system\View\View.php(217): CodeIgniter\View\View->CodeIgniter\View\{closure}()
#7 D:\xampp\htdocs\cbt_app\admin\system\Common.php(1097): CodeIgniter\View\View->render('examinations/vi...', Array, true)
#8 D:\xampp\htdocs\cbt_app\admin\app\Controllers\Examinations.php(168): view('examinations/vi...', Array)
#9 D:\xampp\htdocs\cbt_app\admin\system\CodeIgniter.php(824): App\Controllers\Examinations->view_examination('UL2Y2EZQGC')
#10 D:\xampp\htdocs\cbt_app\admin\system\CodeIgniter.php(410): CodeIgniter\CodeIgniter->runController(Object(App\Controllers\Examinations))
#11 D:\xampp\htdocs\cbt_app\admin\system\CodeIgniter.php(318): CodeIgniter\CodeIgniter->handleRequest(NULL, Object(Config\Cache), false)
#12 D:\xampp\htdocs\cbt_app\admin\index.php(37): CodeIgniter\CodeIgniter->run()
#13 {main}
ERROR - 2021-12-11 10:24:27 --> Duplicate entry '<p>_________ wanted to expand its borders into Greece&#39;s c...' for key 'title'
CRITICAL - 2021-12-11 10:24:27 --> Duplicate entry '<p>_________ wanted to expand its borders into Greece&#39;s c...' for key 'title'
#0 D:\xampp\htdocs\cbt_app\admin\system\Database\MySQLi\Connection.php(292): mysqli->query('UPDATE `questio...', 0)
#1 D:\xampp\htdocs\cbt_app\admin\system\Database\BaseConnection.php(670): CodeIgniter\Database\MySQLi\Connection->execute('UPDATE `questio...')
#2 D:\xampp\htdocs\cbt_app\admin\system\Database\BaseConnection.php(598): CodeIgniter\Database\BaseConnection->simpleQuery('UPDATE `questio...')
#3 D:\xampp\htdocs\cbt_app\admin\system\Database\BaseBuilder.php(1901): CodeIgniter\Database\BaseConnection->query('UPDATE `questio...', Array, false)
#4 D:\xampp\htdocs\cbt_app\admin\app\Models\Question_model.php(30): CodeIgniter\Database\BaseBuilder->update(Array, Array)
#5 D:\xampp\htdocs\cbt_app\admin\app\Controllers\Questions.php(49): App\Models\Question_model->update_question(Array, Array)
#6 D:\xampp\htdocs\cbt_app\admin\app\Controllers\Questions.php(21): App\Controllers\Questions->add_questions(Object(stdClass), 'UL2Y2EZQGC')
#7 D:\xampp\htdocs\cbt_app\admin\system\CodeIgniter.php(824): App\Controllers\Questions->push_question()
#8 D:\xampp\htdocs\cbt_app\admin\system\CodeIgniter.php(410): CodeIgniter\CodeIgniter->runController(Object(App\Controllers\Questions))
#9 D:\xampp\htdocs\cbt_app\admin\system\CodeIgniter.php(318): CodeIgniter\CodeIgniter->handleRequest(NULL, Object(Config\Cache), false)
#10 D:\xampp\htdocs\cbt_app\admin\index.php(37): CodeIgniter\CodeIgniter->run()
#11 {main}
ERROR - 2021-12-11 10:29:52 --> Duplicate entry '<p>_________ wanted to expand its borders into Greece's colon...' for key 'title'
CRITICAL - 2021-12-11 10:29:52 --> Duplicate entry '<p>_________ wanted to expand its borders into Greece's colon...' for key 'title'
#0 D:\xampp\htdocs\cbt_app\admin\system\Database\MySQLi\Connection.php(292): mysqli->query('UPDATE `questio...', 0)
#1 D:\xampp\htdocs\cbt_app\admin\system\Database\BaseConnection.php(670): CodeIgniter\Database\MySQLi\Connection->execute('UPDATE `questio...')
#2 D:\xampp\htdocs\cbt_app\admin\system\Database\BaseConnection.php(598): CodeIgniter\Database\BaseConnection->simpleQuery('UPDATE `questio...')
#3 D:\xampp\htdocs\cbt_app\admin\system\Database\BaseBuilder.php(1901): CodeIgniter\Database\BaseConnection->query('UPDATE `questio...', Array, false)
#4 D:\xampp\htdocs\cbt_app\admin\app\Models\Question_model.php(30): CodeIgniter\Database\BaseBuilder->update(Array, Array)
#5 D:\xampp\htdocs\cbt_app\admin\app\Controllers\Questions.php(49): App\Models\Question_model->update_question(Array, Array)
#6 D:\xampp\htdocs\cbt_app\admin\app\Controllers\Questions.php(21): App\Controllers\Questions->add_questions(Object(stdClass), 'UL2Y2EZQGC')
#7 D:\xampp\htdocs\cbt_app\admin\system\CodeIgniter.php(824): App\Controllers\Questions->push_question()
#8 D:\xampp\htdocs\cbt_app\admin\system\CodeIgniter.php(410): CodeIgniter\CodeIgniter->runController(Object(App\Controllers\Questions))
#9 D:\xampp\htdocs\cbt_app\admin\system\CodeIgniter.php(318): CodeIgniter\CodeIgniter->handleRequest(NULL, Object(Config\Cache), false)
#10 D:\xampp\htdocs\cbt_app\admin\index.php(37): CodeIgniter\CodeIgniter->run()
#11 {main}
CRITICAL - 2021-12-11 12:20:08 --> Trying to access array offset on value of type null
#0 D:\xampp\htdocs\cbt_app\admin\app\Views\examinations\view_examination.php(104): CodeIgniter\Debug\Exceptions->errorHandler(2, 'Trying to acces...', 'D:\\xampp\\htdocs...', 104)
#1 D:\xampp\htdocs\cbt_app\admin\system\View\View.php(214): include('D:\\xampp\\htdocs...')
#2 D:\xampp\htdocs\cbt_app\admin\system\View\View.php(217): CodeIgniter\View\View->CodeIgniter\View\{closure}()
#3 D:\xampp\htdocs\cbt_app\admin\system\Common.php(1097): CodeIgniter\View\View->render('examinations/vi...', Array, true)
#4 D:\xampp\htdocs\cbt_app\admin\app\Controllers\Examinations.php(168): view('examinations/vi...', Array)
#5 D:\xampp\htdocs\cbt_app\admin\system\CodeIgniter.php(824): App\Controllers\Examinations->view_examination('h<', 'div>           ...', 'div>           ...', 'div>           ...')
#6 D:\xampp\htdocs\cbt_app\admin\system\CodeIgniter.php(410): CodeIgniter\CodeIgniter->runController(Object(App\Controllers\Examinations))
#7 D:\xampp\htdocs\cbt_app\admin\system\CodeIgniter.php(318): CodeIgniter\CodeIgniter->handleRequest(NULL, Object(Config\Cache), false)
#8 D:\xampp\htdocs\cbt_app\admin\index.php(37): CodeIgniter\CodeIgniter->run()
#9 {main}
CRITICAL - 2021-12-11 12:20:09 --> Trying to access array offset on value of type null
#0 D:\xampp\htdocs\cbt_app\admin\app\Views\examinations\view_examination.php(104): CodeIgniter\Debug\Exceptions->errorHandler(2, 'Trying to acces...', 'D:\\xampp\\htdocs...', 104)
#1 D:\xampp\htdocs\cbt_app\admin\system\View\View.php(214): include('D:\\xampp\\htdocs...')
#2 D:\xampp\htdocs\cbt_app\admin\system\View\View.php(217): CodeIgniter\View\View->CodeIgniter\View\{closure}()
#3 D:\xampp\htdocs\cbt_app\admin\system\Common.php(1097): CodeIgniter\View\View->render('examinations/vi...', Array, true)
#4 D:\xampp\htdocs\cbt_app\admin\app\Controllers\Examinations.php(168): view('examinations/vi...', Array)
#5 D:\xampp\htdocs\cbt_app\admin\system\CodeIgniter.php(824): App\Controllers\Examinations->view_examination('h<', 'div>           ...', 'div>           ...', 'div>           ...')
#6 D:\xampp\htdocs\cbt_app\admin\system\CodeIgniter.php(410): CodeIgniter\CodeIgniter->runController(Object(App\Controllers\Examinations))
#7 D:\xampp\htdocs\cbt_app\admin\system\CodeIgniter.php(318): CodeIgniter\CodeIgniter->handleRequest(NULL, Object(Config\Cache), false)
#8 D:\xampp\htdocs\cbt_app\admin\index.php(37): CodeIgniter\CodeIgniter->run()
#9 {main}
CRITICAL - 2021-12-11 16:50:38 --> Undefined array key "cbt_admin_session"
#0 D:\xampp\htdocs\cbt_app\admin\app\Views\includes\top_bar.php(25): CodeIgniter\Debug\Exceptions->errorHandler(2, 'Undefined array...', 'D:\\xampp\\htdocs...', 25)
#1 D:\xampp\htdocs\cbt_app\admin\system\View\View.php(214): include('D:\\xampp\\htdocs...')
#2 D:\xampp\htdocs\cbt_app\admin\system\View\View.php(217): CodeIgniter\View\View->CodeIgniter\View\{closure}()
#3 D:\xampp\htdocs\cbt_app\admin\system\View\View.php(432): CodeIgniter\View\View->render('includes/top_ba...', NULL, true)
#4 D:\xampp\htdocs\cbt_app\admin\app\Views\examinations\view_examination.php(72): CodeIgniter\View\View->include('includes/top_ba...')
#5 D:\xampp\htdocs\cbt_app\admin\system\View\View.php(214): include('D:\\xampp\\htdocs...')
#6 D:\xampp\htdocs\cbt_app\admin\system\View\View.php(217): CodeIgniter\View\View->CodeIgniter\View\{closure}()
#7 D:\xampp\htdocs\cbt_app\admin\system\Common.php(1097): CodeIgniter\View\View->render('examinations/vi...', Array, true)
#8 D:\xampp\htdocs\cbt_app\admin\app\Controllers\Examinations.php(168): view('examinations/vi...', Array)
#9 D:\xampp\htdocs\cbt_app\admin\system\CodeIgniter.php(824): App\Controllers\Examinations->view_examination('UL2Y2EZQGC')
#10 D:\xampp\htdocs\cbt_app\admin\system\CodeIgniter.php(410): CodeIgniter\CodeIgniter->runController(Object(App\Controllers\Examinations))
#11 D:\xampp\htdocs\cbt_app\admin\system\CodeIgniter.php(318): CodeIgniter\CodeIgniter->handleRequest(NULL, Object(Config\Cache), false)
#12 D:\xampp\htdocs\cbt_app\admin\index.php(37): CodeIgniter\CodeIgniter->run()
#13 {main}
