CRITICAL - 2022-06-28 09:16:47 --> Undefined array key "cbt_admin_session"
#0 /home/qodevnmr/questaonline.xyz/admin/app/Controllers/Examinations.php(226): CodeIgniter\Debug\Exceptions->errorHandler()
#1 /home/qodevnmr/questaonline.xyz/admin/system/CodeIgniter.php(824): App\Controllers\Examinations->view_examination()
#2 /home/qodevnmr/questaonline.xyz/admin/system/CodeIgniter.php(410): CodeIgniter\CodeIgniter->runController()
#3 /home/qodevnmr/questaonline.xyz/admin/system/CodeIgniter.php(318): CodeIgniter\CodeIgniter->handleRequest()
#4 /home/qodevnmr/questaonline.xyz/admin/index.php(37): CodeIgniter\CodeIgniter->run()
#5 {main}
CRITICAL - 2022-06-28 14:07:29 --> Undefined array key "cbt_admin_session"
#0 /home/qodevnmr/questaonline.xyz/admin/app/Controllers/Examinations.php(226): CodeIgniter\Debug\Exceptions->errorHandler()
#1 /home/qodevnmr/questaonline.xyz/admin/system/CodeIgniter.php(824): App\Controllers\Examinations->view_examination()
#2 /home/qodevnmr/questaonline.xyz/admin/system/CodeIgniter.php(410): CodeIgniter\CodeIgniter->runController()
#3 /home/qodevnmr/questaonline.xyz/admin/system/CodeIgniter.php(318): CodeIgniter\CodeIgniter->handleRequest()
#4 /home/qodevnmr/questaonline.xyz/admin/index.php(37): CodeIgniter\CodeIgniter->run()
#5 {main}
CRITICAL - 2022-06-28 17:04:50 --> Undefined array key "cbt_admin_session"
#0 /home/qodevnmr/questaonline.xyz/admin/app/Controllers/Examinations.php(226): CodeIgniter\Debug\Exceptions->errorHandler()
#1 /home/qodevnmr/questaonline.xyz/admin/system/CodeIgniter.php(824): App\Controllers\Examinations->view_examination()
#2 /home/qodevnmr/questaonline.xyz/admin/system/CodeIgniter.php(410): CodeIgniter\CodeIgniter->runController()
#3 /home/qodevnmr/questaonline.xyz/admin/system/CodeIgniter.php(318): CodeIgniter\CodeIgniter->handleRequest()
#4 /home/qodevnmr/questaonline.xyz/admin/index.php(37): CodeIgniter\CodeIgniter->run()
#5 {main}
CRITICAL - 2022-06-28 18:09:29 --> Undefined array key "cbt_admin_session"
#0 /home/qodevnmr/questaonline.xyz/admin/app/Controllers/Examinations.php(226): CodeIgniter\Debug\Exceptions->errorHandler()
#1 /home/qodevnmr/questaonline.xyz/admin/system/CodeIgniter.php(824): App\Controllers\Examinations->view_examination()
#2 /home/qodevnmr/questaonline.xyz/admin/system/CodeIgniter.php(410): CodeIgniter\CodeIgniter->runController()
#3 /home/qodevnmr/questaonline.xyz/admin/system/CodeIgniter.php(318): CodeIgniter\CodeIgniter->handleRequest()
#4 /home/qodevnmr/questaonline.xyz/admin/index.php(37): CodeIgniter\CodeIgniter->run()
#5 {main}
