CRITICAL - 2022-06-08 02:29:08 --> Undefined array key "cbt_admin_session"
#0 /home/qodevnmr/questaonline.xyz/admin/app/Controllers/Dashboard.php(18): CodeIgniter\Debug\Exceptions->errorHandler()
#1 /home/qodevnmr/questaonline.xyz/admin/system/CodeIgniter.php(824): App\Controllers\Dashboard->index()
#2 /home/qodevnmr/questaonline.xyz/admin/system/CodeIgniter.php(410): CodeIgniter\CodeIgniter->runController()
#3 /home/qodevnmr/questaonline.xyz/admin/system/CodeIgniter.php(318): CodeIgniter\CodeIgniter->handleRequest()
#4 /home/qodevnmr/questaonline.xyz/admin/index.php(37): CodeIgniter\CodeIgniter->run()
#5 {main}
CRITICAL - 2022-06-08 02:29:32 --> unlink(/home/qodevnmr/questaonline.xyz/admin/writable/debugbar/debugbar_1654668050.json): No such file or directory
#0 [internal function]: CodeIgniter\Debug\Exceptions->errorHandler()
#1 /home/qodevnmr/questaonline.xyz/admin/system/Debug/Toolbar/Collectors/History.php(74): unlink()
#2 /home/qodevnmr/questaonline.xyz/admin/system/Debug/Toolbar.php(483): CodeIgniter\Debug\Toolbar\Collectors\History->setFiles()
#3 /home/qodevnmr/questaonline.xyz/admin/system/Debug/Toolbar.php(460): CodeIgniter\Debug\Toolbar->format()
#4 /home/qodevnmr/questaonline.xyz/admin/app/Config/Events.php(48): CodeIgniter\Debug\Toolbar->respond()
#5 /home/qodevnmr/questaonline.xyz/admin/system/Events/Events.php(149): CodeIgniter\Events\Events::Config\{closure}()
#6 /home/qodevnmr/questaonline.xyz/admin/system/CodeIgniter.php(300): CodeIgniter\Events\Events::trigger()
#7 /home/qodevnmr/questaonline.xyz/admin/index.php(37): CodeIgniter\CodeIgniter->run()
#8 {main}
CRITICAL - 2022-06-08 05:50:45 --> Undefined array key "cbt_admin_session"
#0 /home/qodevnmr/questaonline.xyz/admin/app/Controllers/Examinations.php(205): CodeIgniter\Debug\Exceptions->errorHandler()
#1 /home/qodevnmr/questaonline.xyz/admin/system/CodeIgniter.php(824): App\Controllers\Examinations->view_examination()
#2 /home/qodevnmr/questaonline.xyz/admin/system/CodeIgniter.php(410): CodeIgniter\CodeIgniter->runController()
#3 /home/qodevnmr/questaonline.xyz/admin/system/CodeIgniter.php(318): CodeIgniter\CodeIgniter->handleRequest()
#4 /home/qodevnmr/questaonline.xyz/admin/index.php(37): CodeIgniter\CodeIgniter->run()
#5 {main}
CRITICAL - 2022-06-08 09:34:44 --> Undefined array key "cbt_admin_session"
#0 /home/qodevnmr/questaonline.xyz/admin/app/Controllers/Users.php(14): CodeIgniter\Debug\Exceptions->errorHandler()
#1 /home/qodevnmr/questaonline.xyz/admin/system/CodeIgniter.php(824): App\Controllers\Users->index()
#2 /home/qodevnmr/questaonline.xyz/admin/system/CodeIgniter.php(410): CodeIgniter\CodeIgniter->runController()
#3 /home/qodevnmr/questaonline.xyz/admin/system/CodeIgniter.php(318): CodeIgniter\CodeIgniter->handleRequest()
#4 /home/qodevnmr/questaonline.xyz/admin/index.php(37): CodeIgniter\CodeIgniter->run()
#5 {main}
CRITICAL - 2022-06-08 09:47:31 --> Invalid file: examinations/result_view_essay.php
#0 /home/qodevnmr/questaonline.xyz/admin/system/View/View.php(198): CodeIgniter\Exceptions\FrameworkException::forInvalidFile()
#1 /home/qodevnmr/questaonline.xyz/admin/system/Common.php(1097): CodeIgniter\View\View->render()
#2 /home/qodevnmr/questaonline.xyz/admin/app/Controllers/Examinations.php(417): view()
#3 /home/qodevnmr/questaonline.xyz/admin/system/CodeIgniter.php(824): App\Controllers\Examinations->view_result()
#4 /home/qodevnmr/questaonline.xyz/admin/system/CodeIgniter.php(410): CodeIgniter\CodeIgniter->runController()
#5 /home/qodevnmr/questaonline.xyz/admin/system/CodeIgniter.php(318): CodeIgniter\CodeIgniter->handleRequest()
#6 /home/qodevnmr/questaonline.xyz/admin/index.php(37): CodeIgniter\CodeIgniter->run()
#7 {main}
