CRITICAL - 2021-12-05 03:56:22 --> Undefined index: cbt_admin_session
#0 D:\WampServer\www\cbt_app\admin\app\Views\includes\top_bar.php(25): CodeIgniter\Debug\Exceptions->errorHandler(8, 'Undefined index...', 'D:\\WampServer\\w...', 25, Array)
#1 D:\WampServer\www\cbt_app\admin\system\View\View.php(214): include('D:\\WampServer\\w...')
#2 D:\WampServer\www\cbt_app\admin\system\View\View.php(217): CodeIgniter\View\View->CodeIgniter\View\{closure}()
#3 D:\WampServer\www\cbt_app\admin\system\View\View.php(432): CodeIgniter\View\View->render('includes/top_ba...', NULL, true)
#4 D:\WampServer\www\cbt_app\admin\app\Views\examinations\view_examination.php(66): CodeIgniter\View\View->include('includes/top_ba...')
#5 D:\WampServer\www\cbt_app\admin\system\View\View.php(214): include('D:\\WampServer\\w...')
#6 D:\WampServer\www\cbt_app\admin\system\View\View.php(217): CodeIgniter\View\View->CodeIgniter\View\{closure}()
#7 D:\WampServer\www\cbt_app\admin\system\Common.php(1097): CodeIgniter\View\View->render('examinations/vi...', Array, true)
#8 D:\WampServer\www\cbt_app\admin\app\Controllers\Examinations.php(165): view('examinations/vi...', Array)
#9 D:\WampServer\www\cbt_app\admin\system\CodeIgniter.php(824): App\Controllers\Examinations->view_examination('GC9EBYLMH4')
#10 D:\WampServer\www\cbt_app\admin\system\CodeIgniter.php(410): CodeIgniter\CodeIgniter->runController(Object(App\Controllers\Examinations))
#11 D:\WampServer\www\cbt_app\admin\system\CodeIgniter.php(318): CodeIgniter\CodeIgniter->handleRequest(NULL, Object(Config\Cache), false)
#12 D:\WampServer\www\cbt_app\admin\index.php(37): CodeIgniter\CodeIgniter->run()
#13 {main}
CRITICAL - 2021-12-05 10:12:44 --> Undefined index: cbt_admin_session
#0 D:\WampServer\www\cbt_app\admin\app\Views\includes\top_bar.php(25): CodeIgniter\Debug\Exceptions->errorHandler(8, 'Undefined index...', 'D:\\WampServer\\w...', 25, Array)
#1 D:\WampServer\www\cbt_app\admin\system\View\View.php(214): include('D:\\WampServer\\w...')
#2 D:\WampServer\www\cbt_app\admin\system\View\View.php(217): CodeIgniter\View\View->CodeIgniter\View\{closure}()
#3 D:\WampServer\www\cbt_app\admin\system\View\View.php(432): CodeIgniter\View\View->render('includes/top_ba...', NULL, true)
#4 D:\WampServer\www\cbt_app\admin\app\Views\examinations\exam_results.php(36): CodeIgniter\View\View->include('includes/top_ba...')
#5 D:\WampServer\www\cbt_app\admin\system\View\View.php(214): include('D:\\WampServer\\w...')
#6 D:\WampServer\www\cbt_app\admin\system\View\View.php(217): CodeIgniter\View\View->CodeIgniter\View\{closure}()
#7 D:\WampServer\www\cbt_app\admin\system\Common.php(1097): CodeIgniter\View\View->render('examinations/ex...', Array, true)
#8 D:\WampServer\www\cbt_app\admin\app\Controllers\Examinations.php(282): view('examinations/ex...', Array)
#9 D:\WampServer\www\cbt_app\admin\system\CodeIgniter.php(824): App\Controllers\Examinations->results('GC9EBYLMH4')
#10 D:\WampServer\www\cbt_app\admin\system\CodeIgniter.php(410): CodeIgniter\CodeIgniter->runController(Object(App\Controllers\Examinations))
#11 D:\WampServer\www\cbt_app\admin\system\CodeIgniter.php(318): CodeIgniter\CodeIgniter->handleRequest(NULL, Object(Config\Cache), false)
#12 D:\WampServer\www\cbt_app\admin\index.php(37): CodeIgniter\CodeIgniter->run()
#13 {main}
CRITICAL - 2021-12-05 10:34:45 --> Undefined index: 
#0 D:\WampServer\www\cbt_app\admin\app\Views\examinations\exam_results.php(139): CodeIgniter\Debug\Exceptions->errorHandler(8, 'Undefined index...', 'D:\\WampServer\\w...', 139, Array)
#1 D:\WampServer\www\cbt_app\admin\system\View\View.php(214): include('D:\\WampServer\\w...')
#2 D:\WampServer\www\cbt_app\admin\system\View\View.php(217): CodeIgniter\View\View->CodeIgniter\View\{closure}()
#3 D:\WampServer\www\cbt_app\admin\system\Common.php(1097): CodeIgniter\View\View->render('examinations/ex...', Array, true)
#4 D:\WampServer\www\cbt_app\admin\app\Controllers\Examinations.php(282): view('examinations/ex...', Array)
#5 D:\WampServer\www\cbt_app\admin\system\CodeIgniter.php(824): App\Controllers\Examinations->results('GC9EBYLMH4')
#6 D:\WampServer\www\cbt_app\admin\system\CodeIgniter.php(410): CodeIgniter\CodeIgniter->runController(Object(App\Controllers\Examinations))
#7 D:\WampServer\www\cbt_app\admin\system\CodeIgniter.php(318): CodeIgniter\CodeIgniter->handleRequest(NULL, Object(Config\Cache), false)
#8 D:\WampServer\www\cbt_app\admin\index.php(37): CodeIgniter\CodeIgniter->run()
#9 {main}
CRITICAL - 2021-12-05 20:31:47 --> Undefined index: cbt_admin_session
#0 D:\WampServer\www\cbt_app\admin\app\Views\includes\top_bar.php(25): CodeIgniter\Debug\Exceptions->errorHandler(8, 'Undefined index...', 'D:\\WampServer\\w...', 25, Array)
#1 D:\WampServer\www\cbt_app\admin\system\View\View.php(214): include('D:\\WampServer\\w...')
#2 D:\WampServer\www\cbt_app\admin\system\View\View.php(217): CodeIgniter\View\View->CodeIgniter\View\{closure}()
#3 D:\WampServer\www\cbt_app\admin\system\View\View.php(432): CodeIgniter\View\View->render('includes/top_ba...', NULL, true)
#4 D:\WampServer\www\cbt_app\admin\app\Views\examinations\exam_results.php(38): CodeIgniter\View\View->include('includes/top_ba...')
#5 D:\WampServer\www\cbt_app\admin\system\View\View.php(214): include('D:\\WampServer\\w...')
#6 D:\WampServer\www\cbt_app\admin\system\View\View.php(217): CodeIgniter\View\View->CodeIgniter\View\{closure}()
#7 D:\WampServer\www\cbt_app\admin\system\Common.php(1097): CodeIgniter\View\View->render('examinations/ex...', Array, true)
#8 D:\WampServer\www\cbt_app\admin\app\Controllers\Examinations.php(282): view('examinations/ex...', Array)
#9 D:\WampServer\www\cbt_app\admin\system\CodeIgniter.php(824): App\Controllers\Examinations->results('GC9EBYLMH4')
#10 D:\WampServer\www\cbt_app\admin\system\CodeIgniter.php(410): CodeIgniter\CodeIgniter->runController(Object(App\Controllers\Examinations))
#11 D:\WampServer\www\cbt_app\admin\system\CodeIgniter.php(318): CodeIgniter\CodeIgniter->handleRequest(NULL, Object(Config\Cache), false)
#12 D:\WampServer\www\cbt_app\admin\index.php(37): CodeIgniter\CodeIgniter->run()
#13 {main}
CRITICAL - 2021-12-05 20:35:34 --> Cannot redeclare transmute_option() (previously declared in D:\WampServer\www\cbt_app\admin\app\Views\examinations\exam_results.php:142)
#0 [internal function]: CodeIgniter\Debug\Exceptions->shutdownHandler()
#1 {main}
CRITICAL - 2021-12-05 21:06:06 --> Undefined index: cbt_admin_session
#0 D:\WampServer\www\cbt_app\admin\app\Views\includes\top_bar.php(25): CodeIgniter\Debug\Exceptions->errorHandler(8, 'Undefined index...', 'D:\\WampServer\\w...', 25, Array)
#1 D:\WampServer\www\cbt_app\admin\system\View\View.php(214): include('D:\\WampServer\\w...')
#2 D:\WampServer\www\cbt_app\admin\system\View\View.php(217): CodeIgniter\View\View->CodeIgniter\View\{closure}()
#3 D:\WampServer\www\cbt_app\admin\system\View\View.php(432): CodeIgniter\View\View->render('includes/top_ba...', NULL, true)
#4 D:\WampServer\www\cbt_app\admin\app\Views\examinations\exam_results.php(38): CodeIgniter\View\View->include('includes/top_ba...')
#5 D:\WampServer\www\cbt_app\admin\system\View\View.php(214): include('D:\\WampServer\\w...')
#6 D:\WampServer\www\cbt_app\admin\system\View\View.php(217): CodeIgniter\View\View->CodeIgniter\View\{closure}()
#7 D:\WampServer\www\cbt_app\admin\system\Common.php(1097): CodeIgniter\View\View->render('examinations/ex...', Array, true)
#8 D:\WampServer\www\cbt_app\admin\app\Controllers\Examinations.php(282): view('examinations/ex...', Array)
#9 D:\WampServer\www\cbt_app\admin\system\CodeIgniter.php(824): App\Controllers\Examinations->results('NOMGE0NRIF')
#10 D:\WampServer\www\cbt_app\admin\system\CodeIgniter.php(410): CodeIgniter\CodeIgniter->runController(Object(App\Controllers\Examinations))
#11 D:\WampServer\www\cbt_app\admin\system\CodeIgniter.php(318): CodeIgniter\CodeIgniter->handleRequest(NULL, Object(Config\Cache), false)
#12 D:\WampServer\www\cbt_app\admin\index.php(37): CodeIgniter\CodeIgniter->run()
#13 {main}
