CRITICAL - 2022-07-05 08:56:14 --> Undefined array key "cbt_admin_session"
#0 /home/qodevnmr/questaonline.xyz/admin/app/Helpers/utils_helper.php(76): CodeIgniter\Debug\Exceptions->errorHandler()
#1 /home/qodevnmr/questaonline.xyz/admin/app/Views/includes/side_bar.php(54): is_owner_account()
#2 /home/qodevnmr/questaonline.xyz/admin/system/View/View.php(214): include('/home/qodevnmr/...')
#3 /home/qodevnmr/questaonline.xyz/admin/system/View/View.php(217): CodeIgniter\View\View->CodeIgniter\View\{closure}()
#4 /home/qodevnmr/questaonline.xyz/admin/system/View/View.php(432): CodeIgniter\View\View->render()
#5 /home/qodevnmr/questaonline.xyz/admin/app/Views/examinations/result_view_essay.php(78): CodeIgniter\View\View->include()
#6 /home/qodevnmr/questaonline.xyz/admin/system/View/View.php(214): include('/home/qodevnmr/...')
#7 /home/qodevnmr/questaonline.xyz/admin/system/View/View.php(217): CodeIgniter\View\View->CodeIgniter\View\{closure}()
#8 /home/qodevnmr/questaonline.xyz/admin/system/Common.php(1097): CodeIgniter\View\View->render()
#9 /home/qodevnmr/questaonline.xyz/admin/app/Controllers/Examinations.php(580): view()
#10 /home/qodevnmr/questaonline.xyz/admin/system/CodeIgniter.php(824): App\Controllers\Examinations->view_result()
#11 /home/qodevnmr/questaonline.xyz/admin/system/CodeIgniter.php(410): CodeIgniter\CodeIgniter->runController()
#12 /home/qodevnmr/questaonline.xyz/admin/system/CodeIgniter.php(318): CodeIgniter\CodeIgniter->handleRequest()
#13 /home/qodevnmr/questaonline.xyz/admin/index.php(37): CodeIgniter\CodeIgniter->run()
#14 {main}
CRITICAL - 2022-07-05 09:02:31 --> Undefined array key "cbt_admin_session"
#0 /home/qodevnmr/questaonline.xyz/admin/app/Helpers/utils_helper.php(76): CodeIgniter\Debug\Exceptions->errorHandler()
#1 /home/qodevnmr/questaonline.xyz/admin/app/Views/includes/side_bar.php(54): is_owner_account()
#2 /home/qodevnmr/questaonline.xyz/admin/system/View/View.php(214): include('/home/qodevnmr/...')
#3 /home/qodevnmr/questaonline.xyz/admin/system/View/View.php(217): CodeIgniter\View\View->CodeIgniter\View\{closure}()
#4 /home/qodevnmr/questaonline.xyz/admin/system/View/View.php(432): CodeIgniter\View\View->render()
#5 /home/qodevnmr/questaonline.xyz/admin/app/Views/examinations/result_view_essay.php(78): CodeIgniter\View\View->include()
#6 /home/qodevnmr/questaonline.xyz/admin/system/View/View.php(214): include('/home/qodevnmr/...')
#7 /home/qodevnmr/questaonline.xyz/admin/system/View/View.php(217): CodeIgniter\View\View->CodeIgniter\View\{closure}()
#8 /home/qodevnmr/questaonline.xyz/admin/system/Common.php(1097): CodeIgniter\View\View->render()
#9 /home/qodevnmr/questaonline.xyz/admin/app/Controllers/Examinations.php(580): view()
#10 /home/qodevnmr/questaonline.xyz/admin/system/CodeIgniter.php(824): App\Controllers\Examinations->view_result()
#11 /home/qodevnmr/questaonline.xyz/admin/system/CodeIgniter.php(410): CodeIgniter\CodeIgniter->runController()
#12 /home/qodevnmr/questaonline.xyz/admin/system/CodeIgniter.php(318): CodeIgniter\CodeIgniter->handleRequest()
#13 /home/qodevnmr/questaonline.xyz/admin/index.php(37): CodeIgniter\CodeIgniter->run()
#14 {main}
CRITICAL - 2022-07-05 09:41:59 --> Undefined array key "cbt_admin_session"
#0 /home/qodevnmr/questaonline.xyz/admin/app/Controllers/Examinations.php(226): CodeIgniter\Debug\Exceptions->errorHandler()
#1 /home/qodevnmr/questaonline.xyz/admin/system/CodeIgniter.php(824): App\Controllers\Examinations->view_examination()
#2 /home/qodevnmr/questaonline.xyz/admin/system/CodeIgniter.php(410): CodeIgniter\CodeIgniter->runController()
#3 /home/qodevnmr/questaonline.xyz/admin/system/CodeIgniter.php(318): CodeIgniter\CodeIgniter->handleRequest()
#4 /home/qodevnmr/questaonline.xyz/admin/index.php(37): CodeIgniter\CodeIgniter->run()
#5 {main}
CRITICAL - 2022-07-05 15:38:39 --> Undefined array key "cbt_admin_session"
#0 /home/qodevnmr/questaonline.xyz/admin/app/Controllers/Examinations.php(226): CodeIgniter\Debug\Exceptions->errorHandler()
#1 /home/qodevnmr/questaonline.xyz/admin/system/CodeIgniter.php(824): App\Controllers\Examinations->view_examination()
#2 /home/qodevnmr/questaonline.xyz/admin/system/CodeIgniter.php(410): CodeIgniter\CodeIgniter->runController()
#3 /home/qodevnmr/questaonline.xyz/admin/system/CodeIgniter.php(318): CodeIgniter\CodeIgniter->handleRequest()
#4 /home/qodevnmr/questaonline.xyz/admin/index.php(37): CodeIgniter\CodeIgniter->run()
#5 {main}
CRITICAL - 2022-07-05 15:52:33 --> Undefined array key "cbt_admin_session"
#0 /home/qodevnmr/questaonline.xyz/admin/app/Controllers/Examinations.php(226): CodeIgniter\Debug\Exceptions->errorHandler()
#1 /home/qodevnmr/questaonline.xyz/admin/system/CodeIgniter.php(824): App\Controllers\Examinations->view_examination()
#2 /home/qodevnmr/questaonline.xyz/admin/system/CodeIgniter.php(410): CodeIgniter\CodeIgniter->runController()
#3 /home/qodevnmr/questaonline.xyz/admin/system/CodeIgniter.php(318): CodeIgniter\CodeIgniter->handleRequest()
#4 /home/qodevnmr/questaonline.xyz/admin/index.php(37): CodeIgniter\CodeIgniter->run()
#5 {main}
