CRITICAL - 2021-12-24 03:06:53 --> Undefined array key "cbt_admin_session"
#0 D:\xampp\htdocs\cbt_app_server\admin\app\Views\includes\side_bar.php(69): CodeIgniter\Debug\Exceptions->errorHandler(2, 'Undefined array...', 'D:\\xampp\\htdocs...', 69)
#1 D:\xampp\htdocs\cbt_app_server\admin\system\View\View.php(214): include('D:\\xampp\\htdocs...')
#2 D:\xampp\htdocs\cbt_app_server\admin\system\View\View.php(217): CodeIgniter\View\View->CodeIgniter\View\{closure}()
#3 D:\xampp\htdocs\cbt_app_server\admin\system\View\View.php(432): CodeIgniter\View\View->render('includes/side_b...', NULL, true)
#4 D:\xampp\htdocs\cbt_app_server\admin\app\Views\examinations\view_examination.php(69): CodeIgniter\View\View->include('includes/side_b...')
#5 D:\xampp\htdocs\cbt_app_server\admin\system\View\View.php(214): include('D:\\xampp\\htdocs...')
#6 D:\xampp\htdocs\cbt_app_server\admin\system\View\View.php(217): CodeIgniter\View\View->CodeIgniter\View\{closure}()
#7 D:\xampp\htdocs\cbt_app_server\admin\system\Common.php(1097): CodeIgniter\View\View->render('examinations/vi...', Array, true)
#8 D:\xampp\htdocs\cbt_app_server\admin\app\Controllers\Examinations.php(168): view('examinations/vi...', Array)
#9 D:\xampp\htdocs\cbt_app_server\admin\system\CodeIgniter.php(824): App\Controllers\Examinations->view_examination('WF0FV2T')
#10 D:\xampp\htdocs\cbt_app_server\admin\system\CodeIgniter.php(410): CodeIgniter\CodeIgniter->runController(Object(App\Controllers\Examinations))
#11 D:\xampp\htdocs\cbt_app_server\admin\system\CodeIgniter.php(318): CodeIgniter\CodeIgniter->handleRequest(NULL, Object(Config\Cache), false)
#12 D:\xampp\htdocs\cbt_app_server\admin\index.php(37): CodeIgniter\CodeIgniter->run()
#13 {main}
CRITICAL - 2021-12-24 03:25:10 --> Undefined array key "cbt_admin_session"
#0 D:\xampp\htdocs\cbt_app_server\admin\app\Views\includes\side_bar.php(69): CodeIgniter\Debug\Exceptions->errorHandler(2, 'Undefined array...', 'D:\\xampp\\htdocs...', 69)
#1 D:\xampp\htdocs\cbt_app_server\admin\system\View\View.php(214): include('D:\\xampp\\htdocs...')
#2 D:\xampp\htdocs\cbt_app_server\admin\system\View\View.php(217): CodeIgniter\View\View->CodeIgniter\View\{closure}()
#3 D:\xampp\htdocs\cbt_app_server\admin\system\View\View.php(432): CodeIgniter\View\View->render('includes/side_b...', NULL, true)
#4 D:\xampp\htdocs\cbt_app_server\admin\app\Views\dashboard.php(31): CodeIgniter\View\View->include('includes/side_b...')
#5 D:\xampp\htdocs\cbt_app_server\admin\system\View\View.php(214): include('D:\\xampp\\htdocs...')
#6 D:\xampp\htdocs\cbt_app_server\admin\system\View\View.php(217): CodeIgniter\View\View->CodeIgniter\View\{closure}()
#7 D:\xampp\htdocs\cbt_app_server\admin\system\Common.php(1097): CodeIgniter\View\View->render('dashboard', Array, true)
#8 D:\xampp\htdocs\cbt_app_server\admin\app\Controllers\Dashboard.php(32): view('dashboard', Array)
#9 D:\xampp\htdocs\cbt_app_server\admin\system\CodeIgniter.php(824): App\Controllers\Dashboard->index()
#10 D:\xampp\htdocs\cbt_app_server\admin\system\CodeIgniter.php(410): CodeIgniter\CodeIgniter->runController(Object(App\Controllers\Dashboard))
#11 D:\xampp\htdocs\cbt_app_server\admin\system\CodeIgniter.php(318): CodeIgniter\CodeIgniter->handleRequest(NULL, Object(Config\Cache), false)
#12 D:\xampp\htdocs\cbt_app_server\admin\index.php(37): CodeIgniter\CodeIgniter->run()
#13 {main}
CRITICAL - 2021-12-24 04:17:42 --> Undefined array key "cbt_admin_session"
#0 D:\xampp\htdocs\cbt_app_server\admin\app\Views\includes\side_bar.php(69): CodeIgniter\Debug\Exceptions->errorHandler(2, 'Undefined array...', 'D:\\xampp\\htdocs...', 69)
#1 D:\xampp\htdocs\cbt_app_server\admin\system\View\View.php(214): include('D:\\xampp\\htdocs...')
#2 D:\xampp\htdocs\cbt_app_server\admin\system\View\View.php(217): CodeIgniter\View\View->CodeIgniter\View\{closure}()
#3 D:\xampp\htdocs\cbt_app_server\admin\system\View\View.php(432): CodeIgniter\View\View->render('includes/side_b...', NULL, true)
#4 D:\xampp\htdocs\cbt_app_server\admin\app\Views\candidates\list_of_candidates.php(32): CodeIgniter\View\View->include('includes/side_b...')
#5 D:\xampp\htdocs\cbt_app_server\admin\system\View\View.php(214): include('D:\\xampp\\htdocs...')
#6 D:\xampp\htdocs\cbt_app_server\admin\system\View\View.php(217): CodeIgniter\View\View->CodeIgniter\View\{closure}()
#7 D:\xampp\htdocs\cbt_app_server\admin\system\Common.php(1097): CodeIgniter\View\View->render('candidates/list...', Array, true)
#8 D:\xampp\htdocs\cbt_app_server\admin\app\Controllers\Candidates.php(23): view('candidates/list...', Array)
#9 D:\xampp\htdocs\cbt_app_server\admin\system\CodeIgniter.php(824): App\Controllers\Candidates->index()
#10 D:\xampp\htdocs\cbt_app_server\admin\system\CodeIgniter.php(410): CodeIgniter\CodeIgniter->runController(Object(App\Controllers\Candidates))
#11 D:\xampp\htdocs\cbt_app_server\admin\system\CodeIgniter.php(318): CodeIgniter\CodeIgniter->handleRequest(NULL, Object(Config\Cache), false)
#12 D:\xampp\htdocs\cbt_app_server\admin\index.php(37): CodeIgniter\CodeIgniter->run()
#13 {main}
CRITICAL - 2021-12-24 10:39:02 --> Undefined array key "cbt_admin_session"
#0 D:\xampp\htdocs\cbt_app_server\admin\app\Views\includes\side_bar.php(69): CodeIgniter\Debug\Exceptions->errorHandler(2, 'Undefined array...', 'D:\\xampp\\htdocs...', 69)
#1 D:\xampp\htdocs\cbt_app_server\admin\system\View\View.php(214): include('D:\\xampp\\htdocs...')
#2 D:\xampp\htdocs\cbt_app_server\admin\system\View\View.php(217): CodeIgniter\View\View->CodeIgniter\View\{closure}()
#3 D:\xampp\htdocs\cbt_app_server\admin\system\View\View.php(432): CodeIgniter\View\View->render('includes/side_b...', NULL, true)
#4 D:\xampp\htdocs\cbt_app_server\admin\app\Views\examinations\view_examination.php(69): CodeIgniter\View\View->include('includes/side_b...')
#5 D:\xampp\htdocs\cbt_app_server\admin\system\View\View.php(214): include('D:\\xampp\\htdocs...')
#6 D:\xampp\htdocs\cbt_app_server\admin\system\View\View.php(217): CodeIgniter\View\View->CodeIgniter\View\{closure}()
#7 D:\xampp\htdocs\cbt_app_server\admin\system\Common.php(1097): CodeIgniter\View\View->render('examinations/vi...', Array, true)
#8 D:\xampp\htdocs\cbt_app_server\admin\app\Controllers\Examinations.php(168): view('examinations/vi...', Array)
#9 D:\xampp\htdocs\cbt_app_server\admin\system\CodeIgniter.php(824): App\Controllers\Examinations->view_examination('WF0FV2T')
#10 D:\xampp\htdocs\cbt_app_server\admin\system\CodeIgniter.php(410): CodeIgniter\CodeIgniter->runController(Object(App\Controllers\Examinations))
#11 D:\xampp\htdocs\cbt_app_server\admin\system\CodeIgniter.php(318): CodeIgniter\CodeIgniter->handleRequest(NULL, Object(Config\Cache), false)
#12 D:\xampp\htdocs\cbt_app_server\admin\index.php(37): CodeIgniter\CodeIgniter->run()
#13 {main}
CRITICAL - 2021-12-24 15:29:40 --> Undefined index: cbt_admin_session
#0 /home/pharffbh/public_html/cbt_app/admin/app/Views/includes/side_bar.php(69): CodeIgniter\Debug\Exceptions->errorHandler(8, 'Undefined index...', '/home/pharffbh/...', 69, Array)
#1 /home/pharffbh/public_html/cbt_app/admin/system/View/View.php(214): include('/home/pharffbh/...')
#2 /home/pharffbh/public_html/cbt_app/admin/system/View/View.php(217): CodeIgniter\View\View->CodeIgniter\View\{closure}()
#3 /home/pharffbh/public_html/cbt_app/admin/system/View/View.php(432): CodeIgniter\View\View->render('includes/side_b...', NULL, true)
#4 /home/pharffbh/public_html/cbt_app/admin/app/Views/dashboard.php(33): CodeIgniter\View\View->include('includes/side_b...')
#5 /home/pharffbh/public_html/cbt_app/admin/system/View/View.php(214): include('/home/pharffbh/...')
#6 /home/pharffbh/public_html/cbt_app/admin/system/View/View.php(217): CodeIgniter\View\View->CodeIgniter\View\{closure}()
#7 /home/pharffbh/public_html/cbt_app/admin/system/Common.php(1097): CodeIgniter\View\View->render('dashboard', Array, true)
#8 /home/pharffbh/public_html/cbt_app/admin/app/Controllers/Dashboard.php(32): view('dashboard', Array)
#9 /home/pharffbh/public_html/cbt_app/admin/system/CodeIgniter.php(824): App\Controllers\Dashboard->index()
#10 /home/pharffbh/public_html/cbt_app/admin/system/CodeIgniter.php(410): CodeIgniter\CodeIgniter->runController(Object(App\Controllers\Dashboard))
#11 /home/pharffbh/public_html/cbt_app/admin/system/CodeIgniter.php(318): CodeIgniter\CodeIgniter->handleRequest(NULL, Object(Config\Cache), false)
#12 /home/pharffbh/public_html/cbt_app/admin/index.php(37): CodeIgniter\CodeIgniter->run()
#13 {main}
