CRITICAL - 2022-10-25 07:16:45 --> Undefined array key "cbt_admin_session"
#0 /home/qodevnmr/questaonline.xyz/admin/app/Controllers/Dashboard.php(18): CodeIgniter\Debug\Exceptions->errorHandler()
#1 /home/qodevnmr/questaonline.xyz/admin/system/CodeIgniter.php(824): App\Controllers\Dashboard->index()
#2 /home/qodevnmr/questaonline.xyz/admin/system/CodeIgniter.php(410): CodeIgniter\CodeIgniter->runController()
#3 /home/qodevnmr/questaonline.xyz/admin/system/CodeIgniter.php(318): CodeIgniter\CodeIgniter->handleRequest()
#4 /home/qodevnmr/questaonline.xyz/admin/index.php(37): CodeIgniter\CodeIgniter->run()
#5 {main}
CRITICAL - 2022-10-25 08:09:33 --> Undefined array key "cbt_admin_session"
#0 /home/qodevnmr/questaonline.xyz/admin/app/Controllers/Examinations.php(227): CodeIgniter\Debug\Exceptions->errorHandler()
#1 /home/qodevnmr/questaonline.xyz/admin/system/CodeIgniter.php(824): App\Controllers\Examinations->view_examination()
#2 /home/qodevnmr/questaonline.xyz/admin/system/CodeIgniter.php(410): CodeIgniter\CodeIgniter->runController()
#3 /home/qodevnmr/questaonline.xyz/admin/system/CodeIgniter.php(318): CodeIgniter\CodeIgniter->handleRequest()
#4 /home/qodevnmr/questaonline.xyz/admin/index.php(37): CodeIgniter\CodeIgniter->run()
#5 {main}
CRITICAL - 2022-10-25 15:18:54 --> Undefined array key "cbt_admin_session"
#0 /home/qodevnmr/questaonline.xyz/admin/app/Controllers/Examinations.php(227): CodeIgniter\Debug\Exceptions->errorHandler()
#1 /home/qodevnmr/questaonline.xyz/admin/system/CodeIgniter.php(824): App\Controllers\Examinations->view_examination()
#2 /home/qodevnmr/questaonline.xyz/admin/system/CodeIgniter.php(410): CodeIgniter\CodeIgniter->runController()
#3 /home/qodevnmr/questaonline.xyz/admin/system/CodeIgniter.php(318): CodeIgniter\CodeIgniter->handleRequest()
#4 /home/qodevnmr/questaonline.xyz/admin/index.php(37): CodeIgniter\CodeIgniter->run()
#5 {main}
CRITICAL - 2022-10-25 15:43:24 --> Undefined array key "cbt_admin_session"
#0 /home/qodevnmr/questaonline.xyz/admin/app/Controllers/Dashboard.php(18): CodeIgniter\Debug\Exceptions->errorHandler()
#1 /home/qodevnmr/questaonline.xyz/admin/system/CodeIgniter.php(824): App\Controllers\Dashboard->index()
#2 /home/qodevnmr/questaonline.xyz/admin/system/CodeIgniter.php(410): CodeIgniter\CodeIgniter->runController()
#3 /home/qodevnmr/questaonline.xyz/admin/system/CodeIgniter.php(318): CodeIgniter\CodeIgniter->handleRequest()
#4 /home/qodevnmr/questaonline.xyz/admin/index.php(37): CodeIgniter\CodeIgniter->run()
#5 {main}
CRITICAL - 2022-10-25 15:59:16 --> Undefined array key "cbt_admin_session"
#0 /home/qodevnmr/questaonline.xyz/admin/app/Controllers/Examinations.php(227): CodeIgniter\Debug\Exceptions->errorHandler()
#1 /home/qodevnmr/questaonline.xyz/admin/system/CodeIgniter.php(824): App\Controllers\Examinations->view_examination()
#2 /home/qodevnmr/questaonline.xyz/admin/system/CodeIgniter.php(410): CodeIgniter\CodeIgniter->runController()
#3 /home/qodevnmr/questaonline.xyz/admin/system/CodeIgniter.php(318): CodeIgniter\CodeIgniter->handleRequest()
#4 /home/qodevnmr/questaonline.xyz/admin/index.php(37): CodeIgniter\CodeIgniter->run()
#5 {main}
