CRITICAL - 2021-12-30 04:17:55 --> Undefined array key "cbt_admin_session"
#0 D:\xampp\htdocs\cbt_app_server\admin\app\Views\includes\side_bar.php(69): CodeIgniter\Debug\Exceptions->errorHandler(2, 'Undefined array...', 'D:\\xampp\\htdocs...', 69)
#1 D:\xampp\htdocs\cbt_app_server\admin\system\View\View.php(214): include('D:\\xampp\\htdocs...')
#2 D:\xampp\htdocs\cbt_app_server\admin\system\View\View.php(217): CodeIgniter\View\View->CodeIgniter\View\{closure}()
#3 D:\xampp\htdocs\cbt_app_server\admin\system\View\View.php(432): CodeIgniter\View\View->render('includes/side_b...', NULL, true)
#4 D:\xampp\htdocs\cbt_app_server\admin\app\Views\examinations\view_examination.php(69): CodeIgniter\View\View->include('includes/side_b...')
#5 D:\xampp\htdocs\cbt_app_server\admin\system\View\View.php(214): include('D:\\xampp\\htdocs...')
#6 D:\xampp\htdocs\cbt_app_server\admin\system\View\View.php(217): CodeIgniter\View\View->CodeIgniter\View\{closure}()
#7 D:\xampp\htdocs\cbt_app_server\admin\system\Common.php(1097): CodeIgniter\View\View->render('examinations/vi...', Array, true)
#8 D:\xampp\htdocs\cbt_app_server\admin\app\Controllers\Examinations.php(197): view('examinations/vi...', Array)
#9 D:\xampp\htdocs\cbt_app_server\admin\system\CodeIgniter.php(824): App\Controllers\Examinations->view_examination('W01TYQI')
#10 D:\xampp\htdocs\cbt_app_server\admin\system\CodeIgniter.php(410): CodeIgniter\CodeIgniter->runController(Object(App\Controllers\Examinations))
#11 D:\xampp\htdocs\cbt_app_server\admin\system\CodeIgniter.php(318): CodeIgniter\CodeIgniter->handleRequest(NULL, Object(Config\Cache), false)
#12 D:\xampp\htdocs\cbt_app_server\admin\index.php(37): CodeIgniter\CodeIgniter->run()
#13 {main}
CRITICAL - 2021-12-30 04:36:17 --> Undefined array key "cbt_admin_session"
#0 D:\xampp\htdocs\cbt_app_server\admin\app\Views\includes\side_bar.php(69): CodeIgniter\Debug\Exceptions->errorHandler(2, 'Undefined array...', 'D:\\xampp\\htdocs...', 69)
#1 D:\xampp\htdocs\cbt_app_server\admin\system\View\View.php(214): include('D:\\xampp\\htdocs...')
#2 D:\xampp\htdocs\cbt_app_server\admin\system\View\View.php(217): CodeIgniter\View\View->CodeIgniter\View\{closure}()
#3 D:\xampp\htdocs\cbt_app_server\admin\system\View\View.php(432): CodeIgniter\View\View->render('includes/side_b...', NULL, true)
#4 D:\xampp\htdocs\cbt_app_server\admin\app\Views\examinations\view_examination.php(69): CodeIgniter\View\View->include('includes/side_b...')
#5 D:\xampp\htdocs\cbt_app_server\admin\system\View\View.php(214): include('D:\\xampp\\htdocs...')
#6 D:\xampp\htdocs\cbt_app_server\admin\system\View\View.php(217): CodeIgniter\View\View->CodeIgniter\View\{closure}()
#7 D:\xampp\htdocs\cbt_app_server\admin\system\Common.php(1097): CodeIgniter\View\View->render('examinations/vi...', Array, true)
#8 D:\xampp\htdocs\cbt_app_server\admin\app\Controllers\Examinations.php(197): view('examinations/vi...', Array)
#9 D:\xampp\htdocs\cbt_app_server\admin\system\CodeIgniter.php(824): App\Controllers\Examinations->view_examination('W01TYQI')
#10 D:\xampp\htdocs\cbt_app_server\admin\system\CodeIgniter.php(410): CodeIgniter\CodeIgniter->runController(Object(App\Controllers\Examinations))
#11 D:\xampp\htdocs\cbt_app_server\admin\system\CodeIgniter.php(318): CodeIgniter\CodeIgniter->handleRequest(NULL, Object(Config\Cache), false)
#12 D:\xampp\htdocs\cbt_app_server\admin\index.php(37): CodeIgniter\CodeIgniter->run()
#13 {main}
CRITICAL - 2021-12-30 04:37:16 --> Undefined variable $data
#0 D:\xampp\htdocs\cbt_app_server\admin\app\Controllers\Examinations.php(356): CodeIgniter\Debug\Exceptions->errorHandler(2, 'Undefined varia...', 'D:\\xampp\\htdocs...', 356)
#1 D:\xampp\htdocs\cbt_app_server\admin\system\CodeIgniter.php(824): App\Controllers\Examinations->shuffle_questions('W01TYQI')
#2 D:\xampp\htdocs\cbt_app_server\admin\system\CodeIgniter.php(410): CodeIgniter\CodeIgniter->runController(Object(App\Controllers\Examinations))
#3 D:\xampp\htdocs\cbt_app_server\admin\system\CodeIgniter.php(318): CodeIgniter\CodeIgniter->handleRequest(NULL, Object(Config\Cache), false)
#4 D:\xampp\htdocs\cbt_app_server\admin\index.php(37): CodeIgniter\CodeIgniter->run()
#5 {main}
CRITICAL - 2021-12-30 04:37:22 --> Undefined variable $data
#0 D:\xampp\htdocs\cbt_app_server\admin\app\Controllers\Examinations.php(356): CodeIgniter\Debug\Exceptions->errorHandler(2, 'Undefined varia...', 'D:\\xampp\\htdocs...', 356)
#1 D:\xampp\htdocs\cbt_app_server\admin\system\CodeIgniter.php(824): App\Controllers\Examinations->shuffle_questions('W01TYQI')
#2 D:\xampp\htdocs\cbt_app_server\admin\system\CodeIgniter.php(410): CodeIgniter\CodeIgniter->runController(Object(App\Controllers\Examinations))
#3 D:\xampp\htdocs\cbt_app_server\admin\system\CodeIgniter.php(318): CodeIgniter\CodeIgniter->handleRequest(NULL, Object(Config\Cache), false)
#4 D:\xampp\htdocs\cbt_app_server\admin\index.php(37): CodeIgniter\CodeIgniter->run()
#5 {main}
ERROR - 2021-12-30 05:48:18 --> Column 'shuffle_questions' cannot be null
CRITICAL - 2021-12-30 05:48:18 --> Column 'shuffle_questions' cannot be null
#0 D:\xampp\htdocs\cbt_app_server\admin\system\Database\MySQLi\Connection.php(292): mysqli->query('INSERT INTO `ex...', 0)
#1 D:\xampp\htdocs\cbt_app_server\admin\system\Database\BaseConnection.php(670): CodeIgniter\Database\MySQLi\Connection->execute('INSERT INTO `ex...')
#2 D:\xampp\htdocs\cbt_app_server\admin\system\Database\BaseConnection.php(598): CodeIgniter\Database\BaseConnection->simpleQuery('INSERT INTO `ex...')
#3 D:\xampp\htdocs\cbt_app_server\admin\system\Database\BaseBuilder.php(1759): CodeIgniter\Database\BaseConnection->query('INSERT INTO `ex...', Array, false)
#4 D:\xampp\htdocs\cbt_app_server\admin\app\Models\Examination_model.php(25): CodeIgniter\Database\BaseBuilder->insert(Array)
#5 D:\xampp\htdocs\cbt_app_server\admin\app\Controllers\Examinations.php(47): App\Models\Examination_model->add_exam(Array)
#6 D:\xampp\htdocs\cbt_app_server\admin\system\CodeIgniter.php(824): App\Controllers\Examinations->add_examination()
#7 D:\xampp\htdocs\cbt_app_server\admin\system\CodeIgniter.php(410): CodeIgniter\CodeIgniter->runController(Object(App\Controllers\Examinations))
#8 D:\xampp\htdocs\cbt_app_server\admin\system\CodeIgniter.php(318): CodeIgniter\CodeIgniter->handleRequest(NULL, Object(Config\Cache), false)
#9 D:\xampp\htdocs\cbt_app_server\admin\index.php(37): CodeIgniter\CodeIgniter->run()
#10 {main}
CRITICAL - 2021-12-30 05:48:32 --> Trying to access array offset on value of type null
#0 D:\xampp\htdocs\cbt_app_server\admin\app\Views\examinations\view_examination.php(104): CodeIgniter\Debug\Exceptions->errorHandler(2, 'Trying to acces...', 'D:\\xampp\\htdocs...', 104)
#1 D:\xampp\htdocs\cbt_app_server\admin\system\View\View.php(214): include('D:\\xampp\\htdocs...')
#2 D:\xampp\htdocs\cbt_app_server\admin\system\View\View.php(217): CodeIgniter\View\View->CodeIgniter\View\{closure}()
#3 D:\xampp\htdocs\cbt_app_server\admin\system\Common.php(1097): CodeIgniter\View\View->render('examinations/vi...', Array, true)
#4 D:\xampp\htdocs\cbt_app_server\admin\app\Controllers\Examinations.php(199): view('examinations/vi...', Array)
#5 D:\xampp\htdocs\cbt_app_server\admin\system\CodeIgniter.php(824): App\Controllers\Examinations->view_examination('F7492XY')
#6 D:\xampp\htdocs\cbt_app_server\admin\system\CodeIgniter.php(410): CodeIgniter\CodeIgniter->runController(Object(App\Controllers\Examinations))
#7 D:\xampp\htdocs\cbt_app_server\admin\system\CodeIgniter.php(318): CodeIgniter\CodeIgniter->handleRequest(NULL, Object(Config\Cache), false)
#8 D:\xampp\htdocs\cbt_app_server\admin\index.php(37): CodeIgniter\CodeIgniter->run()
#9 {main}
CRITICAL - 2021-12-30 05:50:11 --> Trying to access array offset on value of type null
#0 D:\xampp\htdocs\cbt_app_server\admin\app\Views\examinations\view_examination.php(104): CodeIgniter\Debug\Exceptions->errorHandler(2, 'Trying to acces...', 'D:\\xampp\\htdocs...', 104)
#1 D:\xampp\htdocs\cbt_app_server\admin\system\View\View.php(214): include('D:\\xampp\\htdocs...')
#2 D:\xampp\htdocs\cbt_app_server\admin\system\View\View.php(217): CodeIgniter\View\View->CodeIgniter\View\{closure}()
#3 D:\xampp\htdocs\cbt_app_server\admin\system\Common.php(1097): CodeIgniter\View\View->render('examinations/vi...', Array, true)
#4 D:\xampp\htdocs\cbt_app_server\admin\app\Controllers\Examinations.php(199): view('examinations/vi...', Array)
#5 D:\xampp\htdocs\cbt_app_server\admin\system\CodeIgniter.php(824): App\Controllers\Examinations->view_examination('090YKXW')
#6 D:\xampp\htdocs\cbt_app_server\admin\system\CodeIgniter.php(410): CodeIgniter\CodeIgniter->runController(Object(App\Controllers\Examinations))
#7 D:\xampp\htdocs\cbt_app_server\admin\system\CodeIgniter.php(318): CodeIgniter\CodeIgniter->handleRequest(NULL, Object(Config\Cache), false)
#8 D:\xampp\htdocs\cbt_app_server\admin\index.php(37): CodeIgniter\CodeIgniter->run()
#9 {main}
CRITICAL - 2021-12-30 06:11:41 --> Undefined array key "shuffle"
#0 D:\xampp\htdocs\cbt_app_server\admin\app\Views\examinations\edit_examination.php(154): CodeIgniter\Debug\Exceptions->errorHandler(2, 'Undefined array...', 'D:\\xampp\\htdocs...', 154)
#1 D:\xampp\htdocs\cbt_app_server\admin\system\View\View.php(214): include('D:\\xampp\\htdocs...')
#2 D:\xampp\htdocs\cbt_app_server\admin\system\View\View.php(217): CodeIgniter\View\View->CodeIgniter\View\{closure}()
#3 D:\xampp\htdocs\cbt_app_server\admin\system\Common.php(1097): CodeIgniter\View\View->render('examinations/ed...', Array, true)
#4 D:\xampp\htdocs\cbt_app_server\admin\app\Controllers\Examinations.php(137): view('examinations/ed...', Array)
#5 D:\xampp\htdocs\cbt_app_server\admin\system\CodeIgniter.php(824): App\Controllers\Examinations->edit_examination('DDPZIDK')
#6 D:\xampp\htdocs\cbt_app_server\admin\system\CodeIgniter.php(410): CodeIgniter\CodeIgniter->runController(Object(App\Controllers\Examinations))
#7 D:\xampp\htdocs\cbt_app_server\admin\system\CodeIgniter.php(318): CodeIgniter\CodeIgniter->handleRequest(NULL, Object(Config\Cache), false)
#8 D:\xampp\htdocs\cbt_app_server\admin\index.php(37): CodeIgniter\CodeIgniter->run()
#9 {main}
CRITICAL - 2021-12-30 06:48:37 --> Undefined array key "cbt_admin_session"
#0 D:\xampp\htdocs\cbt_app_server\admin\app\Views\includes\side_bar.php(69): CodeIgniter\Debug\Exceptions->errorHandler(2, 'Undefined array...', 'D:\\xampp\\htdocs...', 69)
#1 D:\xampp\htdocs\cbt_app_server\admin\system\View\View.php(214): include('D:\\xampp\\htdocs...')
#2 D:\xampp\htdocs\cbt_app_server\admin\system\View\View.php(217): CodeIgniter\View\View->CodeIgniter\View\{closure}()
#3 D:\xampp\htdocs\cbt_app_server\admin\system\View\View.php(432): CodeIgniter\View\View->render('includes/side_b...', NULL, true)
#4 D:\xampp\htdocs\cbt_app_server\admin\app\Views\examinations\view_examination.php(69): CodeIgniter\View\View->include('includes/side_b...')
#5 D:\xampp\htdocs\cbt_app_server\admin\system\View\View.php(214): include('D:\\xampp\\htdocs...')
#6 D:\xampp\htdocs\cbt_app_server\admin\system\View\View.php(217): CodeIgniter\View\View->CodeIgniter\View\{closure}()
#7 D:\xampp\htdocs\cbt_app_server\admin\system\Common.php(1097): CodeIgniter\View\View->render('examinations/vi...', Array, true)
#8 D:\xampp\htdocs\cbt_app_server\admin\app\Controllers\Examinations.php(214): view('examinations/vi...', Array)
#9 D:\xampp\htdocs\cbt_app_server\admin\system\CodeIgniter.php(824): App\Controllers\Examinations->view_examination('DDPZIDK')
#10 D:\xampp\htdocs\cbt_app_server\admin\system\CodeIgniter.php(410): CodeIgniter\CodeIgniter->runController(Object(App\Controllers\Examinations))
#11 D:\xampp\htdocs\cbt_app_server\admin\system\CodeIgniter.php(318): CodeIgniter\CodeIgniter->handleRequest(NULL, Object(Config\Cache), false)
#12 D:\xampp\htdocs\cbt_app_server\admin\index.php(37): CodeIgniter\CodeIgniter->run()
#13 {main}
CRITICAL - 2021-12-30 13:12:38 --> Undefined array key "cbt_admin_session"
#0 D:\xampp\htdocs\cbt_app_server\admin\app\Views\includes\side_bar.php(69): CodeIgniter\Debug\Exceptions->errorHandler(2, 'Undefined array...', 'D:\\xampp\\htdocs...', 69)
#1 D:\xampp\htdocs\cbt_app_server\admin\system\View\View.php(214): include('D:\\xampp\\htdocs...')
#2 D:\xampp\htdocs\cbt_app_server\admin\system\View\View.php(217): CodeIgniter\View\View->CodeIgniter\View\{closure}()
#3 D:\xampp\htdocs\cbt_app_server\admin\system\View\View.php(432): CodeIgniter\View\View->render('includes/side_b...', NULL, true)
#4 D:\xampp\htdocs\cbt_app_server\admin\app\Views\examinations\exam_results.php(47): CodeIgniter\View\View->include('includes/side_b...')
#5 D:\xampp\htdocs\cbt_app_server\admin\system\View\View.php(214): include('D:\\xampp\\htdocs...')
#6 D:\xampp\htdocs\cbt_app_server\admin\system\View\View.php(217): CodeIgniter\View\View->CodeIgniter\View\{closure}()
#7 D:\xampp\htdocs\cbt_app_server\admin\system\Common.php(1097): CodeIgniter\View\View->render('examinations/ex...', Array, true)
#8 D:\xampp\htdocs\cbt_app_server\admin\app\Controllers\Examinations.php(336): view('examinations/ex...', Array)
#9 D:\xampp\htdocs\cbt_app_server\admin\system\CodeIgniter.php(824): App\Controllers\Examinations->results('W01TYQI')
#10 D:\xampp\htdocs\cbt_app_server\admin\system\CodeIgniter.php(410): CodeIgniter\CodeIgniter->runController(Object(App\Controllers\Examinations))
#11 D:\xampp\htdocs\cbt_app_server\admin\system\CodeIgniter.php(318): CodeIgniter\CodeIgniter->handleRequest(NULL, Object(Config\Cache), false)
#12 D:\xampp\htdocs\cbt_app_server\admin\index.php(37): CodeIgniter\CodeIgniter->run()
#13 {main}
CRITICAL - 2021-12-30 14:25:10 --> Undefined array key "cbt_admin_session"
#0 D:\xampp\htdocs\cbt_app_server\admin\app\Views\includes\side_bar.php(69): CodeIgniter\Debug\Exceptions->errorHandler(2, 'Undefined array...', 'D:\\xampp\\htdocs...', 69)
#1 D:\xampp\htdocs\cbt_app_server\admin\system\View\View.php(214): include('D:\\xampp\\htdocs...')
#2 D:\xampp\htdocs\cbt_app_server\admin\system\View\View.php(217): CodeIgniter\View\View->CodeIgniter\View\{closure}()
#3 D:\xampp\htdocs\cbt_app_server\admin\system\View\View.php(432): CodeIgniter\View\View->render('includes/side_b...', NULL, true)
#4 D:\xampp\htdocs\cbt_app_server\admin\app\Views\examinations\view_examination.php(69): CodeIgniter\View\View->include('includes/side_b...')
#5 D:\xampp\htdocs\cbt_app_server\admin\system\View\View.php(214): include('D:\\xampp\\htdocs...')
#6 D:\xampp\htdocs\cbt_app_server\admin\system\View\View.php(217): CodeIgniter\View\View->CodeIgniter\View\{closure}()
#7 D:\xampp\htdocs\cbt_app_server\admin\system\Common.php(1097): CodeIgniter\View\View->render('examinations/vi...', Array, true)
#8 D:\xampp\htdocs\cbt_app_server\admin\app\Controllers\Examinations.php(218): view('examinations/vi...', Array)
#9 D:\xampp\htdocs\cbt_app_server\admin\system\CodeIgniter.php(824): App\Controllers\Examinations->view_examination('W01TYQI')
#10 D:\xampp\htdocs\cbt_app_server\admin\system\CodeIgniter.php(410): CodeIgniter\CodeIgniter->runController(Object(App\Controllers\Examinations))
#11 D:\xampp\htdocs\cbt_app_server\admin\system\CodeIgniter.php(318): CodeIgniter\CodeIgniter->handleRequest(NULL, Object(Config\Cache), false)
#12 D:\xampp\htdocs\cbt_app_server\admin\index.php(37): CodeIgniter\CodeIgniter->run()
#13 {main}
