CRITICAL - 2022-02-04 05:10:54 --> Undefined index: cbt_admin_session
#0 /home2/agricanm/public_html/questaonline.xyz/admin/app/Helpers/utils_helper.php(76): CodeIgniter\Debug\Exceptions->errorHandler(8, 'Undefined index...', '/home2/agricanm...', 76, Array)
#1 /home2/agricanm/public_html/questaonline.xyz/admin/app/Views/includes/side_bar.php(64): is_owner_account()
#2 /home2/agricanm/public_html/questaonline.xyz/admin/system/View/View.php(214): include('/home2/agricanm...')
#3 /home2/agricanm/public_html/questaonline.xyz/admin/system/View/View.php(217): CodeIgniter\View\View->CodeIgniter\View\{closure}()
#4 /home2/agricanm/public_html/questaonline.xyz/admin/system/View/View.php(432): CodeIgniter\View\View->render('includes/side_b...', NULL, true)
#5 /home2/agricanm/public_html/questaonline.xyz/admin/app/Views/examinations/exam_results_multichoice.php(52): CodeIgniter\View\View->include('includes/side_b...')
#6 /home2/agricanm/public_html/questaonline.xyz/admin/system/View/View.php(214): include('/home2/agricanm...')
#7 /home2/agricanm/public_html/questaonline.xyz/admin/system/View/View.php(217): CodeIgniter\View\View->CodeIgniter\View\{closure}()
#8 /home2/agricanm/public_html/questaonline.xyz/admin/system/Common.php(1097): CodeIgniter\View\View->render('examinations/ex...', Array, true)
#9 /home2/agricanm/public_html/questaonline.xyz/admin/app/Controllers/Examinations.php(347): view('examinations/ex...', Array)
#10 /home2/agricanm/public_html/questaonline.xyz/admin/system/CodeIgniter.php(824): App\Controllers\Examinations->results('WF0FV2T')
#11 /home2/agricanm/public_html/questaonline.xyz/admin/system/CodeIgniter.php(410): CodeIgniter\CodeIgniter->runController(Object(App\Controllers\Examinations))
#12 /home2/agricanm/public_html/questaonline.xyz/admin/system/CodeIgniter.php(318): CodeIgniter\CodeIgniter->handleRequest(NULL, Object(Config\Cache), false)
#13 /home2/agricanm/public_html/questaonline.xyz/admin/index.php(37): CodeIgniter\CodeIgniter->run()
#14 {main}
CRITICAL - 2022-02-04 05:11:08 --> file_get_contents(/home2/agricanm/public_html/questaonline.xyz/admin/writable/debugbar/debugbar_1642876791.json): failed to open stream: No such file or directory
#0 [internal function]: CodeIgniter\Debug\Exceptions->errorHandler(2, 'file_get_conten...', '/home2/agricanm...', 80, Array)
#1 /home2/agricanm/public_html/questaonline.xyz/admin/system/Debug/Toolbar/Collectors/History.php(80): file_get_contents('/home2/agricanm...')
#2 /home2/agricanm/public_html/questaonline.xyz/admin/system/Debug/Toolbar.php(483): CodeIgniter\Debug\Toolbar\Collectors\History->setFiles(1643973056, 20)
#3 /home2/agricanm/public_html/questaonline.xyz/admin/system/Debug/Toolbar.php(460): CodeIgniter\Debug\Toolbar->format(Array, 'html')
#4 /home2/agricanm/public_html/questaonline.xyz/admin/app/Config/Events.php(48): CodeIgniter\Debug\Toolbar->respond()
#5 /home2/agricanm/public_html/questaonline.xyz/admin/system/Events/Events.php(149): CodeIgniter\Events\Events::Config\{closure}()
#6 /home2/agricanm/public_html/questaonline.xyz/admin/system/CodeIgniter.php(300): CodeIgniter\Events\Events::trigger('pre_system')
#7 /home2/agricanm/public_html/questaonline.xyz/admin/index.php(37): CodeIgniter\CodeIgniter->run()
#8 {main}
CRITICAL - 2022-02-04 05:16:27 --> Undefined index: cbt_admin_session
#0 /home2/agricanm/public_html/questaonline.xyz/admin/app/Helpers/utils_helper.php(76): CodeIgniter\Debug\Exceptions->errorHandler(8, 'Undefined index...', '/home2/agricanm...', 76, Array)
#1 /home2/agricanm/public_html/questaonline.xyz/admin/app/Views/includes/side_bar.php(64): is_owner_account()
#2 /home2/agricanm/public_html/questaonline.xyz/admin/system/View/View.php(214): include('/home2/agricanm...')
#3 /home2/agricanm/public_html/questaonline.xyz/admin/system/View/View.php(217): CodeIgniter\View\View->CodeIgniter\View\{closure}()
#4 /home2/agricanm/public_html/questaonline.xyz/admin/system/View/View.php(432): CodeIgniter\View\View->render('includes/side_b...', NULL, true)
#5 /home2/agricanm/public_html/questaonline.xyz/admin/app/Views/dashboard.php(33): CodeIgniter\View\View->include('includes/side_b...')
#6 /home2/agricanm/public_html/questaonline.xyz/admin/system/View/View.php(214): include('/home2/agricanm...')
#7 /home2/agricanm/public_html/questaonline.xyz/admin/system/View/View.php(217): CodeIgniter\View\View->CodeIgniter\View\{closure}()
#8 /home2/agricanm/public_html/questaonline.xyz/admin/system/Common.php(1097): CodeIgniter\View\View->render('dashboard', Array, true)
#9 /home2/agricanm/public_html/questaonline.xyz/admin/app/Controllers/Dashboard.php(32): view('dashboard', Array)
#10 /home2/agricanm/public_html/questaonline.xyz/admin/system/CodeIgniter.php(824): App\Controllers\Dashboard->index()
#11 /home2/agricanm/public_html/questaonline.xyz/admin/system/CodeIgniter.php(410): CodeIgniter\CodeIgniter->runController(Object(App\Controllers\Dashboard))
#12 /home2/agricanm/public_html/questaonline.xyz/admin/system/CodeIgniter.php(318): CodeIgniter\CodeIgniter->handleRequest(NULL, Object(Config\Cache), false)
#13 /home2/agricanm/public_html/questaonline.xyz/admin/index.php(37): CodeIgniter\CodeIgniter->run()
#14 {main}
CRITICAL - 2022-02-04 07:10:25 --> Undefined index: cbt_admin_session
#0 /home2/agricanm/public_html/questaonline.xyz/admin/app/Helpers/utils_helper.php(76): CodeIgniter\Debug\Exceptions->errorHandler(8, 'Undefined index...', '/home2/agricanm...', 76, Array)
#1 /home2/agricanm/public_html/questaonline.xyz/admin/app/Views/includes/side_bar.php(64): is_owner_account()
#2 /home2/agricanm/public_html/questaonline.xyz/admin/system/View/View.php(214): include('/home2/agricanm...')
#3 /home2/agricanm/public_html/questaonline.xyz/admin/system/View/View.php(217): CodeIgniter\View\View->CodeIgniter\View\{closure}()
#4 /home2/agricanm/public_html/questaonline.xyz/admin/system/View/View.php(432): CodeIgniter\View\View->render('includes/side_b...', NULL, true)
#5 /home2/agricanm/public_html/questaonline.xyz/admin/app/Views/examinations/view_examination_multichoice.php(75): CodeIgniter\View\View->include('includes/side_b...')
#6 /home2/agricanm/public_html/questaonline.xyz/admin/system/View/View.php(214): include('/home2/agricanm...')
#7 /home2/agricanm/public_html/questaonline.xyz/admin/system/View/View.php(217): CodeIgniter\View\View->CodeIgniter\View\{closure}()
#8 /home2/agricanm/public_html/questaonline.xyz/admin/system/Common.php(1097): CodeIgniter\View\View->render('examinations/vi...', Array, true)
#9 /home2/agricanm/public_html/questaonline.xyz/admin/app/Controllers/Examinations.php(223): view('examinations/vi...', Array)
#10 /home2/agricanm/public_html/questaonline.xyz/admin/system/CodeIgniter.php(824): App\Controllers\Examinations->view_examination('WF0FV2T')
#11 /home2/agricanm/public_html/questaonline.xyz/admin/system/CodeIgniter.php(410): CodeIgniter\CodeIgniter->runController(Object(App\Controllers\Examinations))
#12 /home2/agricanm/public_html/questaonline.xyz/admin/system/CodeIgniter.php(318): CodeIgniter\CodeIgniter->handleRequest(NULL, Object(Config\Cache), false)
#13 /home2/agricanm/public_html/questaonline.xyz/admin/index.php(37): CodeIgniter\CodeIgniter->run()
#14 {main}
CRITICAL - 2022-02-04 08:54:29 --> Undefined index: cbt_admin_session
#0 /home2/agricanm/public_html/questaonline.xyz/admin/app/Helpers/utils_helper.php(76): CodeIgniter\Debug\Exceptions->errorHandler(8, 'Undefined index...', '/home2/agricanm...', 76, Array)
#1 /home2/agricanm/public_html/questaonline.xyz/admin/app/Views/includes/side_bar.php(64): is_owner_account()
#2 /home2/agricanm/public_html/questaonline.xyz/admin/system/View/View.php(214): include('/home2/agricanm...')
#3 /home2/agricanm/public_html/questaonline.xyz/admin/system/View/View.php(217): CodeIgniter\View\View->CodeIgniter\View\{closure}()
#4 /home2/agricanm/public_html/questaonline.xyz/admin/system/View/View.php(432): CodeIgniter\View\View->render('includes/side_b...', NULL, true)
#5 /home2/agricanm/public_html/questaonline.xyz/admin/app/Views/dashboard.php(33): CodeIgniter\View\View->include('includes/side_b...')
#6 /home2/agricanm/public_html/questaonline.xyz/admin/system/View/View.php(214): include('/home2/agricanm...')
#7 /home2/agricanm/public_html/questaonline.xyz/admin/system/View/View.php(217): CodeIgniter\View\View->CodeIgniter\View\{closure}()
#8 /home2/agricanm/public_html/questaonline.xyz/admin/system/Common.php(1097): CodeIgniter\View\View->render('dashboard', Array, true)
#9 /home2/agricanm/public_html/questaonline.xyz/admin/app/Controllers/Dashboard.php(32): view('dashboard', Array)
#10 /home2/agricanm/public_html/questaonline.xyz/admin/system/CodeIgniter.php(824): App\Controllers\Dashboard->index()
#11 /home2/agricanm/public_html/questaonline.xyz/admin/system/CodeIgniter.php(410): CodeIgniter\CodeIgniter->runController(Object(App\Controllers\Dashboard))
#12 /home2/agricanm/public_html/questaonline.xyz/admin/system/CodeIgniter.php(318): CodeIgniter\CodeIgniter->handleRequest(NULL, Object(Config\Cache), false)
#13 /home2/agricanm/public_html/questaonline.xyz/admin/index.php(37): CodeIgniter\CodeIgniter->run()
#14 {main}
CRITICAL - 2022-02-04 08:54:29 --> Undefined index: cbt_admin_session
#0 /home2/agricanm/public_html/questaonline.xyz/admin/app/Helpers/utils_helper.php(76): CodeIgniter\Debug\Exceptions->errorHandler(8, 'Undefined index...', '/home2/agricanm...', 76, Array)
#1 /home2/agricanm/public_html/questaonline.xyz/admin/app/Views/includes/side_bar.php(64): is_owner_account()
#2 /home2/agricanm/public_html/questaonline.xyz/admin/system/View/View.php(214): include('/home2/agricanm...')
#3 /home2/agricanm/public_html/questaonline.xyz/admin/system/View/View.php(217): CodeIgniter\View\View->CodeIgniter\View\{closure}()
#4 /home2/agricanm/public_html/questaonline.xyz/admin/system/View/View.php(432): CodeIgniter\View\View->render('includes/side_b...', NULL, true)
#5 /home2/agricanm/public_html/questaonline.xyz/admin/app/Views/dashboard.php(33): CodeIgniter\View\View->include('includes/side_b...')
#6 /home2/agricanm/public_html/questaonline.xyz/admin/system/View/View.php(214): include('/home2/agricanm...')
#7 /home2/agricanm/public_html/questaonline.xyz/admin/system/View/View.php(217): CodeIgniter\View\View->CodeIgniter\View\{closure}()
#8 /home2/agricanm/public_html/questaonline.xyz/admin/system/Common.php(1097): CodeIgniter\View\View->render('dashboard', Array, true)
#9 /home2/agricanm/public_html/questaonline.xyz/admin/app/Controllers/Dashboard.php(32): view('dashboard', Array)
#10 /home2/agricanm/public_html/questaonline.xyz/admin/system/CodeIgniter.php(824): App\Controllers\Dashboard->index()
#11 /home2/agricanm/public_html/questaonline.xyz/admin/system/CodeIgniter.php(410): CodeIgniter\CodeIgniter->runController(Object(App\Controllers\Dashboard))
#12 /home2/agricanm/public_html/questaonline.xyz/admin/system/CodeIgniter.php(318): CodeIgniter\CodeIgniter->handleRequest(NULL, Object(Config\Cache), false)
#13 /home2/agricanm/public_html/questaonline.xyz/admin/index.php(37): CodeIgniter\CodeIgniter->run()
#14 {main}
CRITICAL - 2022-02-04 08:54:34 --> Undefined index: cbt_admin_session
#0 /home2/agricanm/public_html/questaonline.xyz/admin/app/Helpers/utils_helper.php(76): CodeIgniter\Debug\Exceptions->errorHandler(8, 'Undefined index...', '/home2/agricanm...', 76, Array)
#1 /home2/agricanm/public_html/questaonline.xyz/admin/app/Views/includes/side_bar.php(64): is_owner_account()
#2 /home2/agricanm/public_html/questaonline.xyz/admin/system/View/View.php(214): include('/home2/agricanm...')
#3 /home2/agricanm/public_html/questaonline.xyz/admin/system/View/View.php(217): CodeIgniter\View\View->CodeIgniter\View\{closure}()
#4 /home2/agricanm/public_html/questaonline.xyz/admin/system/View/View.php(432): CodeIgniter\View\View->render('includes/side_b...', NULL, true)
#5 /home2/agricanm/public_html/questaonline.xyz/admin/app/Views/dashboard.php(33): CodeIgniter\View\View->include('includes/side_b...')
#6 /home2/agricanm/public_html/questaonline.xyz/admin/system/View/View.php(214): include('/home2/agricanm...')
#7 /home2/agricanm/public_html/questaonline.xyz/admin/system/View/View.php(217): CodeIgniter\View\View->CodeIgniter\View\{closure}()
#8 /home2/agricanm/public_html/questaonline.xyz/admin/system/Common.php(1097): CodeIgniter\View\View->render('dashboard', Array, true)
#9 /home2/agricanm/public_html/questaonline.xyz/admin/app/Controllers/Dashboard.php(32): view('dashboard', Array)
#10 /home2/agricanm/public_html/questaonline.xyz/admin/system/CodeIgniter.php(824): App\Controllers\Dashboard->index()
#11 /home2/agricanm/public_html/questaonline.xyz/admin/system/CodeIgniter.php(410): CodeIgniter\CodeIgniter->runController(Object(App\Controllers\Dashboard))
#12 /home2/agricanm/public_html/questaonline.xyz/admin/system/CodeIgniter.php(318): CodeIgniter\CodeIgniter->handleRequest(NULL, Object(Config\Cache), false)
#13 /home2/agricanm/public_html/questaonline.xyz/admin/index.php(37): CodeIgniter\CodeIgniter->run()
#14 {main}
CRITICAL - 2022-02-04 09:22:28 --> Undefined index: cbt_admin_session
#0 /home2/agricanm/public_html/questaonline.xyz/admin/app/Helpers/utils_helper.php(76): CodeIgniter\Debug\Exceptions->errorHandler(8, 'Undefined index...', '/home2/agricanm...', 76, Array)
#1 /home2/agricanm/public_html/questaonline.xyz/admin/app/Views/includes/side_bar.php(64): is_owner_account()
#2 /home2/agricanm/public_html/questaonline.xyz/admin/system/View/View.php(214): include('/home2/agricanm...')
#3 /home2/agricanm/public_html/questaonline.xyz/admin/system/View/View.php(217): CodeIgniter\View\View->CodeIgniter\View\{closure}()
#4 /home2/agricanm/public_html/questaonline.xyz/admin/system/View/View.php(432): CodeIgniter\View\View->render('includes/side_b...', NULL, true)
#5 /home2/agricanm/public_html/questaonline.xyz/admin/app/Views/users/profile.php(32): CodeIgniter\View\View->include('includes/side_b...')
#6 /home2/agricanm/public_html/questaonline.xyz/admin/system/View/View.php(214): include('/home2/agricanm...')
#7 /home2/agricanm/public_html/questaonline.xyz/admin/system/View/View.php(217): CodeIgniter\View\View->CodeIgniter\View\{closure}()
#8 /home2/agricanm/public_html/questaonline.xyz/admin/system/Common.php(1097): CodeIgniter\View\View->render('users/profile', Array, true)
#9 /home2/agricanm/public_html/questaonline.xyz/admin/app/Controllers/Users.php(223): view('users/profile', Array)
#10 /home2/agricanm/public_html/questaonline.xyz/admin/system/CodeIgniter.php(824): App\Controllers\Users->profile('USR_E87T3E20NK')
#11 /home2/agricanm/public_html/questaonline.xyz/admin/system/CodeIgniter.php(410): CodeIgniter\CodeIgniter->runController(Object(App\Controllers\Users))
#12 /home2/agricanm/public_html/questaonline.xyz/admin/system/CodeIgniter.php(318): CodeIgniter\CodeIgniter->handleRequest(NULL, Object(Config\Cache), false)
#13 /home2/agricanm/public_html/questaonline.xyz/admin/index.php(37): CodeIgniter\CodeIgniter->run()
#14 {main}
