CRITICAL - 2021-12-03 06:54:12 --> Undefined index: cbt_admin_session
#0 D:\WampServer\www\cbt_app\app\Views\includes\top_bar.php(25): CodeIgniter\Debug\Exceptions->errorHandler(8, 'Undefined index...', 'D:\\WampServer\\w...', 25, Array)
#1 D:\WampServer\www\cbt_app\system\View\View.php(214): include('D:\\WampServer\\w...')
#2 D:\WampServer\www\cbt_app\system\View\View.php(217): CodeIgniter\View\View->CodeIgniter\View\{closure}()
#3 D:\WampServer\www\cbt_app\system\View\View.php(432): CodeIgniter\View\View->render('includes/top_ba...', NULL, true)
#4 D:\WampServer\www\cbt_app\app\Views\examinations\view_examination.php(66): CodeIgniter\View\View->include('includes/top_ba...')
#5 D:\WampServer\www\cbt_app\system\View\View.php(214): include('D:\\WampServer\\w...')
#6 D:\WampServer\www\cbt_app\system\View\View.php(217): CodeIgniter\View\View->CodeIgniter\View\{closure}()
#7 D:\WampServer\www\cbt_app\system\Common.php(1097): CodeIgniter\View\View->render('examinations/vi...', Array, true)
#8 D:\WampServer\www\cbt_app\app\Controllers\Examinations.php(165): view('examinations/vi...', Array)
#9 D:\WampServer\www\cbt_app\system\CodeIgniter.php(824): App\Controllers\Examinations->view_examination('LVYAH6GWYH')
#10 D:\WampServer\www\cbt_app\system\CodeIgniter.php(410): CodeIgniter\CodeIgniter->runController(Object(App\Controllers\Examinations))
#11 D:\WampServer\www\cbt_app\system\CodeIgniter.php(318): CodeIgniter\CodeIgniter->handleRequest(NULL, Object(Config\Cache), false)
#12 D:\WampServer\www\cbt_app\index.php(37): CodeIgniter\CodeIgniter->run()
#13 {main}
CRITICAL - 2021-12-03 07:08:24 --> Undefined index: cbt_admin_session
#0 D:\WampServer\www\cbt_app\app\Views\includes\top_bar.php(25): CodeIgniter\Debug\Exceptions->errorHandler(8, 'Undefined index...', 'D:\\WampServer\\w...', 25, Array)
#1 D:\WampServer\www\cbt_app\system\View\View.php(214): include('D:\\WampServer\\w...')
#2 D:\WampServer\www\cbt_app\system\View\View.php(217): CodeIgniter\View\View->CodeIgniter\View\{closure}()
#3 D:\WampServer\www\cbt_app\system\View\View.php(432): CodeIgniter\View\View->render('includes/top_ba...', NULL, true)
#4 D:\WampServer\www\cbt_app\app\Views\examinations\view_examination.php(66): CodeIgniter\View\View->include('includes/top_ba...')
#5 D:\WampServer\www\cbt_app\system\View\View.php(214): include('D:\\WampServer\\w...')
#6 D:\WampServer\www\cbt_app\system\View\View.php(217): CodeIgniter\View\View->CodeIgniter\View\{closure}()
#7 D:\WampServer\www\cbt_app\system\Common.php(1097): CodeIgniter\View\View->render('examinations/vi...', Array, true)
#8 D:\WampServer\www\cbt_app\app\Controllers\Examinations.php(165): view('examinations/vi...', Array)
#9 D:\WampServer\www\cbt_app\system\CodeIgniter.php(824): App\Controllers\Examinations->view_examination('LVYAH6GWYH')
#10 D:\WampServer\www\cbt_app\system\CodeIgniter.php(410): CodeIgniter\CodeIgniter->runController(Object(App\Controllers\Examinations))
#11 D:\WampServer\www\cbt_app\system\CodeIgniter.php(318): CodeIgniter\CodeIgniter->handleRequest(NULL, Object(Config\Cache), false)
#12 D:\WampServer\www\cbt_app\index.php(37): CodeIgniter\CodeIgniter->run()
#13 {main}
CRITICAL - 2021-12-03 07:31:00 --> Too few arguments to function App\Controllers\Examinations::set_status(), 0 passed in D:\WampServer\www\cbt_app\system\CodeIgniter.php on line 824 and exactly 1 expected
#0 D:\WampServer\www\cbt_app\system\CodeIgniter.php(824): App\Controllers\Examinations->set_status()
#1 D:\WampServer\www\cbt_app\system\CodeIgniter.php(410): CodeIgniter\CodeIgniter->runController(Object(App\Controllers\Examinations))
#2 D:\WampServer\www\cbt_app\system\CodeIgniter.php(318): CodeIgniter\CodeIgniter->handleRequest(NULL, Object(Config\Cache), false)
#3 D:\WampServer\www\cbt_app\index.php(37): CodeIgniter\CodeIgniter->run()
#4 {main}
CRITICAL - 2021-12-03 07:35:35 --> Too few arguments to function App\Models\Examination_model::update_exam(), 1 passed in D:\WampServer\www\cbt_app\app\Controllers\Examinations.php on line 202 and exactly 2 expected
#0 D:\WampServer\www\cbt_app\app\Controllers\Examinations.php(202): App\Models\Examination_model->update_exam(Array)
#1 D:\WampServer\www\cbt_app\system\CodeIgniter.php(824): App\Controllers\Examinations->set_status()
#2 D:\WampServer\www\cbt_app\system\CodeIgniter.php(410): CodeIgniter\CodeIgniter->runController(Object(App\Controllers\Examinations))
#3 D:\WampServer\www\cbt_app\system\CodeIgniter.php(318): CodeIgniter\CodeIgniter->handleRequest(NULL, Object(Config\Cache), false)
#4 D:\WampServer\www\cbt_app\index.php(37): CodeIgniter\CodeIgniter->run()
#5 {main}
CRITICAL - 2021-12-03 07:36:50 --> syntax error, unexpected ';', expecting ']'
#0 D:\WampServer\www\cbt_app\system\Router\Router.php(176): CodeIgniter\Router\Router->autoRoute('examinations/vi...')
#1 D:\WampServer\www\cbt_app\system\CodeIgniter.php(718): CodeIgniter\Router\Router->handle('examinations/vi...')
#2 D:\WampServer\www\cbt_app\system\CodeIgniter.php(359): CodeIgniter\CodeIgniter->tryToRouteIt(Object(CodeIgniter\Router\RouteCollection))
#3 D:\WampServer\www\cbt_app\system\CodeIgniter.php(318): CodeIgniter\CodeIgniter->handleRequest(NULL, Object(Config\Cache), false)
#4 D:\WampServer\www\cbt_app\index.php(37): CodeIgniter\CodeIgniter->run()
#5 {main}
CRITICAL - 2021-12-03 08:19:40 --> Undefined index: cbt_admin_session
#0 D:\WampServer\www\cbt_app\admin\app\Controllers\Questions.php(41): CodeIgniter\Debug\Exceptions->errorHandler(8, 'Undefined index...', 'D:\\WampServer\\w...', 41, Array)
#1 D:\WampServer\www\cbt_app\admin\app\Controllers\Questions.php(21): App\Controllers\Questions->add_questions(Object(stdClass), 'LVYAH6GWYH')
#2 D:\WampServer\www\cbt_app\admin\system\CodeIgniter.php(824): App\Controllers\Questions->push_question()
#3 D:\WampServer\www\cbt_app\admin\system\CodeIgniter.php(410): CodeIgniter\CodeIgniter->runController(Object(App\Controllers\Questions))
#4 D:\WampServer\www\cbt_app\admin\system\CodeIgniter.php(318): CodeIgniter\CodeIgniter->handleRequest(NULL, Object(Config\Cache), false)
#5 D:\WampServer\www\cbt_app\admin\index.php(37): CodeIgniter\CodeIgniter->run()
#6 {main}
CRITICAL - 2021-12-03 08:38:24 --> Undefined index: cbt_admin_session
#0 D:\WampServer\www\cbt_app\admin\app\Views\includes\top_bar.php(25): CodeIgniter\Debug\Exceptions->errorHandler(8, 'Undefined index...', 'D:\\WampServer\\w...', 25, Array)
#1 D:\WampServer\www\cbt_app\admin\system\View\View.php(214): include('D:\\WampServer\\w...')
#2 D:\WampServer\www\cbt_app\admin\system\View\View.php(217): CodeIgniter\View\View->CodeIgniter\View\{closure}()
#3 D:\WampServer\www\cbt_app\admin\system\View\View.php(432): CodeIgniter\View\View->render('includes/top_ba...', NULL, true)
#4 D:\WampServer\www\cbt_app\admin\app\Views\examinations\view_examination.php(66): CodeIgniter\View\View->include('includes/top_ba...')
#5 D:\WampServer\www\cbt_app\admin\system\View\View.php(214): include('D:\\WampServer\\w...')
#6 D:\WampServer\www\cbt_app\admin\system\View\View.php(217): CodeIgniter\View\View->CodeIgniter\View\{closure}()
#7 D:\WampServer\www\cbt_app\admin\system\Common.php(1097): CodeIgniter\View\View->render('examinations/vi...', Array, true)
#8 D:\WampServer\www\cbt_app\admin\app\Controllers\Examinations.php(165): view('examinations/vi...', Array)
#9 D:\WampServer\www\cbt_app\admin\system\CodeIgniter.php(824): App\Controllers\Examinations->view_examination('NOMGE0NRIF')
#10 D:\WampServer\www\cbt_app\admin\system\CodeIgniter.php(410): CodeIgniter\CodeIgniter->runController(Object(App\Controllers\Examinations))
#11 D:\WampServer\www\cbt_app\admin\system\CodeIgniter.php(318): CodeIgniter\CodeIgniter->handleRequest(NULL, Object(Config\Cache), false)
#12 D:\WampServer\www\cbt_app\admin\index.php(37): CodeIgniter\CodeIgniter->run()
#13 {main}
CRITICAL - 2021-12-03 10:34:43 --> Undefined index: cbt_admin_session
#0 D:\WampServer\www\cbt_app\admin\app\Views\includes\top_bar.php(25): CodeIgniter\Debug\Exceptions->errorHandler(8, 'Undefined index...', 'D:\\WampServer\\w...', 25, Array)
#1 D:\WampServer\www\cbt_app\admin\system\View\View.php(214): include('D:\\WampServer\\w...')
#2 D:\WampServer\www\cbt_app\admin\system\View\View.php(217): CodeIgniter\View\View->CodeIgniter\View\{closure}()
#3 D:\WampServer\www\cbt_app\admin\system\View\View.php(432): CodeIgniter\View\View->render('includes/top_ba...', NULL, true)
#4 D:\WampServer\www\cbt_app\admin\app\Views\examinations\view_examination.php(66): CodeIgniter\View\View->include('includes/top_ba...')
#5 D:\WampServer\www\cbt_app\admin\system\View\View.php(214): include('D:\\WampServer\\w...')
#6 D:\WampServer\www\cbt_app\admin\system\View\View.php(217): CodeIgniter\View\View->CodeIgniter\View\{closure}()
#7 D:\WampServer\www\cbt_app\admin\system\Common.php(1097): CodeIgniter\View\View->render('examinations/vi...', Array, true)
#8 D:\WampServer\www\cbt_app\admin\app\Controllers\Examinations.php(165): view('examinations/vi...', Array)
#9 D:\WampServer\www\cbt_app\admin\system\CodeIgniter.php(824): App\Controllers\Examinations->view_examination('NOMGE0NRIF')
#10 D:\WampServer\www\cbt_app\admin\system\CodeIgniter.php(410): CodeIgniter\CodeIgniter->runController(Object(App\Controllers\Examinations))
#11 D:\WampServer\www\cbt_app\admin\system\CodeIgniter.php(318): CodeIgniter\CodeIgniter->handleRequest(NULL, Object(Config\Cache), false)
#12 D:\WampServer\www\cbt_app\admin\index.php(37): CodeIgniter\CodeIgniter->run()
#13 {main}
CRITICAL - 2021-12-03 10:57:22 --> Undefined index: cbt_admin_session
#0 D:\WampServer\www\cbt_app\admin\app\Views\includes\top_bar.php(25): CodeIgniter\Debug\Exceptions->errorHandler(8, 'Undefined index...', 'D:\\WampServer\\w...', 25, Array)
#1 D:\WampServer\www\cbt_app\admin\system\View\View.php(214): include('D:\\WampServer\\w...')
#2 D:\WampServer\www\cbt_app\admin\system\View\View.php(217): CodeIgniter\View\View->CodeIgniter\View\{closure}()
#3 D:\WampServer\www\cbt_app\admin\system\View\View.php(432): CodeIgniter\View\View->render('includes/top_ba...', NULL, true)
#4 D:\WampServer\www\cbt_app\admin\app\Views\examinations\view_examination.php(66): CodeIgniter\View\View->include('includes/top_ba...')
#5 D:\WampServer\www\cbt_app\admin\system\View\View.php(214): include('D:\\WampServer\\w...')
#6 D:\WampServer\www\cbt_app\admin\system\View\View.php(217): CodeIgniter\View\View->CodeIgniter\View\{closure}()
#7 D:\WampServer\www\cbt_app\admin\system\Common.php(1097): CodeIgniter\View\View->render('examinations/vi...', Array, true)
#8 D:\WampServer\www\cbt_app\admin\app\Controllers\Examinations.php(165): view('examinations/vi...', Array)
#9 D:\WampServer\www\cbt_app\admin\system\CodeIgniter.php(824): App\Controllers\Examinations->view_examination('NOMGE0NRIF')
#10 D:\WampServer\www\cbt_app\admin\system\CodeIgniter.php(410): CodeIgniter\CodeIgniter->runController(Object(App\Controllers\Examinations))
#11 D:\WampServer\www\cbt_app\admin\system\CodeIgniter.php(318): CodeIgniter\CodeIgniter->handleRequest(NULL, Object(Config\Cache), false)
#12 D:\WampServer\www\cbt_app\admin\index.php(37): CodeIgniter\CodeIgniter->run()
#13 {main}
CRITICAL - 2021-12-03 19:18:38 --> Undefined index: cbt_admin_session
#0 D:\WampServer\www\cbt_app\admin\app\Views\includes\top_bar.php(25): CodeIgniter\Debug\Exceptions->errorHandler(8, 'Undefined index...', 'D:\\WampServer\\w...', 25, Array)
#1 D:\WampServer\www\cbt_app\admin\system\View\View.php(214): include('D:\\WampServer\\w...')
#2 D:\WampServer\www\cbt_app\admin\system\View\View.php(217): CodeIgniter\View\View->CodeIgniter\View\{closure}()
#3 D:\WampServer\www\cbt_app\admin\system\View\View.php(432): CodeIgniter\View\View->render('includes/top_ba...', NULL, true)
#4 D:\WampServer\www\cbt_app\admin\app\Views\examinations\view_examination.php(66): CodeIgniter\View\View->include('includes/top_ba...')
#5 D:\WampServer\www\cbt_app\admin\system\View\View.php(214): include('D:\\WampServer\\w...')
#6 D:\WampServer\www\cbt_app\admin\system\View\View.php(217): CodeIgniter\View\View->CodeIgniter\View\{closure}()
#7 D:\WampServer\www\cbt_app\admin\system\Common.php(1097): CodeIgniter\View\View->render('examinations/vi...', Array, true)
#8 D:\WampServer\www\cbt_app\admin\app\Controllers\Examinations.php(165): view('examinations/vi...', Array)
#9 D:\WampServer\www\cbt_app\admin\system\CodeIgniter.php(824): App\Controllers\Examinations->view_examination('NOMGE0NRIF')
#10 D:\WampServer\www\cbt_app\admin\system\CodeIgniter.php(410): CodeIgniter\CodeIgniter->runController(Object(App\Controllers\Examinations))
#11 D:\WampServer\www\cbt_app\admin\system\CodeIgniter.php(318): CodeIgniter\CodeIgniter->handleRequest(NULL, Object(Config\Cache), false)
#12 D:\WampServer\www\cbt_app\admin\index.php(37): CodeIgniter\CodeIgniter->run()
#13 {main}
CRITICAL - 2021-12-03 19:27:01 --> Undefined index: cbt_admin_session
#0 D:\WampServer\www\cbt_app\admin\app\Views\includes\top_bar.php(25): CodeIgniter\Debug\Exceptions->errorHandler(8, 'Undefined index...', 'D:\\WampServer\\w...', 25, Array)
#1 D:\WampServer\www\cbt_app\admin\system\View\View.php(214): include('D:\\WampServer\\w...')
#2 D:\WampServer\www\cbt_app\admin\system\View\View.php(217): CodeIgniter\View\View->CodeIgniter\View\{closure}()
#3 D:\WampServer\www\cbt_app\admin\system\View\View.php(432): CodeIgniter\View\View->render('includes/top_ba...', NULL, true)
#4 D:\WampServer\www\cbt_app\admin\app\Views\examinations\list_of_exams.php(36): CodeIgniter\View\View->include('includes/top_ba...')
#5 D:\WampServer\www\cbt_app\admin\system\View\View.php(214): include('D:\\WampServer\\w...')
#6 D:\WampServer\www\cbt_app\admin\system\View\View.php(217): CodeIgniter\View\View->CodeIgniter\View\{closure}()
#7 D:\WampServer\www\cbt_app\admin\system\Common.php(1097): CodeIgniter\View\View->render('examinations/li...', Array, true)
#8 D:\WampServer\www\cbt_app\admin\app\Controllers\Examinations.php(25): view('examinations/li...', Array)
#9 D:\WampServer\www\cbt_app\admin\system\CodeIgniter.php(824): App\Controllers\Examinations->index()
#10 D:\WampServer\www\cbt_app\admin\system\CodeIgniter.php(410): CodeIgniter\CodeIgniter->runController(Object(App\Controllers\Examinations))
#11 D:\WampServer\www\cbt_app\admin\system\CodeIgniter.php(318): CodeIgniter\CodeIgniter->handleRequest(NULL, Object(Config\Cache), false)
#12 D:\WampServer\www\cbt_app\admin\index.php(37): CodeIgniter\CodeIgniter->run()
#13 {main}
CRITICAL - 2021-12-03 21:09:46 --> Undefined index: cbt_admin_session
#0 D:\WampServer\www\cbt_app\admin\app\Views\includes\top_bar.php(25): CodeIgniter\Debug\Exceptions->errorHandler(8, 'Undefined index...', 'D:\\WampServer\\w...', 25, Array)
#1 D:\WampServer\www\cbt_app\admin\system\View\View.php(214): include('D:\\WampServer\\w...')
#2 D:\WampServer\www\cbt_app\admin\system\View\View.php(217): CodeIgniter\View\View->CodeIgniter\View\{closure}()
#3 D:\WampServer\www\cbt_app\admin\system\View\View.php(432): CodeIgniter\View\View->render('includes/top_ba...', NULL, true)
#4 D:\WampServer\www\cbt_app\admin\app\Views\examinations\view_examination.php(66): CodeIgniter\View\View->include('includes/top_ba...')
#5 D:\WampServer\www\cbt_app\admin\system\View\View.php(214): include('D:\\WampServer\\w...')
#6 D:\WampServer\www\cbt_app\admin\system\View\View.php(217): CodeIgniter\View\View->CodeIgniter\View\{closure}()
#7 D:\WampServer\www\cbt_app\admin\system\Common.php(1097): CodeIgniter\View\View->render('examinations/vi...', Array, true)
#8 D:\WampServer\www\cbt_app\admin\app\Controllers\Examinations.php(165): view('examinations/vi...', Array)
#9 D:\WampServer\www\cbt_app\admin\system\CodeIgniter.php(824): App\Controllers\Examinations->view_examination('GC9EBYLMH4')
#10 D:\WampServer\www\cbt_app\admin\system\CodeIgniter.php(410): CodeIgniter\CodeIgniter->runController(Object(App\Controllers\Examinations))
#11 D:\WampServer\www\cbt_app\admin\system\CodeIgniter.php(318): CodeIgniter\CodeIgniter->handleRequest(NULL, Object(Config\Cache), false)
#12 D:\WampServer\www\cbt_app\admin\index.php(37): CodeIgniter\CodeIgniter->run()
#13 {main}
CRITICAL - 2021-12-03 22:42:56 --> Undefined index: cbt_admin_session
#0 D:\WampServer\www\cbt_app\admin\app\Views\includes\top_bar.php(25): CodeIgniter\Debug\Exceptions->errorHandler(8, 'Undefined index...', 'D:\\WampServer\\w...', 25, Array)
#1 D:\WampServer\www\cbt_app\admin\system\View\View.php(214): include('D:\\WampServer\\w...')
#2 D:\WampServer\www\cbt_app\admin\system\View\View.php(217): CodeIgniter\View\View->CodeIgniter\View\{closure}()
#3 D:\WampServer\www\cbt_app\admin\system\View\View.php(432): CodeIgniter\View\View->render('includes/top_ba...', NULL, true)
#4 D:\WampServer\www\cbt_app\admin\app\Views\examinations\view_examination.php(66): CodeIgniter\View\View->include('includes/top_ba...')
#5 D:\WampServer\www\cbt_app\admin\system\View\View.php(214): include('D:\\WampServer\\w...')
#6 D:\WampServer\www\cbt_app\admin\system\View\View.php(217): CodeIgniter\View\View->CodeIgniter\View\{closure}()
#7 D:\WampServer\www\cbt_app\admin\system\Common.php(1097): CodeIgniter\View\View->render('examinations/vi...', Array, true)
#8 D:\WampServer\www\cbt_app\admin\app\Controllers\Examinations.php(165): view('examinations/vi...', Array)
#9 D:\WampServer\www\cbt_app\admin\system\CodeIgniter.php(824): App\Controllers\Examinations->view_examination('GC9EBYLMH4')
#10 D:\WampServer\www\cbt_app\admin\system\CodeIgniter.php(410): CodeIgniter\CodeIgniter->runController(Object(App\Controllers\Examinations))
#11 D:\WampServer\www\cbt_app\admin\system\CodeIgniter.php(318): CodeIgniter\CodeIgniter->handleRequest(NULL, Object(Config\Cache), false)
#12 D:\WampServer\www\cbt_app\admin\index.php(37): CodeIgniter\CodeIgniter->run()
#13 {main}
CRITICAL - 2021-12-03 23:00:49 --> Undefined index: cbt_admin_session
#0 D:\WampServer\www\cbt_app\admin\app\Views\includes\top_bar.php(25): CodeIgniter\Debug\Exceptions->errorHandler(8, 'Undefined index...', 'D:\\WampServer\\w...', 25, Array)
#1 D:\WampServer\www\cbt_app\admin\system\View\View.php(214): include('D:\\WampServer\\w...')
#2 D:\WampServer\www\cbt_app\admin\system\View\View.php(217): CodeIgniter\View\View->CodeIgniter\View\{closure}()
#3 D:\WampServer\www\cbt_app\admin\system\View\View.php(432): CodeIgniter\View\View->render('includes/top_ba...', NULL, true)
#4 D:\WampServer\www\cbt_app\admin\app\Views\examinations\list_of_exams.php(36): CodeIgniter\View\View->include('includes/top_ba...')
#5 D:\WampServer\www\cbt_app\admin\system\View\View.php(214): include('D:\\WampServer\\w...')
#6 D:\WampServer\www\cbt_app\admin\system\View\View.php(217): CodeIgniter\View\View->CodeIgniter\View\{closure}()
#7 D:\WampServer\www\cbt_app\admin\system\Common.php(1097): CodeIgniter\View\View->render('examinations/li...', Array, true)
#8 D:\WampServer\www\cbt_app\admin\app\Controllers\Examinations.php(25): view('examinations/li...', Array)
#9 D:\WampServer\www\cbt_app\admin\system\CodeIgniter.php(824): App\Controllers\Examinations->index()
#10 D:\WampServer\www\cbt_app\admin\system\CodeIgniter.php(410): CodeIgniter\CodeIgniter->runController(Object(App\Controllers\Examinations))
#11 D:\WampServer\www\cbt_app\admin\system\CodeIgniter.php(318): CodeIgniter\CodeIgniter->handleRequest(NULL, Object(Config\Cache), false)
#12 D:\WampServer\www\cbt_app\admin\index.php(37): CodeIgniter\CodeIgniter->run()
#13 {main}
