CRITICAL - 2022-06-18 15:23:09 --> Call to undefined function App\Controllers\get_uploaded_submissions()
#0 D:\xampp\htdocs\questa_app\admin\system\CodeIgniter.php(824): App\Controllers\Examinations->view_result('ENT_RJQIWK42X7', '164ZSWD')
#1 D:\xampp\htdocs\questa_app\admin\system\CodeIgniter.php(410): CodeIgniter\CodeIgniter->runController(Object(App\Controllers\Examinations))
#2 D:\xampp\htdocs\questa_app\admin\system\CodeIgniter.php(318): CodeIgniter\CodeIgniter->handleRequest(NULL, Object(Config\Cache), false)
#3 D:\xampp\htdocs\questa_app\admin\index.php(37): CodeIgniter\CodeIgniter->run()
#4 {main}
CRITICAL - 2022-06-18 15:23:48 --> Call to undefined function App\Controllers\get_uploaded_submissions()
#0 D:\xampp\htdocs\questa_app\admin\system\CodeIgniter.php(824): App\Controllers\Examinations->view_result('ENT_RJQIWK42X7', '164ZSWD')
#1 D:\xampp\htdocs\questa_app\admin\system\CodeIgniter.php(410): CodeIgniter\CodeIgniter->runController(Object(App\Controllers\Examinations))
#2 D:\xampp\htdocs\questa_app\admin\system\CodeIgniter.php(318): CodeIgniter\CodeIgniter->handleRequest(NULL, Object(Config\Cache), false)
#3 D:\xampp\htdocs\questa_app\admin\index.php(37): CodeIgniter\CodeIgniter->run()
#4 {main}
CRITICAL - 2022-06-18 15:54:17 --> Trying to access array offset on value of type null
#0 D:\xampp\htdocs\questa_app\admin\app\Views\examinations\result_view_multichoice.php(5): CodeIgniter\Debug\Exceptions->errorHandler(2, 'Trying to acces...', 'D:\\xampp\\htdocs...', 5)
#1 D:\xampp\htdocs\questa_app\admin\system\View\View.php(214): include('D:\\xampp\\htdocs...')
#2 D:\xampp\htdocs\questa_app\admin\system\View\View.php(217): CodeIgniter\View\View->CodeIgniter\View\{closure}()
#3 D:\xampp\htdocs\questa_app\admin\system\Common.php(1097): CodeIgniter\View\View->render('examinations/re...', Array, true)
#4 D:\xampp\htdocs\questa_app\admin\app\Controllers\Examinations.php(548): view('examinations/re...', Array)
#5 D:\xampp\htdocs\questa_app\admin\system\CodeIgniter.php(824): App\Controllers\Examinations->view_result('ENT_RJQIWK42X7', '164ZSWD')
#6 D:\xampp\htdocs\questa_app\admin\system\CodeIgniter.php(410): CodeIgniter\CodeIgniter->runController(Object(App\Controllers\Examinations))
#7 D:\xampp\htdocs\questa_app\admin\system\CodeIgniter.php(318): CodeIgniter\CodeIgniter->handleRequest(NULL, Object(Config\Cache), false)
#8 D:\xampp\htdocs\questa_app\admin\index.php(37): CodeIgniter\CodeIgniter->run()
#9 {main}
CRITICAL - 2022-06-18 15:54:27 --> Trying to access array offset on value of type null
#0 D:\xampp\htdocs\questa_app\admin\app\Views\examinations\result_view_multichoice.php(5): CodeIgniter\Debug\Exceptions->errorHandler(2, 'Trying to acces...', 'D:\\xampp\\htdocs...', 5)
#1 D:\xampp\htdocs\questa_app\admin\system\View\View.php(214): include('D:\\xampp\\htdocs...')
#2 D:\xampp\htdocs\questa_app\admin\system\View\View.php(217): CodeIgniter\View\View->CodeIgniter\View\{closure}()
#3 D:\xampp\htdocs\questa_app\admin\system\Common.php(1097): CodeIgniter\View\View->render('examinations/re...', Array, true)
#4 D:\xampp\htdocs\questa_app\admin\app\Controllers\Examinations.php(548): view('examinations/re...', Array)
#5 D:\xampp\htdocs\questa_app\admin\system\CodeIgniter.php(824): App\Controllers\Examinations->view_result('ENT_RJQIWK42X7', '164ZSWD')
#6 D:\xampp\htdocs\questa_app\admin\system\CodeIgniter.php(410): CodeIgniter\CodeIgniter->runController(Object(App\Controllers\Examinations))
#7 D:\xampp\htdocs\questa_app\admin\system\CodeIgniter.php(318): CodeIgniter\CodeIgniter->handleRequest(NULL, Object(Config\Cache), false)
#8 D:\xampp\htdocs\questa_app\admin\index.php(37): CodeIgniter\CodeIgniter->run()
#9 {main}
ERROR - 2022-06-18 16:46:53 --> Email: sendWithMail throwed mail(): Failed to connect to mailserver at &quot;localhost&quot; port 25, verify your &quot;SMTP&quot; and &quot;smtp_port&quot; setting in php.ini or use ini_set()
CRITICAL - 2022-06-18 20:38:11 --> Undefined variable $candidate_name
#0 /home/qodevnmr/questaonline.xyz/admin/app/Views/email_templates/candidate_result_multichoice.php(108): CodeIgniter\Debug\Exceptions->errorHandler()
#1 /home/qodevnmr/questaonline.xyz/admin/system/View/View.php(214): include('/home/qodevnmr/...')
#2 /home/qodevnmr/questaonline.xyz/admin/system/View/View.php(217): CodeIgniter\View\View->CodeIgniter\View\{closure}()
#3 /home/qodevnmr/questaonline.xyz/admin/system/Common.php(1097): CodeIgniter\View\View->render()
#4 /home/qodevnmr/questaonline.xyz/admin/app/Controllers/Test_controller.php(10): view()
#5 /home/qodevnmr/questaonline.xyz/admin/system/CodeIgniter.php(824): App\Controllers\Test_controller->index()
#6 /home/qodevnmr/questaonline.xyz/admin/system/CodeIgniter.php(410): CodeIgniter\CodeIgniter->runController()
#7 /home/qodevnmr/questaonline.xyz/admin/system/CodeIgniter.php(318): CodeIgniter\CodeIgniter->handleRequest()
#8 /home/qodevnmr/questaonline.xyz/admin/index.php(37): CodeIgniter\CodeIgniter->run()
#9 {main}
CRITICAL - 2022-06-18 20:54:08 --> Undefined variable $ques_score
#0 /home/qodevnmr/questaonline.xyz/admin/app/Views/examinations/result_view_essay.php(213): CodeIgniter\Debug\Exceptions->errorHandler()
#1 /home/qodevnmr/questaonline.xyz/admin/system/View/View.php(214): include('/home/qodevnmr/...')
#2 /home/qodevnmr/questaonline.xyz/admin/system/View/View.php(217): CodeIgniter\View\View->CodeIgniter\View\{closure}()
#3 /home/qodevnmr/questaonline.xyz/admin/system/Common.php(1097): CodeIgniter\View\View->render()
#4 /home/qodevnmr/questaonline.xyz/admin/app/Controllers/Examinations.php(569): view()
#5 /home/qodevnmr/questaonline.xyz/admin/system/CodeIgniter.php(824): App\Controllers\Examinations->view_result()
#6 /home/qodevnmr/questaonline.xyz/admin/system/CodeIgniter.php(410): CodeIgniter\CodeIgniter->runController()
#7 /home/qodevnmr/questaonline.xyz/admin/system/CodeIgniter.php(318): CodeIgniter\CodeIgniter->handleRequest()
#8 /home/qodevnmr/questaonline.xyz/admin/index.php(37): CodeIgniter\CodeIgniter->run()
#9 {main}
CRITICAL - 2022-06-18 20:54:40 --> Undefined variable $ques_score
#0 /home/qodevnmr/questaonline.xyz/admin/app/Views/examinations/result_view_essay.php(213): CodeIgniter\Debug\Exceptions->errorHandler()
#1 /home/qodevnmr/questaonline.xyz/admin/system/View/View.php(214): include('/home/qodevnmr/...')
#2 /home/qodevnmr/questaonline.xyz/admin/system/View/View.php(217): CodeIgniter\View\View->CodeIgniter\View\{closure}()
#3 /home/qodevnmr/questaonline.xyz/admin/system/Common.php(1097): CodeIgniter\View\View->render()
#4 /home/qodevnmr/questaonline.xyz/admin/app/Controllers/Examinations.php(569): view()
#5 /home/qodevnmr/questaonline.xyz/admin/system/CodeIgniter.php(824): App\Controllers\Examinations->view_result()
#6 /home/qodevnmr/questaonline.xyz/admin/system/CodeIgniter.php(410): CodeIgniter\CodeIgniter->runController()
#7 /home/qodevnmr/questaonline.xyz/admin/system/CodeIgniter.php(318): CodeIgniter\CodeIgniter->handleRequest()
#8 /home/qodevnmr/questaonline.xyz/admin/index.php(37): CodeIgniter\CodeIgniter->run()
#9 {main}
CRITICAL - 2022-06-18 20:56:43 --> Undefined variable $ques_score
#0 /home/qodevnmr/questaonline.xyz/admin/app/Views/examinations/result_view_essay.php(213): CodeIgniter\Debug\Exceptions->errorHandler()
#1 /home/qodevnmr/questaonline.xyz/admin/system/View/View.php(214): include('/home/qodevnmr/...')
#2 /home/qodevnmr/questaonline.xyz/admin/system/View/View.php(217): CodeIgniter\View\View->CodeIgniter\View\{closure}()
#3 /home/qodevnmr/questaonline.xyz/admin/system/Common.php(1097): CodeIgniter\View\View->render()
#4 /home/qodevnmr/questaonline.xyz/admin/app/Controllers/Examinations.php(569): view()
#5 /home/qodevnmr/questaonline.xyz/admin/system/CodeIgniter.php(824): App\Controllers\Examinations->view_result()
#6 /home/qodevnmr/questaonline.xyz/admin/system/CodeIgniter.php(410): CodeIgniter\CodeIgniter->runController()
#7 /home/qodevnmr/questaonline.xyz/admin/system/CodeIgniter.php(318): CodeIgniter\CodeIgniter->handleRequest()
#8 /home/qodevnmr/questaonline.xyz/admin/index.php(37): CodeIgniter\CodeIgniter->run()
#9 {main}
CRITICAL - 2022-06-18 21:01:15 --> Undefined variable $ques_score
#0 /home/qodevnmr/questaonline.xyz/admin/app/Views/examinations/result_view_essay.php(213): CodeIgniter\Debug\Exceptions->errorHandler()
#1 /home/qodevnmr/questaonline.xyz/admin/system/View/View.php(214): include('/home/qodevnmr/...')
#2 /home/qodevnmr/questaonline.xyz/admin/system/View/View.php(217): CodeIgniter\View\View->CodeIgniter\View\{closure}()
#3 /home/qodevnmr/questaonline.xyz/admin/system/Common.php(1097): CodeIgniter\View\View->render()
#4 /home/qodevnmr/questaonline.xyz/admin/app/Controllers/Examinations.php(571): view()
#5 /home/qodevnmr/questaonline.xyz/admin/system/CodeIgniter.php(824): App\Controllers\Examinations->view_result()
#6 /home/qodevnmr/questaonline.xyz/admin/system/CodeIgniter.php(410): CodeIgniter\CodeIgniter->runController()
#7 /home/qodevnmr/questaonline.xyz/admin/system/CodeIgniter.php(318): CodeIgniter\CodeIgniter->handleRequest()
#8 /home/qodevnmr/questaonline.xyz/admin/index.php(37): CodeIgniter\CodeIgniter->run()
#9 {main}
