CRITICAL - 2022-01-06 01:13:37 --> Undefined index: cbt_admin_session
#0 /home/pharffbh/public_html/cbt_app/admin/app/Views/includes/side_bar.php(69): CodeIgniter\Debug\Exceptions->errorHandler(8, 'Undefined index...', '/home/pharffbh/...', 69, Array)
#1 /home/pharffbh/public_html/cbt_app/admin/system/View/View.php(214): include('/home/pharffbh/...')
#2 /home/pharffbh/public_html/cbt_app/admin/system/View/View.php(217): CodeIgniter\View\View->CodeIgniter\View\{closure}()
#3 /home/pharffbh/public_html/cbt_app/admin/system/View/View.php(432): CodeIgniter\View\View->render('includes/side_b...', NULL, true)
#4 /home/pharffbh/public_html/cbt_app/admin/app/Views/examinations/view_examination_multichoice.php(75): CodeIgniter\View\View->include('includes/side_b...')
#5 /home/pharffbh/public_html/cbt_app/admin/system/View/View.php(214): include('/home/pharffbh/...')
#6 /home/pharffbh/public_html/cbt_app/admin/system/View/View.php(217): CodeIgniter\View\View->CodeIgniter\View\{closure}()
#7 /home/pharffbh/public_html/cbt_app/admin/system/Common.php(1097): CodeIgniter\View\View->render('examinations/vi...', Array, true)
#8 /home/pharffbh/public_html/cbt_app/admin/app/Controllers/Examinations.php(218): view('examinations/vi...', Array)
#9 /home/pharffbh/public_html/cbt_app/admin/system/CodeIgniter.php(824): App\Controllers\Examinations->view_examination('1D0QXZ5')
#10 /home/pharffbh/public_html/cbt_app/admin/system/CodeIgniter.php(410): CodeIgniter\CodeIgniter->runController(Object(App\Controllers\Examinations))
#11 /home/pharffbh/public_html/cbt_app/admin/system/CodeIgniter.php(318): CodeIgniter\CodeIgniter->handleRequest(NULL, Object(Config\Cache), false)
#12 /home/pharffbh/public_html/cbt_app/admin/index.php(37): CodeIgniter\CodeIgniter->run()
#13 {main}
CRITICAL - 2022-01-06 03:21:19 --> Undefined index: cbt_admin_session
#0 /home/pharffbh/public_html/cbt_app/admin/app/Views/includes/side_bar.php(69): CodeIgniter\Debug\Exceptions->errorHandler(8, 'Undefined index...', '/home/pharffbh/...', 69, Array)
#1 /home/pharffbh/public_html/cbt_app/admin/system/View/View.php(214): include('/home/pharffbh/...')
#2 /home/pharffbh/public_html/cbt_app/admin/system/View/View.php(217): CodeIgniter\View\View->CodeIgniter\View\{closure}()
#3 /home/pharffbh/public_html/cbt_app/admin/system/View/View.php(432): CodeIgniter\View\View->render('includes/side_b...', NULL, true)
#4 /home/pharffbh/public_html/cbt_app/admin/app/Views/dashboard.php(33): CodeIgniter\View\View->include('includes/side_b...')
#5 /home/pharffbh/public_html/cbt_app/admin/system/View/View.php(214): include('/home/pharffbh/...')
#6 /home/pharffbh/public_html/cbt_app/admin/system/View/View.php(217): CodeIgniter\View\View->CodeIgniter\View\{closure}()
#7 /home/pharffbh/public_html/cbt_app/admin/system/Common.php(1097): CodeIgniter\View\View->render('dashboard', Array, true)
#8 /home/pharffbh/public_html/cbt_app/admin/app/Controllers/Dashboard.php(32): view('dashboard', Array)
#9 /home/pharffbh/public_html/cbt_app/admin/system/CodeIgniter.php(824): App\Controllers\Dashboard->index()
#10 /home/pharffbh/public_html/cbt_app/admin/system/CodeIgniter.php(410): CodeIgniter\CodeIgniter->runController(Object(App\Controllers\Dashboard))
#11 /home/pharffbh/public_html/cbt_app/admin/system/CodeIgniter.php(318): CodeIgniter\CodeIgniter->handleRequest(NULL, Object(Config\Cache), false)
#12 /home/pharffbh/public_html/cbt_app/admin/index.php(37): CodeIgniter\CodeIgniter->run()
#13 {main}
CRITICAL - 2022-01-06 05:16:11 --> Undefined index: cbt_admin_session
#0 /home/pharffbh/public_html/cbt_app/admin/app/Views/includes/side_bar.php(69): CodeIgniter\Debug\Exceptions->errorHandler(8, 'Undefined index...', '/home/pharffbh/...', 69, Array)
#1 /home/pharffbh/public_html/cbt_app/admin/system/View/View.php(214): include('/home/pharffbh/...')
#2 /home/pharffbh/public_html/cbt_app/admin/system/View/View.php(217): CodeIgniter\View\View->CodeIgniter\View\{closure}()
#3 /home/pharffbh/public_html/cbt_app/admin/system/View/View.php(432): CodeIgniter\View\View->render('includes/side_b...', NULL, true)
#4 /home/pharffbh/public_html/cbt_app/admin/app/Views/examinations/list_of_exams.php(33): CodeIgniter\View\View->include('includes/side_b...')
#5 /home/pharffbh/public_html/cbt_app/admin/system/View/View.php(214): include('/home/pharffbh/...')
#6 /home/pharffbh/public_html/cbt_app/admin/system/View/View.php(217): CodeIgniter\View\View->CodeIgniter\View\{closure}()
#7 /home/pharffbh/public_html/cbt_app/admin/system/Common.php(1097): CodeIgniter\View\View->render('examinations/li...', Array, true)
#8 /home/pharffbh/public_html/cbt_app/admin/app/Controllers/Examinations.php(25): view('examinations/li...', Array)
#9 /home/pharffbh/public_html/cbt_app/admin/system/CodeIgniter.php(824): App\Controllers\Examinations->index()
#10 /home/pharffbh/public_html/cbt_app/admin/system/CodeIgniter.php(410): CodeIgniter\CodeIgniter->runController(Object(App\Controllers\Examinations))
#11 /home/pharffbh/public_html/cbt_app/admin/system/CodeIgniter.php(318): CodeIgniter\CodeIgniter->handleRequest(NULL, Object(Config\Cache), false)
#12 /home/pharffbh/public_html/cbt_app/admin/index.php(37): CodeIgniter\CodeIgniter->run()
#13 {main}
CRITICAL - 2022-01-06 06:50:50 --> Undefined index: cbt_admin_session
#0 /home/pharffbh/public_html/cbt_app/admin/app/Views/includes/side_bar.php(69): CodeIgniter\Debug\Exceptions->errorHandler(8, 'Undefined index...', '/home/pharffbh/...', 69, Array)
#1 /home/pharffbh/public_html/cbt_app/admin/system/View/View.php(214): include('/home/pharffbh/...')
#2 /home/pharffbh/public_html/cbt_app/admin/system/View/View.php(217): CodeIgniter\View\View->CodeIgniter\View\{closure}()
#3 /home/pharffbh/public_html/cbt_app/admin/system/View/View.php(432): CodeIgniter\View\View->render('includes/side_b...', NULL, true)
#4 /home/pharffbh/public_html/cbt_app/admin/app/Views/examinations/view_examination_multichoice.php(75): CodeIgniter\View\View->include('includes/side_b...')
#5 /home/pharffbh/public_html/cbt_app/admin/system/View/View.php(214): include('/home/pharffbh/...')
#6 /home/pharffbh/public_html/cbt_app/admin/system/View/View.php(217): CodeIgniter\View\View->CodeIgniter\View\{closure}()
#7 /home/pharffbh/public_html/cbt_app/admin/system/Common.php(1097): CodeIgniter\View\View->render('examinations/vi...', Array, true)
#8 /home/pharffbh/public_html/cbt_app/admin/app/Controllers/Examinations.php(218): view('examinations/vi...', Array)
#9 /home/pharffbh/public_html/cbt_app/admin/system/CodeIgniter.php(824): App\Controllers\Examinations->view_examination('R42UA95')
#10 /home/pharffbh/public_html/cbt_app/admin/system/CodeIgniter.php(410): CodeIgniter\CodeIgniter->runController(Object(App\Controllers\Examinations))
#11 /home/pharffbh/public_html/cbt_app/admin/system/CodeIgniter.php(318): CodeIgniter\CodeIgniter->handleRequest(NULL, Object(Config\Cache), false)
#12 /home/pharffbh/public_html/cbt_app/admin/index.php(37): CodeIgniter\CodeIgniter->run()
#13 {main}
CRITICAL - 2022-01-06 10:01:25 --> Undefined index: cbt_admin_session
#0 /home/pharffbh/public_html/cbt_app/admin/app/Views/includes/side_bar.php(69): CodeIgniter\Debug\Exceptions->errorHandler(8, 'Undefined index...', '/home/pharffbh/...', 69, Array)
#1 /home/pharffbh/public_html/cbt_app/admin/system/View/View.php(214): include('/home/pharffbh/...')
#2 /home/pharffbh/public_html/cbt_app/admin/system/View/View.php(217): CodeIgniter\View\View->CodeIgniter\View\{closure}()
#3 /home/pharffbh/public_html/cbt_app/admin/system/View/View.php(432): CodeIgniter\View\View->render('includes/side_b...', NULL, true)
#4 /home/pharffbh/public_html/cbt_app/admin/app/Views/examinations/view_examination_multichoice.php(75): CodeIgniter\View\View->include('includes/side_b...')
#5 /home/pharffbh/public_html/cbt_app/admin/system/View/View.php(214): include('/home/pharffbh/...')
#6 /home/pharffbh/public_html/cbt_app/admin/system/View/View.php(217): CodeIgniter\View\View->CodeIgniter\View\{closure}()
#7 /home/pharffbh/public_html/cbt_app/admin/system/Common.php(1097): CodeIgniter\View\View->render('examinations/vi...', Array, true)
#8 /home/pharffbh/public_html/cbt_app/admin/app/Controllers/Examinations.php(218): view('examinations/vi...', Array)
#9 /home/pharffbh/public_html/cbt_app/admin/system/CodeIgniter.php(824): App\Controllers\Examinations->view_examination('R42UA95')
#10 /home/pharffbh/public_html/cbt_app/admin/system/CodeIgniter.php(410): CodeIgniter\CodeIgniter->runController(Object(App\Controllers\Examinations))
#11 /home/pharffbh/public_html/cbt_app/admin/system/CodeIgniter.php(318): CodeIgniter\CodeIgniter->handleRequest(NULL, Object(Config\Cache), false)
#12 /home/pharffbh/public_html/cbt_app/admin/index.php(37): CodeIgniter\CodeIgniter->run()
#13 {main}
CRITICAL - 2022-01-06 17:23:31 --> Undefined index: cbt_admin_session
#0 /home/pharffbh/public_html/cbt_app/admin/app/Views/includes/side_bar.php(69): CodeIgniter\Debug\Exceptions->errorHandler(8, 'Undefined index...', '/home/pharffbh/...', 69, Array)
#1 /home/pharffbh/public_html/cbt_app/admin/system/View/View.php(214): include('/home/pharffbh/...')
#2 /home/pharffbh/public_html/cbt_app/admin/system/View/View.php(217): CodeIgniter\View\View->CodeIgniter\View\{closure}()
#3 /home/pharffbh/public_html/cbt_app/admin/system/View/View.php(432): CodeIgniter\View\View->render('includes/side_b...', NULL, true)
#4 /home/pharffbh/public_html/cbt_app/admin/app/Views/dashboard.php(33): CodeIgniter\View\View->include('includes/side_b...')
#5 /home/pharffbh/public_html/cbt_app/admin/system/View/View.php(214): include('/home/pharffbh/...')
#6 /home/pharffbh/public_html/cbt_app/admin/system/View/View.php(217): CodeIgniter\View\View->CodeIgniter\View\{closure}()
#7 /home/pharffbh/public_html/cbt_app/admin/system/Common.php(1097): CodeIgniter\View\View->render('dashboard', Array, true)
#8 /home/pharffbh/public_html/cbt_app/admin/app/Controllers/Dashboard.php(32): view('dashboard', Array)
#9 /home/pharffbh/public_html/cbt_app/admin/system/CodeIgniter.php(824): App\Controllers\Dashboard->index()
#10 /home/pharffbh/public_html/cbt_app/admin/system/CodeIgniter.php(410): CodeIgniter\CodeIgniter->runController(Object(App\Controllers\Dashboard))
#11 /home/pharffbh/public_html/cbt_app/admin/system/CodeIgniter.php(318): CodeIgniter\CodeIgniter->handleRequest(NULL, Object(Config\Cache), false)
#12 /home/pharffbh/public_html/cbt_app/admin/index.php(37): CodeIgniter\CodeIgniter->run()
#13 {main}
CRITICAL - 2022-01-06 17:38:05 --> Undefined variable: 1
#0 /home/pharffbh/public_html/cbt_app/admin/app/Views/examinations/exam_results_multichoice.php(248): CodeIgniter\Debug\Exceptions->errorHandler(8, 'Undefined varia...', '/home/pharffbh/...', 248, Array)
#1 /home/pharffbh/public_html/cbt_app/admin/system/View/View.php(214): include('/home/pharffbh/...')
#2 /home/pharffbh/public_html/cbt_app/admin/system/View/View.php(217): CodeIgniter\View\View->CodeIgniter\View\{closure}()
#3 /home/pharffbh/public_html/cbt_app/admin/system/Common.php(1097): CodeIgniter\View\View->render('examinations/ex...', Array, true)
#4 /home/pharffbh/public_html/cbt_app/admin/app/Controllers/Examinations.php(342): view('examinations/ex...', Array)
#5 /home/pharffbh/public_html/cbt_app/admin/system/CodeIgniter.php(824): App\Controllers\Examinations->results('WF0FV2T')
#6 /home/pharffbh/public_html/cbt_app/admin/system/CodeIgniter.php(410): CodeIgniter\CodeIgniter->runController(Object(App\Controllers\Examinations))
#7 /home/pharffbh/public_html/cbt_app/admin/system/CodeIgniter.php(318): CodeIgniter\CodeIgniter->handleRequest(NULL, Object(Config\Cache), false)
#8 /home/pharffbh/public_html/cbt_app/admin/index.php(37): CodeIgniter\CodeIgniter->run()
#9 {main}
CRITICAL - 2022-01-06 21:30:04 --> Undefined variable: total_points_for_question
#0 /home/pharffbh/public_html/cbt_app/admin/app/Views/examinations/view_examination_multichoice.php(1097): CodeIgniter\Debug\Exceptions->errorHandler(8, 'Undefined varia...', '/home/pharffbh/...', 1097, Array)
#1 /home/pharffbh/public_html/cbt_app/admin/system/View/View.php(214): include('/home/pharffbh/...')
#2 /home/pharffbh/public_html/cbt_app/admin/system/View/View.php(217): CodeIgniter\View\View->CodeIgniter\View\{closure}()
#3 /home/pharffbh/public_html/cbt_app/admin/system/Common.php(1097): CodeIgniter\View\View->render('examinations/vi...', Array, true)
#4 /home/pharffbh/public_html/cbt_app/admin/app/Controllers/Examinations.php(218): view('examinations/vi...', Array)
#5 /home/pharffbh/public_html/cbt_app/admin/system/CodeIgniter.php(824): App\Controllers\Examinations->view_examination('Q09RQ12')
#6 /home/pharffbh/public_html/cbt_app/admin/system/CodeIgniter.php(410): CodeIgniter\CodeIgniter->runController(Object(App\Controllers\Examinations))
#7 /home/pharffbh/public_html/cbt_app/admin/system/CodeIgniter.php(318): CodeIgniter\CodeIgniter->handleRequest(NULL, Object(Config\Cache), false)
#8 /home/pharffbh/public_html/cbt_app/admin/index.php(37): CodeIgniter\CodeIgniter->run()
#9 {main}
