CRITICAL - 2023-01-15 10:07:27 --> Undefined array key "cbt_admin_session"
#0 /home/qodevnmr/questaonline.xyz/admin/app/Controllers/Dashboard.php(18): CodeIgniter\Debug\Exceptions->errorHandler()
#1 /home/qodevnmr/questaonline.xyz/admin/system/CodeIgniter.php(824): App\Controllers\Dashboard->index()
#2 /home/qodevnmr/questaonline.xyz/admin/system/CodeIgniter.php(410): CodeIgniter\CodeIgniter->runController()
#3 /home/qodevnmr/questaonline.xyz/admin/system/CodeIgniter.php(318): CodeIgniter\CodeIgniter->handleRequest()
#4 /home/qodevnmr/questaonline.xyz/admin/index.php(37): CodeIgniter\CodeIgniter->run()
#5 {main}
CRITICAL - 2023-01-15 10:14:47 --> Undefined array key "cbt_admin_session"
#0 /home/qodevnmr/questaonline.xyz/admin/app/Controllers/Dashboard.php(18): CodeIgniter\Debug\Exceptions->errorHandler()
#1 /home/qodevnmr/questaonline.xyz/admin/system/CodeIgniter.php(824): App\Controllers\Dashboard->index()
#2 /home/qodevnmr/questaonline.xyz/admin/system/CodeIgniter.php(410): CodeIgniter\CodeIgniter->runController()
#3 /home/qodevnmr/questaonline.xyz/admin/system/CodeIgniter.php(318): CodeIgniter\CodeIgniter->handleRequest()
#4 /home/qodevnmr/questaonline.xyz/admin/index.php(37): CodeIgniter\CodeIgniter->run()
#5 {main}
CRITICAL - 2023-01-15 11:46:10 --> Undefined array key "cbt_admin_session"
#0 /home/qodevnmr/questaonline.xyz/admin/app/Controllers/Dashboard.php(18): CodeIgniter\Debug\Exceptions->errorHandler()
#1 /home/qodevnmr/questaonline.xyz/admin/system/CodeIgniter.php(824): App\Controllers\Dashboard->index()
#2 /home/qodevnmr/questaonline.xyz/admin/system/CodeIgniter.php(410): CodeIgniter\CodeIgniter->runController()
#3 /home/qodevnmr/questaonline.xyz/admin/system/CodeIgniter.php(318): CodeIgniter\CodeIgniter->handleRequest()
#4 /home/qodevnmr/questaonline.xyz/admin/index.php(37): CodeIgniter\CodeIgniter->run()
#5 {main}
