CRITICAL - 2022-08-02 09:54:30 --> Undefined variable $access_token
#0 D:\xampp\htdocs\questa_app\admin\app\Views\examinations\view_examination_multichoice.php(555): CodeIgniter\Debug\Exceptions->errorHandler(2, 'Undefined varia...', 'D:\\xampp\\htdocs...', 555)
#1 D:\xampp\htdocs\questa_app\admin\system\View\View.php(214): include('D:\\xampp\\htdocs...')
#2 D:\xampp\htdocs\questa_app\admin\system\View\View.php(217): CodeIgniter\View\View->CodeIgniter\View\{closure}()
#3 D:\xampp\htdocs\questa_app\admin\system\Common.php(1097): CodeIgniter\View\View->render('examinations/vi...', Array, true)
#4 D:\xampp\htdocs\questa_app\admin\app\Controllers\Examinations.php(294): view('examinations/vi...', Array)
#5 D:\xampp\htdocs\questa_app\admin\system\CodeIgniter.php(824): App\Controllers\Examinations->view_examination('164ZSWD')
#6 D:\xampp\htdocs\questa_app\admin\system\CodeIgniter.php(410): CodeIgniter\CodeIgniter->runController(Object(App\Controllers\Examinations))
#7 D:\xampp\htdocs\questa_app\admin\system\CodeIgniter.php(318): CodeIgniter\CodeIgniter->handleRequest(NULL, Object(Config\Cache), false)
#8 D:\xampp\htdocs\questa_app\admin\index.php(37): CodeIgniter\CodeIgniter->run()
#9 {main}
CRITICAL - 2022-08-02 09:58:27 --> Undefined variable $access_token
#0 D:\xampp\htdocs\questa_app\admin\app\Views\examinations\view_examination_multichoice.php(555): CodeIgniter\Debug\Exceptions->errorHandler(2, 'Undefined varia...', 'D:\\xampp\\htdocs...', 555)
#1 D:\xampp\htdocs\questa_app\admin\system\View\View.php(214): include('D:\\xampp\\htdocs...')
#2 D:\xampp\htdocs\questa_app\admin\system\View\View.php(217): CodeIgniter\View\View->CodeIgniter\View\{closure}()
#3 D:\xampp\htdocs\questa_app\admin\system\Common.php(1097): CodeIgniter\View\View->render('examinations/vi...', Array, true)
#4 D:\xampp\htdocs\questa_app\admin\app\Controllers\Examinations.php(294): view('examinations/vi...', Array)
#5 D:\xampp\htdocs\questa_app\admin\system\CodeIgniter.php(824): App\Controllers\Examinations->view_examination('164ZSWD')
#6 D:\xampp\htdocs\questa_app\admin\system\CodeIgniter.php(410): CodeIgniter\CodeIgniter->runController(Object(App\Controllers\Examinations))
#7 D:\xampp\htdocs\questa_app\admin\system\CodeIgniter.php(318): CodeIgniter\CodeIgniter->handleRequest(NULL, Object(Config\Cache), false)
#8 D:\xampp\htdocs\questa_app\admin\index.php(37): CodeIgniter\CodeIgniter->run()
#9 {main}
CRITICAL - 2022-08-02 09:58:29 --> Undefined variable $access_token
#0 D:\xampp\htdocs\questa_app\admin\app\Views\examinations\view_examination_multichoice.php(555): CodeIgniter\Debug\Exceptions->errorHandler(2, 'Undefined varia...', 'D:\\xampp\\htdocs...', 555)
#1 D:\xampp\htdocs\questa_app\admin\system\View\View.php(214): include('D:\\xampp\\htdocs...')
#2 D:\xampp\htdocs\questa_app\admin\system\View\View.php(217): CodeIgniter\View\View->CodeIgniter\View\{closure}()
#3 D:\xampp\htdocs\questa_app\admin\system\Common.php(1097): CodeIgniter\View\View->render('examinations/vi...', Array, true)
#4 D:\xampp\htdocs\questa_app\admin\app\Controllers\Examinations.php(294): view('examinations/vi...', Array)
#5 D:\xampp\htdocs\questa_app\admin\system\CodeIgniter.php(824): App\Controllers\Examinations->view_examination('164ZSWD')
#6 D:\xampp\htdocs\questa_app\admin\system\CodeIgniter.php(410): CodeIgniter\CodeIgniter->runController(Object(App\Controllers\Examinations))
#7 D:\xampp\htdocs\questa_app\admin\system\CodeIgniter.php(318): CodeIgniter\CodeIgniter->handleRequest(NULL, Object(Config\Cache), false)
#8 D:\xampp\htdocs\questa_app\admin\index.php(37): CodeIgniter\CodeIgniter->run()
#9 {main}
CRITICAL - 2022-08-02 10:00:10 --> Undefined variable $access_token
#0 D:\xampp\htdocs\questa_app\admin\app\Views\examinations\view_examination_multichoice.php(555): CodeIgniter\Debug\Exceptions->errorHandler(2, 'Undefined varia...', 'D:\\xampp\\htdocs...', 555)
#1 D:\xampp\htdocs\questa_app\admin\system\View\View.php(214): include('D:\\xampp\\htdocs...')
#2 D:\xampp\htdocs\questa_app\admin\system\View\View.php(217): CodeIgniter\View\View->CodeIgniter\View\{closure}()
#3 D:\xampp\htdocs\questa_app\admin\system\Common.php(1097): CodeIgniter\View\View->render('examinations/vi...', Array, true)
#4 D:\xampp\htdocs\questa_app\admin\app\Controllers\Examinations.php(294): view('examinations/vi...', Array)
#5 D:\xampp\htdocs\questa_app\admin\system\CodeIgniter.php(824): App\Controllers\Examinations->view_examination('164ZSWD')
#6 D:\xampp\htdocs\questa_app\admin\system\CodeIgniter.php(410): CodeIgniter\CodeIgniter->runController(Object(App\Controllers\Examinations))
#7 D:\xampp\htdocs\questa_app\admin\system\CodeIgniter.php(318): CodeIgniter\CodeIgniter->handleRequest(NULL, Object(Config\Cache), false)
#8 D:\xampp\htdocs\questa_app\admin\index.php(37): CodeIgniter\CodeIgniter->run()
#9 {main}
CRITICAL - 2022-08-02 10:03:24 --> Undefined variable $access_token
#0 D:\xampp\htdocs\questa_app\admin\app\Views\examinations\view_examination_multichoice.php(557): CodeIgniter\Debug\Exceptions->errorHandler(2, 'Undefined varia...', 'D:\\xampp\\htdocs...', 557)
#1 D:\xampp\htdocs\questa_app\admin\system\View\View.php(214): include('D:\\xampp\\htdocs...')
#2 D:\xampp\htdocs\questa_app\admin\system\View\View.php(217): CodeIgniter\View\View->CodeIgniter\View\{closure}()
#3 D:\xampp\htdocs\questa_app\admin\system\Common.php(1097): CodeIgniter\View\View->render('examinations/vi...', Array, true)
#4 D:\xampp\htdocs\questa_app\admin\app\Controllers\Examinations.php(294): view('examinations/vi...', Array)
#5 D:\xampp\htdocs\questa_app\admin\system\CodeIgniter.php(824): App\Controllers\Examinations->view_examination('164ZSWD')
#6 D:\xampp\htdocs\questa_app\admin\system\CodeIgniter.php(410): CodeIgniter\CodeIgniter->runController(Object(App\Controllers\Examinations))
#7 D:\xampp\htdocs\questa_app\admin\system\CodeIgniter.php(318): CodeIgniter\CodeIgniter->handleRequest(NULL, Object(Config\Cache), false)
#8 D:\xampp\htdocs\questa_app\admin\index.php(37): CodeIgniter\CodeIgniter->run()
#9 {main}
CRITICAL - 2022-08-02 10:51:37 --> Undefined array key "cbt_admin_session"
#0 D:\xampp\htdocs\questa_app\admin\app\Controllers\Examinations.php(226): CodeIgniter\Debug\Exceptions->errorHandler(2, 'Undefined array...', 'D:\\xampp\\htdocs...', 226)
#1 D:\xampp\htdocs\questa_app\admin\system\CodeIgniter.php(824): App\Controllers\Examinations->view_examination('JG241SI')
#2 D:\xampp\htdocs\questa_app\admin\system\CodeIgniter.php(410): CodeIgniter\CodeIgniter->runController(Object(App\Controllers\Examinations))
#3 D:\xampp\htdocs\questa_app\admin\system\CodeIgniter.php(318): CodeIgniter\CodeIgniter->handleRequest(NULL, Object(Config\Cache), false)
#4 D:\xampp\htdocs\questa_app\admin\index.php(37): CodeIgniter\CodeIgniter->run()
#5 {main}
CRITICAL - 2022-08-02 11:23:52 --> Uncaught Error: Call to undefined method CodeIgniter\Debug\Exceptions::include() in D:\xampp\htdocs\questa_app\admin\app\Views\errors\html\error_404.php:39
Stack trace:
#0 D:\xampp\htdocs\questa_app\admin\system\Debug\Exceptions.php(229): include()
#1 D:\xampp\htdocs\questa_app\admin\system\Debug\Exceptions.php(232): CodeIgniter\Debug\Exceptions->CodeIgniter\Debug\{closure}()
#2 D:\xampp\htdocs\questa_app\admin\system\Debug\Exceptions.php(116): CodeIgniter\Debug\Exceptions->render(Object(CodeIgniter\Exceptions\PageNotFoundException), 404)
#3 [internal function]: CodeIgniter\Debug\Exceptions->exceptionHandler(Object(CodeIgniter\Exceptions\PageNotFoundException))
#4 {main}
  thrown
#0 [internal function]: CodeIgniter\Debug\Exceptions->shutdownHandler()
#1 {main}
CRITICAL - 2022-08-02 11:24:38 --> Uncaught Error: Call to undefined function cbt_app_notyf() in D:\xampp\htdocs\questa_app\admin\app\Views\errors\html\error_404.php:81
Stack trace:
#0 D:\xampp\htdocs\questa_app\admin\system\Debug\Exceptions.php(229): include()
#1 D:\xampp\htdocs\questa_app\admin\system\Debug\Exceptions.php(232): CodeIgniter\Debug\Exceptions->CodeIgniter\Debug\{closure}()
#2 D:\xampp\htdocs\questa_app\admin\system\Debug\Exceptions.php(116): CodeIgniter\Debug\Exceptions->render(Object(CodeIgniter\Exceptions\PageNotFoundException), 404)
#3 [internal function]: CodeIgniter\Debug\Exceptions->exceptionHandler(Object(CodeIgniter\Exceptions\PageNotFoundException))
#4 {main}
  thrown
#0 [internal function]: CodeIgniter\Debug\Exceptions->shutdownHandler()
#1 {main}
CRITICAL - 2022-08-02 19:18:20 --> Undefined array key "cbt_admin_session"
#0 D:\xampp\htdocs\questa_app\admin\app\Controllers\Examinations.php(226): CodeIgniter\Debug\Exceptions->errorHandler(2, 'Undefined array...', 'D:\\xampp\\htdocs...', 226)
#1 D:\xampp\htdocs\questa_app\admin\system\CodeIgniter.php(824): App\Controllers\Examinations->view_examination('JG241SI')
#2 D:\xampp\htdocs\questa_app\admin\system\CodeIgniter.php(410): CodeIgniter\CodeIgniter->runController(Object(App\Controllers\Examinations))
#3 D:\xampp\htdocs\questa_app\admin\system\CodeIgniter.php(318): CodeIgniter\CodeIgniter->handleRequest(NULL, Object(Config\Cache), false)
#4 D:\xampp\htdocs\questa_app\admin\index.php(37): CodeIgniter\CodeIgniter->run()
#5 {main}
CRITICAL - 2022-08-02 19:21:26 --> Uncaught Error: Call to undefined method CodeIgniter\Debug\Exceptions::include() in D:\xampp\htdocs\questa_app\admin\app\Views\errors\html\error_404.php:31
Stack trace:
#0 D:\xampp\htdocs\questa_app\admin\system\Debug\Exceptions.php(229): include()
#1 D:\xampp\htdocs\questa_app\admin\system\Debug\Exceptions.php(232): CodeIgniter\Debug\Exceptions->CodeIgniter\Debug\{closure}()
#2 D:\xampp\htdocs\questa_app\admin\system\Debug\Exceptions.php(116): CodeIgniter\Debug\Exceptions->render(Object(CodeIgniter\Exceptions\PageNotFoundException), 404)
#3 [internal function]: CodeIgniter\Debug\Exceptions->exceptionHandler(Object(CodeIgniter\Exceptions\PageNotFoundException))
#4 {main}
  thrown
#0 [internal function]: CodeIgniter\Debug\Exceptions->shutdownHandler()
#1 {main}
CRITICAL - 2022-08-02 19:22:01 --> Uncaught ErrorException: Undefined variable $examination in D:\xampp\htdocs\questa_app\admin\app\Views\errors\html\error_404.php:45
Stack trace:
#0 D:\xampp\htdocs\questa_app\admin\app\Views\errors\html\error_404.php(45): CodeIgniter\Debug\Exceptions->errorHandler(2, 'Undefined varia...', 'D:\\xampp\\htdocs...', 45)
#1 D:\xampp\htdocs\questa_app\admin\system\Debug\Exceptions.php(229): include('D:\\xampp\\htdocs...')
#2 D:\xampp\htdocs\questa_app\admin\system\Debug\Exceptions.php(232): CodeIgniter\Debug\Exceptions->CodeIgniter\Debug\{closure}()
#3 D:\xampp\htdocs\questa_app\admin\system\Debug\Exceptions.php(116): CodeIgniter\Debug\Exceptions->render(Object(CodeIgniter\Exceptions\PageNotFoundException), 404)
#4 [internal function]: CodeIgniter\Debug\Exceptions->exceptionHandler(Object(CodeIgniter\Exceptions\PageNotFoundException))
#5 {main}
  thrown
#0 [internal function]: CodeIgniter\Debug\Exceptions->shutdownHandler()
#1 {main}
