CRITICAL - 2021-12-12 02:44:51 --> Undefined array key "cbt_admin_session"
#0 D:\xampp\htdocs\cbt_app\admin\app\Views\includes\top_bar.php(25): CodeIgniter\Debug\Exceptions->errorHandler(2, 'Undefined array...', 'D:\\xampp\\htdocs...', 25)
#1 D:\xampp\htdocs\cbt_app\admin\system\View\View.php(214): include('D:\\xampp\\htdocs...')
#2 D:\xampp\htdocs\cbt_app\admin\system\View\View.php(217): CodeIgniter\View\View->CodeIgniter\View\{closure}()
#3 D:\xampp\htdocs\cbt_app\admin\system\View\View.php(432): CodeIgniter\View\View->render('includes/top_ba...', NULL, true)
#4 D:\xampp\htdocs\cbt_app\admin\app\Views\examinations\view_examination.php(72): CodeIgniter\View\View->include('includes/top_ba...')
#5 D:\xampp\htdocs\cbt_app\admin\system\View\View.php(214): include('D:\\xampp\\htdocs...')
#6 D:\xampp\htdocs\cbt_app\admin\system\View\View.php(217): CodeIgniter\View\View->CodeIgniter\View\{closure}()
#7 D:\xampp\htdocs\cbt_app\admin\system\Common.php(1097): CodeIgniter\View\View->render('examinations/vi...', Array, true)
#8 D:\xampp\htdocs\cbt_app\admin\app\Controllers\Examinations.php(168): view('examinations/vi...', Array)
#9 D:\xampp\htdocs\cbt_app\admin\system\CodeIgniter.php(824): App\Controllers\Examinations->view_examination('GC9EBYLMH4')
#10 D:\xampp\htdocs\cbt_app\admin\system\CodeIgniter.php(410): CodeIgniter\CodeIgniter->runController(Object(App\Controllers\Examinations))
#11 D:\xampp\htdocs\cbt_app\admin\system\CodeIgniter.php(318): CodeIgniter\CodeIgniter->handleRequest(NULL, Object(Config\Cache), false)
#12 D:\xampp\htdocs\cbt_app\admin\index.php(37): CodeIgniter\CodeIgniter->run()
#13 {main}
CRITICAL - 2021-12-12 06:42:44 --> Undefined index: cbt_admin_session
#0 /home/pharffbh/public_html/cbt_app/admin/app/Views/includes/top_bar.php(25): CodeIgniter\Debug\Exceptions->errorHandler(8, 'Undefined index...', '/home/pharffbh/...', 25, Array)
#1 /home/pharffbh/public_html/cbt_app/admin/system/View/View.php(214): include('/home/pharffbh/...')
#2 /home/pharffbh/public_html/cbt_app/admin/system/View/View.php(217): CodeIgniter\View\View->CodeIgniter\View\{closure}()
#3 /home/pharffbh/public_html/cbt_app/admin/system/View/View.php(432): CodeIgniter\View\View->render('includes/top_ba...', NULL, true)
#4 /home/pharffbh/public_html/cbt_app/admin/app/Views/dashboard.php(34): CodeIgniter\View\View->include('includes/top_ba...')
#5 /home/pharffbh/public_html/cbt_app/admin/system/View/View.php(214): include('/home/pharffbh/...')
#6 /home/pharffbh/public_html/cbt_app/admin/system/View/View.php(217): CodeIgniter\View\View->CodeIgniter\View\{closure}()
#7 /home/pharffbh/public_html/cbt_app/admin/system/Common.php(1097): CodeIgniter\View\View->render('dashboard', Array, true)
#8 /home/pharffbh/public_html/cbt_app/admin/app/Controllers/Dashboard.php(9): view('dashboard')
#9 /home/pharffbh/public_html/cbt_app/admin/system/CodeIgniter.php(824): App\Controllers\Dashboard->index()
#10 /home/pharffbh/public_html/cbt_app/admin/system/CodeIgniter.php(410): CodeIgniter\CodeIgniter->runController(Object(App\Controllers\Dashboard))
#11 /home/pharffbh/public_html/cbt_app/admin/system/CodeIgniter.php(318): CodeIgniter\CodeIgniter->handleRequest(NULL, Object(Config\Cache), false)
#12 /home/pharffbh/public_html/cbt_app/admin/index.php(37): CodeIgniter\CodeIgniter->run()
#13 {main}
ERROR - 2021-12-12 06:47:24 --> Duplicate entry '0' for key 'PRIMARY'
CRITICAL - 2021-12-12 06:47:24 --> Duplicate entry '0' for key 'PRIMARY'
#0 /home/pharffbh/public_html/cbt_app/admin/system/Database/MySQLi/Connection.php(292): mysqli->query('INSERT INTO `ex...', 0)
#1 /home/pharffbh/public_html/cbt_app/admin/system/Database/BaseConnection.php(670): CodeIgniter\Database\MySQLi\Connection->execute('INSERT INTO `ex...')
#2 /home/pharffbh/public_html/cbt_app/admin/system/Database/BaseConnection.php(598): CodeIgniter\Database\BaseConnection->simpleQuery('INSERT INTO `ex...')
#3 /home/pharffbh/public_html/cbt_app/admin/system/Database/BaseBuilder.php(1759): CodeIgniter\Database\BaseConnection->query('INSERT INTO `ex...', Array, false)
#4 /home/pharffbh/public_html/cbt_app/admin/app/Models/Examination_model.php(95): CodeIgniter\Database\BaseBuilder->insert(Array)
#5 /home/pharffbh/public_html/cbt_app/admin/app/Controllers/Examinations.php(244): App\Models\Examination_model->add_candidate(Array)
#6 /home/pharffbh/public_html/cbt_app/admin/app/Controllers/Examinations.php(230): App\Controllers\Examinations->assign_candidate('IJUL50K', '970LDG5')
#7 /home/pharffbh/public_html/cbt_app/admin/system/CodeIgniter.php(824): App\Controllers\Examinations->push_candidate()
#8 /home/pharffbh/public_html/cbt_app/admin/system/CodeIgniter.php(410): CodeIgniter\CodeIgniter->runController(Object(App\Controllers\Examinations))
#9 /home/pharffbh/public_html/cbt_app/admin/system/CodeIgniter.php(318): CodeIgniter\CodeIgniter->handleRequest(NULL, Object(Config\Cache), false)
#10 /home/pharffbh/public_html/cbt_app/admin/index.php(37): CodeIgniter\CodeIgniter->run()
#11 {main}
ERROR - 2021-12-12 06:48:06 --> Duplicate entry '0' for key 'PRIMARY'
CRITICAL - 2021-12-12 06:48:06 --> Duplicate entry '0' for key 'PRIMARY'
#0 /home/pharffbh/public_html/cbt_app/admin/system/Database/MySQLi/Connection.php(292): mysqli->query('INSERT INTO `ex...', 0)
#1 /home/pharffbh/public_html/cbt_app/admin/system/Database/BaseConnection.php(670): CodeIgniter\Database\MySQLi\Connection->execute('INSERT INTO `ex...')
#2 /home/pharffbh/public_html/cbt_app/admin/system/Database/BaseConnection.php(598): CodeIgniter\Database\BaseConnection->simpleQuery('INSERT INTO `ex...')
#3 /home/pharffbh/public_html/cbt_app/admin/system/Database/BaseBuilder.php(1759): CodeIgniter\Database\BaseConnection->query('INSERT INTO `ex...', Array, false)
#4 /home/pharffbh/public_html/cbt_app/admin/app/Models/Examination_model.php(95): CodeIgniter\Database\BaseBuilder->insert(Array)
#5 /home/pharffbh/public_html/cbt_app/admin/app/Controllers/Examinations.php(244): App\Models\Examination_model->add_candidate(Array)
#6 /home/pharffbh/public_html/cbt_app/admin/app/Controllers/Examinations.php(230): App\Controllers\Examinations->assign_candidate('IJUL50K', '970LDG5')
#7 /home/pharffbh/public_html/cbt_app/admin/system/CodeIgniter.php(824): App\Controllers\Examinations->push_candidate()
#8 /home/pharffbh/public_html/cbt_app/admin/system/CodeIgniter.php(410): CodeIgniter\CodeIgniter->runController(Object(App\Controllers\Examinations))
#9 /home/pharffbh/public_html/cbt_app/admin/system/CodeIgniter.php(318): CodeIgniter\CodeIgniter->handleRequest(NULL, Object(Config\Cache), false)
#10 /home/pharffbh/public_html/cbt_app/admin/index.php(37): CodeIgniter\CodeIgniter->run()
#11 {main}
ERROR - 2021-12-12 06:50:14 --> Duplicate entry '0' for key 'PRIMARY'
CRITICAL - 2021-12-12 06:50:14 --> Duplicate entry '0' for key 'PRIMARY'
#0 /home/pharffbh/public_html/cbt_app/admin/system/Database/MySQLi/Connection.php(292): mysqli->query('INSERT INTO `ex...', 0)
#1 /home/pharffbh/public_html/cbt_app/admin/system/Database/BaseConnection.php(670): CodeIgniter\Database\MySQLi\Connection->execute('INSERT INTO `ex...')
#2 /home/pharffbh/public_html/cbt_app/admin/system/Database/BaseConnection.php(598): CodeIgniter\Database\BaseConnection->simpleQuery('INSERT INTO `ex...')
#3 /home/pharffbh/public_html/cbt_app/admin/system/Database/BaseBuilder.php(1759): CodeIgniter\Database\BaseConnection->query('INSERT INTO `ex...', Array, false)
#4 /home/pharffbh/public_html/cbt_app/admin/app/Models/Examination_model.php(95): CodeIgniter\Database\BaseBuilder->insert(Array)
#5 /home/pharffbh/public_html/cbt_app/admin/app/Controllers/Examinations.php(244): App\Models\Examination_model->add_candidate(Array)
#6 /home/pharffbh/public_html/cbt_app/admin/app/Controllers/Examinations.php(230): App\Controllers\Examinations->assign_candidate('IJUL50K', '970LDG5')
#7 /home/pharffbh/public_html/cbt_app/admin/system/CodeIgniter.php(824): App\Controllers\Examinations->push_candidate()
#8 /home/pharffbh/public_html/cbt_app/admin/system/CodeIgniter.php(410): CodeIgniter\CodeIgniter->runController(Object(App\Controllers\Examinations))
#9 /home/pharffbh/public_html/cbt_app/admin/system/CodeIgniter.php(318): CodeIgniter\CodeIgniter->handleRequest(NULL, Object(Config\Cache), false)
#10 /home/pharffbh/public_html/cbt_app/admin/index.php(37): CodeIgniter\CodeIgniter->run()
#11 {main}
CRITICAL - 2021-12-12 06:50:23 --> Undefined index: cbt_admin_session
#0 /home/pharffbh/public_html/cbt_app/admin/app/Views/includes/top_bar.php(25): CodeIgniter\Debug\Exceptions->errorHandler(8, 'Undefined index...', '/home/pharffbh/...', 25, Array)
#1 /home/pharffbh/public_html/cbt_app/admin/system/View/View.php(214): include('/home/pharffbh/...')
#2 /home/pharffbh/public_html/cbt_app/admin/system/View/View.php(217): CodeIgniter\View\View->CodeIgniter\View\{closure}()
#3 /home/pharffbh/public_html/cbt_app/admin/system/View/View.php(432): CodeIgniter\View\View->render('includes/top_ba...', NULL, true)
#4 /home/pharffbh/public_html/cbt_app/admin/app/Views/examinations/view_examination.php(72): CodeIgniter\View\View->include('includes/top_ba...')
#5 /home/pharffbh/public_html/cbt_app/admin/system/View/View.php(214): include('/home/pharffbh/...')
#6 /home/pharffbh/public_html/cbt_app/admin/system/View/View.php(217): CodeIgniter\View\View->CodeIgniter\View\{closure}()
#7 /home/pharffbh/public_html/cbt_app/admin/system/Common.php(1097): CodeIgniter\View\View->render('examinations/vi...', Array, true)
#8 /home/pharffbh/public_html/cbt_app/admin/app/Controllers/Examinations.php(168): view('examinations/vi...', Array)
#9 /home/pharffbh/public_html/cbt_app/admin/system/CodeIgniter.php(824): App\Controllers\Examinations->view_examination('970LDG5')
#10 /home/pharffbh/public_html/cbt_app/admin/system/CodeIgniter.php(410): CodeIgniter\CodeIgniter->runController(Object(App\Controllers\Examinations))
#11 /home/pharffbh/public_html/cbt_app/admin/system/CodeIgniter.php(318): CodeIgniter\CodeIgniter->handleRequest(NULL, Object(Config\Cache), false)
#12 /home/pharffbh/public_html/cbt_app/admin/index.php(37): CodeIgniter\CodeIgniter->run()
#13 {main}
ERROR - 2021-12-12 06:51:20 --> Duplicate entry '0' for key 'PRIMARY'
CRITICAL - 2021-12-12 06:51:20 --> Duplicate entry '0' for key 'PRIMARY'
#0 /home/pharffbh/public_html/cbt_app/admin/system/Database/MySQLi/Connection.php(292): mysqli->query('INSERT INTO `ex...', 0)
#1 /home/pharffbh/public_html/cbt_app/admin/system/Database/BaseConnection.php(670): CodeIgniter\Database\MySQLi\Connection->execute('INSERT INTO `ex...')
#2 /home/pharffbh/public_html/cbt_app/admin/system/Database/BaseConnection.php(598): CodeIgniter\Database\BaseConnection->simpleQuery('INSERT INTO `ex...')
#3 /home/pharffbh/public_html/cbt_app/admin/system/Database/BaseBuilder.php(1759): CodeIgniter\Database\BaseConnection->query('INSERT INTO `ex...', Array, false)
#4 /home/pharffbh/public_html/cbt_app/admin/app/Models/Examination_model.php(95): CodeIgniter\Database\BaseBuilder->insert(Array)
#5 /home/pharffbh/public_html/cbt_app/admin/app/Controllers/Examinations.php(244): App\Models\Examination_model->add_candidate(Array)
#6 /home/pharffbh/public_html/cbt_app/admin/app/Controllers/Examinations.php(230): App\Controllers\Examinations->assign_candidate('IJUL50K', '970LDG5')
#7 /home/pharffbh/public_html/cbt_app/admin/system/CodeIgniter.php(824): App\Controllers\Examinations->push_candidate()
#8 /home/pharffbh/public_html/cbt_app/admin/system/CodeIgniter.php(410): CodeIgniter\CodeIgniter->runController(Object(App\Controllers\Examinations))
#9 /home/pharffbh/public_html/cbt_app/admin/system/CodeIgniter.php(318): CodeIgniter\CodeIgniter->handleRequest(NULL, Object(Config\Cache), false)
#10 /home/pharffbh/public_html/cbt_app/admin/index.php(37): CodeIgniter\CodeIgniter->run()
#11 {main}
ERROR - 2021-12-12 06:55:35 --> Duplicate entry '0' for key 'PRIMARY'
CRITICAL - 2021-12-12 06:55:35 --> Duplicate entry '0' for key 'PRIMARY'
#0 /home/pharffbh/public_html/cbt_app/admin/system/Database/MySQLi/Connection.php(292): mysqli->query('INSERT INTO `ex...', 0)
#1 /home/pharffbh/public_html/cbt_app/admin/system/Database/BaseConnection.php(670): CodeIgniter\Database\MySQLi\Connection->execute('INSERT INTO `ex...')
#2 /home/pharffbh/public_html/cbt_app/admin/system/Database/BaseConnection.php(598): CodeIgniter\Database\BaseConnection->simpleQuery('INSERT INTO `ex...')
#3 /home/pharffbh/public_html/cbt_app/admin/system/Database/BaseBuilder.php(1759): CodeIgniter\Database\BaseConnection->query('INSERT INTO `ex...', Array, false)
#4 /home/pharffbh/public_html/cbt_app/admin/app/Models/Examination_model.php(95): CodeIgniter\Database\BaseBuilder->insert(Array)
#5 /home/pharffbh/public_html/cbt_app/admin/app/Controllers/Examinations.php(244): App\Models\Examination_model->add_candidate(Array)
#6 /home/pharffbh/public_html/cbt_app/admin/app/Controllers/Examinations.php(230): App\Controllers\Examinations->assign_candidate('IJUL50K', '970LDG5')
#7 /home/pharffbh/public_html/cbt_app/admin/system/CodeIgniter.php(824): App\Controllers\Examinations->push_candidate()
#8 /home/pharffbh/public_html/cbt_app/admin/system/CodeIgniter.php(410): CodeIgniter\CodeIgniter->runController(Object(App\Controllers\Examinations))
#9 /home/pharffbh/public_html/cbt_app/admin/system/CodeIgniter.php(318): CodeIgniter\CodeIgniter->handleRequest(NULL, Object(Config\Cache), false)
#10 /home/pharffbh/public_html/cbt_app/admin/index.php(37): CodeIgniter\CodeIgniter->run()
#11 {main}
ERROR - 2021-12-12 06:58:39 --> Duplicate entry '0' for key 'PRIMARY'
CRITICAL - 2021-12-12 06:58:39 --> Duplicate entry '0' for key 'PRIMARY'
#0 /home/pharffbh/public_html/cbt_app/admin/system/Database/MySQLi/Connection.php(292): mysqli->query('INSERT INTO `ex...', 0)
#1 /home/pharffbh/public_html/cbt_app/admin/system/Database/BaseConnection.php(670): CodeIgniter\Database\MySQLi\Connection->execute('INSERT INTO `ex...')
#2 /home/pharffbh/public_html/cbt_app/admin/system/Database/BaseConnection.php(598): CodeIgniter\Database\BaseConnection->simpleQuery('INSERT INTO `ex...')
#3 /home/pharffbh/public_html/cbt_app/admin/system/Database/BaseBuilder.php(1759): CodeIgniter\Database\BaseConnection->query('INSERT INTO `ex...', Array, false)
#4 /home/pharffbh/public_html/cbt_app/admin/app/Models/Examination_model.php(95): CodeIgniter\Database\BaseBuilder->insert(Array)
#5 /home/pharffbh/public_html/cbt_app/admin/app/Controllers/Examinations.php(244): App\Models\Examination_model->add_candidate(Array)
#6 /home/pharffbh/public_html/cbt_app/admin/app/Controllers/Examinations.php(230): App\Controllers\Examinations->assign_candidate('VQDQOVGR0F', '970LDG5')
#7 /home/pharffbh/public_html/cbt_app/admin/system/CodeIgniter.php(824): App\Controllers\Examinations->push_candidate()
#8 /home/pharffbh/public_html/cbt_app/admin/system/CodeIgniter.php(410): CodeIgniter\CodeIgniter->runController(Object(App\Controllers\Examinations))
#9 /home/pharffbh/public_html/cbt_app/admin/system/CodeIgniter.php(318): CodeIgniter\CodeIgniter->handleRequest(NULL, Object(Config\Cache), false)
#10 /home/pharffbh/public_html/cbt_app/admin/index.php(37): CodeIgniter\CodeIgniter->run()
#11 {main}
ERROR - 2021-12-12 06:59:15 --> Duplicate entry '0' for key 'PRIMARY'
CRITICAL - 2021-12-12 06:59:15 --> Duplicate entry '0' for key 'PRIMARY'
#0 /home/pharffbh/public_html/cbt_app/admin/system/Database/MySQLi/Connection.php(292): mysqli->query('INSERT INTO `ex...', 0)
#1 /home/pharffbh/public_html/cbt_app/admin/system/Database/BaseConnection.php(670): CodeIgniter\Database\MySQLi\Connection->execute('INSERT INTO `ex...')
#2 /home/pharffbh/public_html/cbt_app/admin/system/Database/BaseConnection.php(598): CodeIgniter\Database\BaseConnection->simpleQuery('INSERT INTO `ex...')
#3 /home/pharffbh/public_html/cbt_app/admin/system/Database/BaseBuilder.php(1759): CodeIgniter\Database\BaseConnection->query('INSERT INTO `ex...', Array, false)
#4 /home/pharffbh/public_html/cbt_app/admin/app/Models/Examination_model.php(95): CodeIgniter\Database\BaseBuilder->insert(Array)
#5 /home/pharffbh/public_html/cbt_app/admin/app/Controllers/Examinations.php(244): App\Models\Examination_model->add_candidate(Array)
#6 /home/pharffbh/public_html/cbt_app/admin/app/Controllers/Examinations.php(230): App\Controllers\Examinations->assign_candidate('MSZM1YG', '970LDG5')
#7 /home/pharffbh/public_html/cbt_app/admin/system/CodeIgniter.php(824): App\Controllers\Examinations->push_candidate()
#8 /home/pharffbh/public_html/cbt_app/admin/system/CodeIgniter.php(410): CodeIgniter\CodeIgniter->runController(Object(App\Controllers\Examinations))
#9 /home/pharffbh/public_html/cbt_app/admin/system/CodeIgniter.php(318): CodeIgniter\CodeIgniter->handleRequest(NULL, Object(Config\Cache), false)
#10 /home/pharffbh/public_html/cbt_app/admin/index.php(37): CodeIgniter\CodeIgniter->run()
#11 {main}
CRITICAL - 2021-12-12 07:09:21 --> Undefined index: cbt_admin_session
#0 /home/pharffbh/public_html/cbt_app/admin/app/Views/includes/top_bar.php(25): CodeIgniter\Debug\Exceptions->errorHandler(8, 'Undefined index...', '/home/pharffbh/...', 25, Array)
#1 /home/pharffbh/public_html/cbt_app/admin/system/View/View.php(214): include('/home/pharffbh/...')
#2 /home/pharffbh/public_html/cbt_app/admin/system/View/View.php(217): CodeIgniter\View\View->CodeIgniter\View\{closure}()
#3 /home/pharffbh/public_html/cbt_app/admin/system/View/View.php(432): CodeIgniter\View\View->render('includes/top_ba...', NULL, true)
#4 /home/pharffbh/public_html/cbt_app/admin/app/Views/dashboard.php(34): CodeIgniter\View\View->include('includes/top_ba...')
#5 /home/pharffbh/public_html/cbt_app/admin/system/View/View.php(214): include('/home/pharffbh/...')
#6 /home/pharffbh/public_html/cbt_app/admin/system/View/View.php(217): CodeIgniter\View\View->CodeIgniter\View\{closure}()
#7 /home/pharffbh/public_html/cbt_app/admin/system/Common.php(1097): CodeIgniter\View\View->render('dashboard', Array, true)
#8 /home/pharffbh/public_html/cbt_app/admin/app/Controllers/Dashboard.php(9): view('dashboard')
#9 /home/pharffbh/public_html/cbt_app/admin/system/CodeIgniter.php(824): App\Controllers\Dashboard->index()
#10 /home/pharffbh/public_html/cbt_app/admin/system/CodeIgniter.php(410): CodeIgniter\CodeIgniter->runController(Object(App\Controllers\Dashboard))
#11 /home/pharffbh/public_html/cbt_app/admin/system/CodeIgniter.php(318): CodeIgniter\CodeIgniter->handleRequest(NULL, Object(Config\Cache), false)
#12 /home/pharffbh/public_html/cbt_app/admin/index.php(37): CodeIgniter\CodeIgniter->run()
#13 {main}
CRITICAL - 2021-12-12 10:51:57 --> Undefined index: cbt_admin_session
#0 /home/pharffbh/public_html/cbt_app/admin/app/Views/includes/top_bar.php(25): CodeIgniter\Debug\Exceptions->errorHandler(8, 'Undefined index...', '/home/pharffbh/...', 25, Array)
#1 /home/pharffbh/public_html/cbt_app/admin/system/View/View.php(214): include('/home/pharffbh/...')
#2 /home/pharffbh/public_html/cbt_app/admin/system/View/View.php(217): CodeIgniter\View\View->CodeIgniter\View\{closure}()
#3 /home/pharffbh/public_html/cbt_app/admin/system/View/View.php(432): CodeIgniter\View\View->render('includes/top_ba...', NULL, true)
#4 /home/pharffbh/public_html/cbt_app/admin/app/Views/examinations/view_examination.php(72): CodeIgniter\View\View->include('includes/top_ba...')
#5 /home/pharffbh/public_html/cbt_app/admin/system/View/View.php(214): include('/home/pharffbh/...')
#6 /home/pharffbh/public_html/cbt_app/admin/system/View/View.php(217): CodeIgniter\View\View->CodeIgniter\View\{closure}()
#7 /home/pharffbh/public_html/cbt_app/admin/system/Common.php(1097): CodeIgniter\View\View->render('examinations/vi...', Array, true)
#8 /home/pharffbh/public_html/cbt_app/admin/app/Controllers/Examinations.php(168): view('examinations/vi...', Array)
#9 /home/pharffbh/public_html/cbt_app/admin/system/CodeIgniter.php(824): App\Controllers\Examinations->view_examination('970LDG5')
#10 /home/pharffbh/public_html/cbt_app/admin/system/CodeIgniter.php(410): CodeIgniter\CodeIgniter->runController(Object(App\Controllers\Examinations))
#11 /home/pharffbh/public_html/cbt_app/admin/system/CodeIgniter.php(318): CodeIgniter\CodeIgniter->handleRequest(NULL, Object(Config\Cache), false)
#12 /home/pharffbh/public_html/cbt_app/admin/index.php(37): CodeIgniter\CodeIgniter->run()
#13 {main}
CRITICAL - 2021-12-12 11:58:39 --> Undefined index: cbt_admin_session
#0 /home/pharffbh/public_html/cbt_app/admin/app/Views/includes/top_bar.php(25): CodeIgniter\Debug\Exceptions->errorHandler(8, 'Undefined index...', '/home/pharffbh/...', 25, Array)
#1 /home/pharffbh/public_html/cbt_app/admin/system/View/View.php(214): include('/home/pharffbh/...')
#2 /home/pharffbh/public_html/cbt_app/admin/system/View/View.php(217): CodeIgniter\View\View->CodeIgniter\View\{closure}()
#3 /home/pharffbh/public_html/cbt_app/admin/system/View/View.php(432): CodeIgniter\View\View->render('includes/top_ba...', NULL, true)
#4 /home/pharffbh/public_html/cbt_app/admin/app/Views/dashboard.php(34): CodeIgniter\View\View->include('includes/top_ba...')
#5 /home/pharffbh/public_html/cbt_app/admin/system/View/View.php(214): include('/home/pharffbh/...')
#6 /home/pharffbh/public_html/cbt_app/admin/system/View/View.php(217): CodeIgniter\View\View->CodeIgniter\View\{closure}()
#7 /home/pharffbh/public_html/cbt_app/admin/system/Common.php(1097): CodeIgniter\View\View->render('dashboard', Array, true)
#8 /home/pharffbh/public_html/cbt_app/admin/app/Controllers/Dashboard.php(9): view('dashboard')
#9 /home/pharffbh/public_html/cbt_app/admin/system/CodeIgniter.php(824): App\Controllers\Dashboard->index()
#10 /home/pharffbh/public_html/cbt_app/admin/system/CodeIgniter.php(410): CodeIgniter\CodeIgniter->runController(Object(App\Controllers\Dashboard))
#11 /home/pharffbh/public_html/cbt_app/admin/system/CodeIgniter.php(318): CodeIgniter\CodeIgniter->handleRequest(NULL, Object(Config\Cache), false)
#12 /home/pharffbh/public_html/cbt_app/admin/index.php(37): CodeIgniter\CodeIgniter->run()
#13 {main}
CRITICAL - 2021-12-12 12:50:31 --> Undefined index: question_id
#0 /home/pharffbh/public_html/cbt_app/admin/app/Controllers/Questions.php(114): CodeIgniter\Debug\Exceptions->errorHandler(8, 'Undefined index...', '/home/pharffbh/...', 114, Array)
#1 /home/pharffbh/public_html/cbt_app/admin/system/CodeIgniter.php(824): App\Controllers\Questions->delete_question()
#2 /home/pharffbh/public_html/cbt_app/admin/system/CodeIgniter.php(410): CodeIgniter\CodeIgniter->runController(Object(App\Controllers\Questions))
#3 /home/pharffbh/public_html/cbt_app/admin/system/CodeIgniter.php(318): CodeIgniter\CodeIgniter->handleRequest(NULL, Object(Config\Cache), false)
#4 /home/pharffbh/public_html/cbt_app/admin/index.php(37): CodeIgniter\CodeIgniter->run()
#5 {main}
ERROR - 2021-12-12 13:03:46 --> You have an error in your SQL syntax; check the manual that corresponds to your MariaDB server version for the right syntax to use near ')
WHERE `questions_examinations_tb`.`exam_id` = 'YRVAL7E'' at line 4
CRITICAL - 2021-12-12 13:03:46 --> You have an error in your SQL syntax; check the manual that corresponds to your MariaDB server version for the right syntax to use near ')
WHERE `questions_examinations_tb`.`exam_id` = 'YRVAL7E'' at line 4
#0 /home/pharffbh/public_html/cbt_app/admin/system/Database/MySQLi/Connection.php(292): mysqli->query('SELECT *\nFROM `...', 0)
#1 /home/pharffbh/public_html/cbt_app/admin/system/Database/BaseConnection.php(670): CodeIgniter\Database\MySQLi\Connection->execute('SELECT *\nFROM `...')
#2 /home/pharffbh/public_html/cbt_app/admin/system/Database/BaseConnection.php(598): CodeIgniter\Database\BaseConnection->simpleQuery('SELECT *\nFROM `...')
#3 /home/pharffbh/public_html/cbt_app/admin/system/Database/BaseBuilder.php(1443): CodeIgniter\Database\BaseConnection->query('SELECT *\nFROM `...', Array, false)
#4 /home/pharffbh/public_html/cbt_app/admin/app/Models/Base_model.php(26): CodeIgniter\Database\BaseBuilder->get()
#5 /home/pharffbh/public_html/cbt_app/admin/app/Controllers/Examinations.php(146): App\Models\Base_model->get_with_join_b('questions_exami...', 'questions_tb', 'examinations_tb', Array, 'questions_tb.qu...', '')
#6 /home/pharffbh/public_html/cbt_app/admin/system/CodeIgniter.php(824): App\Controllers\Examinations->view_examination('YRVAL7E')
#7 /home/pharffbh/public_html/cbt_app/admin/system/CodeIgniter.php(410): CodeIgniter\CodeIgniter->runController(Object(App\Controllers\Examinations))
#8 /home/pharffbh/public_html/cbt_app/admin/system/CodeIgniter.php(318): CodeIgniter\CodeIgniter->handleRequest(NULL, Object(Config\Cache), false)
#9 /home/pharffbh/public_html/cbt_app/admin/index.php(37): CodeIgniter\CodeIgniter->run()
#10 {main}
