ERROR - 2022-01-17 10:22:04 --> Error connecting to the database: Access denied for user '****'@'localhost' (using password: NO)
CRITICAL - 2022-01-17 10:22:04 --> Unable to connect to the database.
Main connection [MySQLi]: Access denied for user '****'@'localhost' (using password: NO)
#0 /home/ramauaib/qodesquare.com/questa/admin/system/Database/BaseConnection.php(577): CodeIgniter\Database\BaseConnection->initialize()
#1 /home/ramauaib/qodesquare.com/questa/admin/system/Database/BaseBuilder.php(1443): CodeIgniter\Database\BaseConnection->query('SELECT *\nFROM `...', Array, false)
#2 /home/ramauaib/qodesquare.com/questa/admin/app/Models/Base_model.php(26): CodeIgniter\Database\BaseBuilder->get()
#3 /home/ramauaib/qodesquare.com/questa/admin/app/Controllers/Dashboard.php(20): App\Models\Base_model->get_with_join_b('examinations_tb', 'classes_tb', 'subjects_tb', Array, 'examinations_tb...', 'examinations_tb...')
#4 /home/ramauaib/qodesquare.com/questa/admin/system/CodeIgniter.php(824): App\Controllers\Dashboard->index()
#5 /home/ramauaib/qodesquare.com/questa/admin/system/CodeIgniter.php(410): CodeIgniter\CodeIgniter->runController(Object(App\Controllers\Dashboard))
#6 /home/ramauaib/qodesquare.com/questa/admin/system/CodeIgniter.php(318): CodeIgniter\CodeIgniter->handleRequest(NULL, Object(Config\Cache), false)
#7 /home/ramauaib/qodesquare.com/questa/admin/index.php(37): CodeIgniter\CodeIgniter->run()
#8 {main}
ERROR - 2022-01-17 10:22:13 --> Error connecting to the database: Access denied for user '****'@'localhost' (using password: NO)
CRITICAL - 2022-01-17 10:22:13 --> Unable to connect to the database.
Main connection [MySQLi]: Access denied for user '****'@'localhost' (using password: NO)
#0 /home/ramauaib/qodesquare.com/questa/admin/system/Database/BaseConnection.php(577): CodeIgniter\Database\BaseConnection->initialize()
#1 /home/ramauaib/qodesquare.com/questa/admin/system/Database/BaseBuilder.php(1576): CodeIgniter\Database\BaseConnection->query('SELECT *\nFROM `...', Array, false)
#2 /home/ramauaib/qodesquare.com/questa/admin/system/Model.php(723): CodeIgniter\Database\BaseBuilder->getWhere(Array)
#3 /home/ramauaib/qodesquare.com/questa/admin/app/Models/User_model.php(16): CodeIgniter\Model->__call('getWhere', Array)
#4 /home/ramauaib/qodesquare.com/questa/admin/app/Controllers/Auth.php(66): App\Models\User_model->get_user(Array)
#5 /home/ramauaib/qodesquare.com/questa/admin/system/CodeIgniter.php(824): App\Controllers\Auth->sign_in()
#6 /home/ramauaib/qodesquare.com/questa/admin/system/CodeIgniter.php(410): CodeIgniter\CodeIgniter->runController(Object(App\Controllers\Auth))
#7 /home/ramauaib/qodesquare.com/questa/admin/system/CodeIgniter.php(318): CodeIgniter\CodeIgniter->handleRequest(NULL, Object(Config\Cache), false)
#8 /home/ramauaib/qodesquare.com/questa/admin/index.php(37): CodeIgniter\CodeIgniter->run()
#9 {main}
ERROR - 2022-01-17 10:22:32 --> Table 'ramauaib_questa_db.users_tb' doesn't exist
CRITICAL - 2022-01-17 10:22:32 --> Table 'ramauaib_questa_db.users_tb' doesn't exist
#0 /home/ramauaib/qodesquare.com/questa/admin/system/Database/MySQLi/Connection.php(292): mysqli->query('SELECT *\nFROM `...', 0)
#1 /home/ramauaib/qodesquare.com/questa/admin/system/Database/BaseConnection.php(670): CodeIgniter\Database\MySQLi\Connection->execute('SELECT *\nFROM `...')
#2 /home/ramauaib/qodesquare.com/questa/admin/system/Database/BaseConnection.php(598): CodeIgniter\Database\BaseConnection->simpleQuery('SELECT *\nFROM `...')
#3 /home/ramauaib/qodesquare.com/questa/admin/system/Database/BaseBuilder.php(1576): CodeIgniter\Database\BaseConnection->query('SELECT *\nFROM `...', Array, false)
#4 /home/ramauaib/qodesquare.com/questa/admin/system/Model.php(723): CodeIgniter\Database\BaseBuilder->getWhere(Array)
#5 /home/ramauaib/qodesquare.com/questa/admin/app/Models/User_model.php(16): CodeIgniter\Model->__call('getWhere', Array)
#6 /home/ramauaib/qodesquare.com/questa/admin/app/Controllers/Auth.php(66): App\Models\User_model->get_user(Array)
#7 /home/ramauaib/qodesquare.com/questa/admin/system/CodeIgniter.php(824): App\Controllers\Auth->sign_in()
#8 /home/ramauaib/qodesquare.com/questa/admin/system/CodeIgniter.php(410): CodeIgniter\CodeIgniter->runController(Object(App\Controllers\Auth))
#9 /home/ramauaib/qodesquare.com/questa/admin/system/CodeIgniter.php(318): CodeIgniter\CodeIgniter->handleRequest(NULL, Object(Config\Cache), false)
#10 /home/ramauaib/qodesquare.com/questa/admin/index.php(37): CodeIgniter\CodeIgniter->run()
#11 {main}
