CRITICAL - 2022-05-28 13:11:24 --> Undefined array key "cbt_admin_session"
#0 D:\xampp\htdocs\questa_app\admin\app\Controllers\Examinations.php(443): CodeIgniter\Debug\Exceptions->errorHandler(2, 'Undefined array...', 'D:\\xampp\\htdocs...', 443)
#1 D:\xampp\htdocs\questa_app\admin\system\CodeIgniter.php(824): App\Controllers\Examinations->collations()
#2 D:\xampp\htdocs\questa_app\admin\system\CodeIgniter.php(410): CodeIgniter\CodeIgniter->runController(Object(App\Controllers\Examinations))
#3 D:\xampp\htdocs\questa_app\admin\system\CodeIgniter.php(318): CodeIgniter\CodeIgniter->handleRequest(NULL, Object(Config\Cache), false)
#4 D:\xampp\htdocs\questa_app\admin\index.php(37): CodeIgniter\CodeIgniter->run()
#5 {main}
CRITICAL - 2022-05-28 13:25:55 --> syntax error, unexpected identifier "view_collation", expecting variable
#0 D:\xampp\htdocs\questa_app\admin\system\Router\Router.php(176): CodeIgniter\Router\Router->autoRoute('examinations/co...')
#1 D:\xampp\htdocs\questa_app\admin\system\CodeIgniter.php(718): CodeIgniter\Router\Router->handle('examinations/co...')
#2 D:\xampp\htdocs\questa_app\admin\system\CodeIgniter.php(359): CodeIgniter\CodeIgniter->tryToRouteIt(Object(CodeIgniter\Router\RouteCollection))
#3 D:\xampp\htdocs\questa_app\admin\system\CodeIgniter.php(318): CodeIgniter\CodeIgniter->handleRequest(NULL, Object(Config\Cache), false)
#4 D:\xampp\htdocs\questa_app\admin\index.php(37): CodeIgniter\CodeIgniter->run()
#5 {main}
CRITICAL - 2022-05-28 15:41:59 --> Cannot redeclare App\Models\Collation_model::$table
#0 [internal function]: CodeIgniter\Debug\Exceptions->shutdownHandler()
#1 {main}
ERROR - 2022-05-28 15:42:28 --> Unknown column 'examinations_tb.class_id' in 'on clause'
CRITICAL - 2022-05-28 15:42:28 --> Unknown column 'examinations_tb.class_id' in 'on clause'
#0 D:\xampp\htdocs\questa_app\admin\system\Database\MySQLi\Connection.php(292): mysqli->query('SELECT *\nFROM `...', 0)
#1 D:\xampp\htdocs\questa_app\admin\system\Database\BaseConnection.php(670): CodeIgniter\Database\MySQLi\Connection->execute('SELECT *\nFROM `...')
#2 D:\xampp\htdocs\questa_app\admin\system\Database\BaseConnection.php(598): CodeIgniter\Database\BaseConnection->simpleQuery('SELECT *\nFROM `...')
#3 D:\xampp\htdocs\questa_app\admin\system\Database\BaseBuilder.php(1443): CodeIgniter\Database\BaseConnection->query('SELECT *\nFROM `...', Array, false)
#4 D:\xampp\htdocs\questa_app\admin\app\Models\Base_model.php(39): CodeIgniter\Database\BaseBuilder->get()
#5 D:\xampp\htdocs\questa_app\admin\app\Controllers\Examinations.php(565): App\Models\Base_model->get_with_join_c('examinations_co...', 'examinations_tb', 'classes_tb', 'subjects_tb', Array, 'examinations_co...', 'examinations_tb...', 'examinations_tb...')
#6 D:\xampp\htdocs\questa_app\admin\system\CodeIgniter.php(824): App\Controllers\Examinations->view_collation('CL_1GUMOF7808')
#7 D:\xampp\htdocs\questa_app\admin\system\CodeIgniter.php(410): CodeIgniter\CodeIgniter->runController(Object(App\Controllers\Examinations))
#8 D:\xampp\htdocs\questa_app\admin\system\CodeIgniter.php(318): CodeIgniter\CodeIgniter->handleRequest(NULL, Object(Config\Cache), false)
#9 D:\xampp\htdocs\questa_app\admin\index.php(37): CodeIgniter\CodeIgniter->run()
#10 {main}
ERROR - 2022-05-28 15:42:53 --> Unknown column 'examinations_tb.subject_id' in 'on clause'
CRITICAL - 2022-05-28 15:42:53 --> Unknown column 'examinations_tb.subject_id' in 'on clause'
#0 D:\xampp\htdocs\questa_app\admin\system\Database\MySQLi\Connection.php(292): mysqli->query('SELECT *\nFROM `...', 0)
#1 D:\xampp\htdocs\questa_app\admin\system\Database\BaseConnection.php(670): CodeIgniter\Database\MySQLi\Connection->execute('SELECT *\nFROM `...')
#2 D:\xampp\htdocs\questa_app\admin\system\Database\BaseConnection.php(598): CodeIgniter\Database\BaseConnection->simpleQuery('SELECT *\nFROM `...')
#3 D:\xampp\htdocs\questa_app\admin\system\Database\BaseBuilder.php(1443): CodeIgniter\Database\BaseConnection->query('SELECT *\nFROM `...', Array, false)
#4 D:\xampp\htdocs\questa_app\admin\app\Models\Base_model.php(39): CodeIgniter\Database\BaseBuilder->get()
#5 D:\xampp\htdocs\questa_app\admin\app\Controllers\Examinations.php(565): App\Models\Base_model->get_with_join_c('examinations_co...', 'examinations_tb', 'classes_tb', 'subjects_tb', Array, 'examinations_co...', 'examinations_tb...', 'examinations_tb...')
#6 D:\xampp\htdocs\questa_app\admin\system\CodeIgniter.php(824): App\Controllers\Examinations->view_collation('CL_1GUMOF7808')
#7 D:\xampp\htdocs\questa_app\admin\system\CodeIgniter.php(410): CodeIgniter\CodeIgniter->runController(Object(App\Controllers\Examinations))
#8 D:\xampp\htdocs\questa_app\admin\system\CodeIgniter.php(318): CodeIgniter\CodeIgniter->handleRequest(NULL, Object(Config\Cache), false)
#9 D:\xampp\htdocs\questa_app\admin\index.php(37): CodeIgniter\CodeIgniter->run()
#10 {main}
CRITICAL - 2022-05-28 15:57:23 --> Undefined array key "cbt_admin_session"
#0 D:\xampp\htdocs\questa_app\admin\app\Controllers\Examinations.php(562): CodeIgniter\Debug\Exceptions->errorHandler(2, 'Undefined array...', 'D:\\xampp\\htdocs...', 562)
#1 D:\xampp\htdocs\questa_app\admin\system\CodeIgniter.php(824): App\Controllers\Examinations->view_collation('CL_1GUMOF7808')
#2 D:\xampp\htdocs\questa_app\admin\system\CodeIgniter.php(410): CodeIgniter\CodeIgniter->runController(Object(App\Controllers\Examinations))
#3 D:\xampp\htdocs\questa_app\admin\system\CodeIgniter.php(318): CodeIgniter\CodeIgniter->handleRequest(NULL, Object(Config\Cache), false)
#4 D:\xampp\htdocs\questa_app\admin\index.php(37): CodeIgniter\CodeIgniter->run()
#5 {main}
CRITICAL - 2022-05-28 16:49:26 --> syntax error, unexpected token ";"
#0 D:\xampp\htdocs\questa_app\admin\system\View\View.php(217): CodeIgniter\View\View->CodeIgniter\View\{closure}()
#1 D:\xampp\htdocs\questa_app\admin\system\Common.php(1097): CodeIgniter\View\View->render('examinations/vi...', Array, true)
#2 D:\xampp\htdocs\questa_app\admin\app\Controllers\Examinations.php(573): view('examinations/vi...', Array)
#3 D:\xampp\htdocs\questa_app\admin\system\CodeIgniter.php(824): App\Controllers\Examinations->view_collation('CL_CXUYWKVQGO')
#4 D:\xampp\htdocs\questa_app\admin\system\CodeIgniter.php(410): CodeIgniter\CodeIgniter->runController(Object(App\Controllers\Examinations))
#5 D:\xampp\htdocs\questa_app\admin\system\CodeIgniter.php(318): CodeIgniter\CodeIgniter->handleRequest(NULL, Object(Config\Cache), false)
#6 D:\xampp\htdocs\questa_app\admin\index.php(37): CodeIgniter\CodeIgniter->run()
#7 {main}
CRITICAL - 2022-05-28 17:41:18 --> Undefined array key "exams"
#0 D:\xampp\htdocs\questa_app\admin\app\Controllers\Examinations.php(558): CodeIgniter\Debug\Exceptions->errorHandler(2, 'Undefined array...', 'D:\\xampp\\htdocs...', 558)
#1 D:\xampp\htdocs\questa_app\admin\system\CodeIgniter.php(824): App\Controllers\Examinations->assign_exams()
#2 D:\xampp\htdocs\questa_app\admin\system\CodeIgniter.php(410): CodeIgniter\CodeIgniter->runController(Object(App\Controllers\Examinations))
#3 D:\xampp\htdocs\questa_app\admin\system\CodeIgniter.php(318): CodeIgniter\CodeIgniter->handleRequest(NULL, Object(Config\Cache), false)
#4 D:\xampp\htdocs\questa_app\admin\index.php(37): CodeIgniter\CodeIgniter->run()
#5 {main}
ERROR - 2022-05-28 17:41:27 --> Unknown column 'examinations_id' in 'field list'
CRITICAL - 2022-05-28 17:41:27 --> Unknown column 'examinations_id' in 'field list'
#0 D:\xampp\htdocs\questa_app\admin\system\Database\MySQLi\Connection.php(292): mysqli->query('INSERT INTO `ex...', 0)
#1 D:\xampp\htdocs\questa_app\admin\system\Database\BaseConnection.php(670): CodeIgniter\Database\MySQLi\Connection->execute('INSERT INTO `ex...')
#2 D:\xampp\htdocs\questa_app\admin\system\Database\BaseConnection.php(598): CodeIgniter\Database\BaseConnection->simpleQuery('INSERT INTO `ex...')
#3 D:\xampp\htdocs\questa_app\admin\system\Database\BaseBuilder.php(1759): CodeIgniter\Database\BaseConnection->query('INSERT INTO `ex...', Array, false)
#4 D:\xampp\htdocs\questa_app\admin\app\Models\Collation_model.php(59): CodeIgniter\Database\BaseBuilder->insert(Array)
#5 D:\xampp\htdocs\questa_app\admin\app\Controllers\Examinations.php(569): App\Models\Collation_model->add_assigned(Array)
#6 D:\xampp\htdocs\questa_app\admin\system\CodeIgniter.php(824): App\Controllers\Examinations->assign_exams()
#7 D:\xampp\htdocs\questa_app\admin\system\CodeIgniter.php(410): CodeIgniter\CodeIgniter->runController(Object(App\Controllers\Examinations))
#8 D:\xampp\htdocs\questa_app\admin\system\CodeIgniter.php(318): CodeIgniter\CodeIgniter->handleRequest(NULL, Object(Config\Cache), false)
#9 D:\xampp\htdocs\questa_app\admin\index.php(37): CodeIgniter\CodeIgniter->run()
#10 {main}
CRITICAL - 2022-05-28 17:41:49 --> Undefined array key "exams"
#0 D:\xampp\htdocs\questa_app\admin\app\Controllers\Examinations.php(558): CodeIgniter\Debug\Exceptions->errorHandler(2, 'Undefined array...', 'D:\\xampp\\htdocs...', 558)
#1 D:\xampp\htdocs\questa_app\admin\system\CodeIgniter.php(824): App\Controllers\Examinations->assign_exams()
#2 D:\xampp\htdocs\questa_app\admin\system\CodeIgniter.php(410): CodeIgniter\CodeIgniter->runController(Object(App\Controllers\Examinations))
#3 D:\xampp\htdocs\questa_app\admin\system\CodeIgniter.php(318): CodeIgniter\CodeIgniter->handleRequest(NULL, Object(Config\Cache), false)
#4 D:\xampp\htdocs\questa_app\admin\index.php(37): CodeIgniter\CodeIgniter->run()
#5 {main}
CRITICAL - 2022-05-28 17:41:50 --> Undefined array key "exams"
#0 D:\xampp\htdocs\questa_app\admin\app\Controllers\Examinations.php(558): CodeIgniter\Debug\Exceptions->errorHandler(2, 'Undefined array...', 'D:\\xampp\\htdocs...', 558)
#1 D:\xampp\htdocs\questa_app\admin\system\CodeIgniter.php(824): App\Controllers\Examinations->assign_exams()
#2 D:\xampp\htdocs\questa_app\admin\system\CodeIgniter.php(410): CodeIgniter\CodeIgniter->runController(Object(App\Controllers\Examinations))
#3 D:\xampp\htdocs\questa_app\admin\system\CodeIgniter.php(318): CodeIgniter\CodeIgniter->handleRequest(NULL, Object(Config\Cache), false)
#4 D:\xampp\htdocs\questa_app\admin\index.php(37): CodeIgniter\CodeIgniter->run()
#5 {main}
CRITICAL - 2022-05-28 18:16:48 --> syntax error, unexpected token ")", expecting ";"
#0 D:\xampp\htdocs\questa_app\admin\system\Router\Router.php(176): CodeIgniter\Router\Router->autoRoute('examinations/vi...')
#1 D:\xampp\htdocs\questa_app\admin\system\CodeIgniter.php(718): CodeIgniter\Router\Router->handle('examinations/vi...')
#2 D:\xampp\htdocs\questa_app\admin\system\CodeIgniter.php(359): CodeIgniter\CodeIgniter->tryToRouteIt(Object(CodeIgniter\Router\RouteCollection))
#3 D:\xampp\htdocs\questa_app\admin\system\CodeIgniter.php(318): CodeIgniter\CodeIgniter->handleRequest(NULL, Object(Config\Cache), false)
#4 D:\xampp\htdocs\questa_app\admin\index.php(37): CodeIgniter\CodeIgniter->run()
#5 {main}
CRITICAL - 2022-05-28 18:17:07 --> syntax error, unexpected token ")", expecting ";"
#0 D:\xampp\htdocs\questa_app\admin\system\Router\Router.php(176): CodeIgniter\Router\Router->autoRoute('examinations/vi...')
#1 D:\xampp\htdocs\questa_app\admin\system\CodeIgniter.php(718): CodeIgniter\Router\Router->handle('examinations/vi...')
#2 D:\xampp\htdocs\questa_app\admin\system\CodeIgniter.php(359): CodeIgniter\CodeIgniter->tryToRouteIt(Object(CodeIgniter\Router\RouteCollection))
#3 D:\xampp\htdocs\questa_app\admin\system\CodeIgniter.php(318): CodeIgniter\CodeIgniter->handleRequest(NULL, Object(Config\Cache), false)
#4 D:\xampp\htdocs\questa_app\admin\index.php(37): CodeIgniter\CodeIgniter->run()
#5 {main}
CRITICAL - 2022-05-28 18:17:49 --> syntax error, unexpected token "}"
#0 D:\xampp\htdocs\questa_app\admin\system\Router\Router.php(176): CodeIgniter\Router\Router->autoRoute('examinations/vi...')
#1 D:\xampp\htdocs\questa_app\admin\system\CodeIgniter.php(718): CodeIgniter\Router\Router->handle('examinations/vi...')
#2 D:\xampp\htdocs\questa_app\admin\system\CodeIgniter.php(359): CodeIgniter\CodeIgniter->tryToRouteIt(Object(CodeIgniter\Router\RouteCollection))
#3 D:\xampp\htdocs\questa_app\admin\system\CodeIgniter.php(318): CodeIgniter\CodeIgniter->handleRequest(NULL, Object(Config\Cache), false)
#4 D:\xampp\htdocs\questa_app\admin\index.php(37): CodeIgniter\CodeIgniter->run()
#5 {main}
CRITICAL - 2022-05-28 18:21:04 --> Undefined array key 1
#0 D:\xampp\htdocs\questa_app\admin\app\Controllers\Examinations.php(601): CodeIgniter\Debug\Exceptions->errorHandler(2, 'Undefined array...', 'D:\\xampp\\htdocs...', 601)
#1 D:\xampp\htdocs\questa_app\admin\system\CodeIgniter.php(824): App\Controllers\Examinations->view_collation('CL_1GUMOF7808')
#2 D:\xampp\htdocs\questa_app\admin\system\CodeIgniter.php(410): CodeIgniter\CodeIgniter->runController(Object(App\Controllers\Examinations))
#3 D:\xampp\htdocs\questa_app\admin\system\CodeIgniter.php(318): CodeIgniter\CodeIgniter->handleRequest(NULL, Object(Config\Cache), false)
#4 D:\xampp\htdocs\questa_app\admin\index.php(37): CodeIgniter\CodeIgniter->run()
#5 {main}
CRITICAL - 2022-05-28 18:21:52 --> Undefined array key 0
#0 D:\xampp\htdocs\questa_app\admin\app\Controllers\Examinations.php(601): CodeIgniter\Debug\Exceptions->errorHandler(2, 'Undefined array...', 'D:\\xampp\\htdocs...', 601)
#1 D:\xampp\htdocs\questa_app\admin\system\CodeIgniter.php(824): App\Controllers\Examinations->view_collation('CL_1GUMOF7808')
#2 D:\xampp\htdocs\questa_app\admin\system\CodeIgniter.php(410): CodeIgniter\CodeIgniter->runController(Object(App\Controllers\Examinations))
#3 D:\xampp\htdocs\questa_app\admin\system\CodeIgniter.php(318): CodeIgniter\CodeIgniter->handleRequest(NULL, Object(Config\Cache), false)
#4 D:\xampp\htdocs\questa_app\admin\index.php(37): CodeIgniter\CodeIgniter->run()
#5 {main}
CRITICAL - 2022-05-28 18:22:29 --> Undefined array key 0
#0 D:\xampp\htdocs\questa_app\admin\app\Controllers\Examinations.php(601): CodeIgniter\Debug\Exceptions->errorHandler(2, 'Undefined array...', 'D:\\xampp\\htdocs...', 601)
#1 D:\xampp\htdocs\questa_app\admin\system\CodeIgniter.php(824): App\Controllers\Examinations->view_collation('CL_1GUMOF7808')
#2 D:\xampp\htdocs\questa_app\admin\system\CodeIgniter.php(410): CodeIgniter\CodeIgniter->runController(Object(App\Controllers\Examinations))
#3 D:\xampp\htdocs\questa_app\admin\system\CodeIgniter.php(318): CodeIgniter\CodeIgniter->handleRequest(NULL, Object(Config\Cache), false)
#4 D:\xampp\htdocs\questa_app\admin\index.php(37): CodeIgniter\CodeIgniter->run()
#5 {main}
CRITICAL - 2022-05-28 18:23:03 --> syntax error, unexpected token "if"
#0 D:\xampp\htdocs\questa_app\admin\system\Router\Router.php(176): CodeIgniter\Router\Router->autoRoute('examinations/vi...')
#1 D:\xampp\htdocs\questa_app\admin\system\CodeIgniter.php(718): CodeIgniter\Router\Router->handle('examinations/vi...')
#2 D:\xampp\htdocs\questa_app\admin\system\CodeIgniter.php(359): CodeIgniter\CodeIgniter->tryToRouteIt(Object(CodeIgniter\Router\RouteCollection))
#3 D:\xampp\htdocs\questa_app\admin\system\CodeIgniter.php(318): CodeIgniter\CodeIgniter->handleRequest(NULL, Object(Config\Cache), false)
#4 D:\xampp\htdocs\questa_app\admin\index.php(37): CodeIgniter\CodeIgniter->run()
#5 {main}
CRITICAL - 2022-05-28 18:23:12 --> Undefined array key 0
#0 D:\xampp\htdocs\questa_app\admin\app\Controllers\Examinations.php(601): CodeIgniter\Debug\Exceptions->errorHandler(2, 'Undefined array...', 'D:\\xampp\\htdocs...', 601)
#1 D:\xampp\htdocs\questa_app\admin\system\CodeIgniter.php(824): App\Controllers\Examinations->view_collation('CL_1GUMOF7808')
#2 D:\xampp\htdocs\questa_app\admin\system\CodeIgniter.php(410): CodeIgniter\CodeIgniter->runController(Object(App\Controllers\Examinations))
#3 D:\xampp\htdocs\questa_app\admin\system\CodeIgniter.php(318): CodeIgniter\CodeIgniter->handleRequest(NULL, Object(Config\Cache), false)
#4 D:\xampp\htdocs\questa_app\admin\index.php(37): CodeIgniter\CodeIgniter->run()
#5 {main}
CRITICAL - 2022-05-28 18:23:27 --> Undefined array key 1
#0 D:\xampp\htdocs\questa_app\admin\app\Controllers\Examinations.php(601): CodeIgniter\Debug\Exceptions->errorHandler(2, 'Undefined array...', 'D:\\xampp\\htdocs...', 601)
#1 D:\xampp\htdocs\questa_app\admin\system\CodeIgniter.php(824): App\Controllers\Examinations->view_collation('CL_1GUMOF7808')
#2 D:\xampp\htdocs\questa_app\admin\system\CodeIgniter.php(410): CodeIgniter\CodeIgniter->runController(Object(App\Controllers\Examinations))
#3 D:\xampp\htdocs\questa_app\admin\system\CodeIgniter.php(318): CodeIgniter\CodeIgniter->handleRequest(NULL, Object(Config\Cache), false)
#4 D:\xampp\htdocs\questa_app\admin\index.php(37): CodeIgniter\CodeIgniter->run()
#5 {main}
CRITICAL - 2022-05-28 18:23:33 --> Undefined array key 1
#0 D:\xampp\htdocs\questa_app\admin\app\Controllers\Examinations.php(601): CodeIgniter\Debug\Exceptions->errorHandler(2, 'Undefined array...', 'D:\\xampp\\htdocs...', 601)
#1 D:\xampp\htdocs\questa_app\admin\system\CodeIgniter.php(824): App\Controllers\Examinations->view_collation('CL_1GUMOF7808')
#2 D:\xampp\htdocs\questa_app\admin\system\CodeIgniter.php(410): CodeIgniter\CodeIgniter->runController(Object(App\Controllers\Examinations))
#3 D:\xampp\htdocs\questa_app\admin\system\CodeIgniter.php(318): CodeIgniter\CodeIgniter->handleRequest(NULL, Object(Config\Cache), false)
#4 D:\xampp\htdocs\questa_app\admin\index.php(37): CodeIgniter\CodeIgniter->run()
#5 {main}
CRITICAL - 2022-05-28 18:23:55 --> Undefined array key 1
#0 D:\xampp\htdocs\questa_app\admin\app\Controllers\Examinations.php(601): CodeIgniter\Debug\Exceptions->errorHandler(2, 'Undefined array...', 'D:\\xampp\\htdocs...', 601)
#1 D:\xampp\htdocs\questa_app\admin\system\CodeIgniter.php(824): App\Controllers\Examinations->view_collation('CL_1GUMOF7808')
#2 D:\xampp\htdocs\questa_app\admin\system\CodeIgniter.php(410): CodeIgniter\CodeIgniter->runController(Object(App\Controllers\Examinations))
#3 D:\xampp\htdocs\questa_app\admin\system\CodeIgniter.php(318): CodeIgniter\CodeIgniter->handleRequest(NULL, Object(Config\Cache), false)
#4 D:\xampp\htdocs\questa_app\admin\index.php(37): CodeIgniter\CodeIgniter->run()
#5 {main}
CRITICAL - 2022-05-28 18:24:34 --> syntax error, unexpected token "}"
#0 D:\xampp\htdocs\questa_app\admin\system\Router\Router.php(176): CodeIgniter\Router\Router->autoRoute('examinations/vi...')
#1 D:\xampp\htdocs\questa_app\admin\system\CodeIgniter.php(718): CodeIgniter\Router\Router->handle('examinations/vi...')
#2 D:\xampp\htdocs\questa_app\admin\system\CodeIgniter.php(359): CodeIgniter\CodeIgniter->tryToRouteIt(Object(CodeIgniter\Router\RouteCollection))
#3 D:\xampp\htdocs\questa_app\admin\system\CodeIgniter.php(318): CodeIgniter\CodeIgniter->handleRequest(NULL, Object(Config\Cache), false)
#4 D:\xampp\htdocs\questa_app\admin\index.php(37): CodeIgniter\CodeIgniter->run()
#5 {main}
